#
# A fatal error has been detected by the Java Runtime Environment:
#
#  EXCEPTION_ACCESS_VIOLATION (0xc0000005) at pc=0x00007ffa8a16d0d9, pid=9120, tid=1648
#
# JRE version: OpenJDK Runtime Environment (11.0.12+7) (build 11.0.12+7-b1504.28-7817840)
# Java VM: OpenJDK 64-Bit Server VM (11.0.12+7-b1504.28-7817840, mixed mode, tiered, compressed oops, g1 gc, windows-amd64)
# Problematic frame:
# C  [nvoglv64.dll+0xcdd0d9]
#
# No core dump will be written. Minidumps are not enabled by default on client versions of Windows
#
# If you would like to submit a bug report, please visit:
#   https://bugreport.java.com/bugreport/crash.jsp
# The crash happened outside the Java Virtual Machine in native code.
# See problematic frame for where to report the bug.
#

---------------  S U M M A R Y ------------

Command Line: -Dfile.encoding=windows-1251 -Duser.country=RU -Duser.language=ru -Duser.variant com.mygdx.tanks2d.DesktopLauncher_1

Host: AMD Ryzen 5 1600X Six-Core Processor           , 12 cores, 15G,  Windows 10 , 64 bit Build 19041 (10.0.19041.1023)
Time: Thu Nov 10 22:41:59 2022 ќмское стандартное врем€ elapsed time: 5.658744 seconds (0d 0h 0m 5s)

---------------  T H R E A D  ---------------

Current thread (0x0000022d9cc17800):  JavaThread "main" [_thread_in_native, id=1648, stack(0x000000da88500000,0x000000da88600000)]

Stack: [0x000000da88500000,0x000000da88600000],  sp=0x000000da885feb30,  free space=1018k
Native frames: (J=compiled Java code, j=interpreted, Vv=VM code, C=native code)
C  [nvoglv64.dll+0xcdd0d9]

Java frames: (J=compiled Java code, j=interpreted, Vv=VM code)
J 1542  org.lwjgl.opengl.GL11C.nglDrawElements(IIIJ)V (0 bytes) @ 0x0000022da82d079e [0x0000022da82d0740+0x000000000000005e]
J 1549 c1 com.badlogic.gdx.backends.lwjgl3.Lwjgl3GL20.glDrawElements(IIILjava/nio/Buffer;)V (124 bytes) @ 0x0000022da0fab8c4 [0x0000022da0faa280+0x0000000000001644]
J 1509 c1 com.badlogic.gdx.graphics.Mesh.render(Lcom/badlogic/gdx/graphics/glutils/ShaderProgram;IIIZ)V (341 bytes) @ 0x0000022da0f9279c [0x0000022da0f92100+0x000000000000069c]
J 1449 c1 com.badlogic.gdx.graphics.g2d.SpriteBatch.flush()V (193 bytes) @ 0x0000022da0f744ec [0x0000022da0f73560+0x0000000000000f8c]
J 1526 c1 com.badlogic.gdx.graphics.g2d.SpriteBatch.draw(Lcom/badlogic/gdx/graphics/Texture;FFFF)V (279 bytes) @ 0x0000022da0fa005c [0x0000022da0f9fe00+0x000000000000025c]
J 1525 c1 com.badlogic.gdx.graphics.g2d.SpriteBatch.draw(Lcom/badlogic/gdx/graphics/Texture;FF)V (18 bytes) @ 0x0000022da0f9b4b4 [0x0000022da0f9b2e0+0x00000000000001d4]
j  com.mygdx.tanks2d.Screens.MenuScreen.render(F)V+210
j  com.badlogic.gdx.Game.render()V+19
j  com.badlogic.gdx.backends.lwjgl3.Lwjgl3Window.update()Z+187
j  com.badlogic.gdx.backends.lwjgl3.Lwjgl3Application.loop()V+111
j  com.badlogic.gdx.backends.lwjgl3.Lwjgl3Application.<init>(Lcom/badlogic/gdx/ApplicationListener;Lcom/badlogic/gdx/backends/lwjgl3/Lwjgl3ApplicationConfiguration;)V+243
j  com.mygdx.tanks2d.DesktopLauncher_1.main([Ljava/lang/String;)V+43
v  ~StubRoutines::call_stub

siginfo: EXCEPTION_ACCESS_VIOLATION (0xc0000005), reading address 0x0000022dc0513e8a


Register to memory mapping:

RIP=0x00007ffa8a16d0d9 nvoglv64.dll
RAX=0x0000000256c7d821 is an unknown value
RBX=0x0000000000000001 is an unknown value
RCX=0x0 is NULL
RDX=0x0000001763ce714f is an unknown value
RSP=0x000000da885feb30 is pointing into the stack for thread: 0x0000022d9cc17800
RBP=0x0000000000000006 is an unknown value
RSI=0x0000000000000006 is an unknown value
RDI=0x0000000000001403 is an unknown value
R8 =0x00000000000024c4 is an unknown value
R9 =0x0 is NULL
R10=0x00000000546c6148 is an unknown value
R11=0xfffffffff91079d9 is an unknown value
R12=0x0000000000000004 is an unknown value
R13=0x0000022dc1729080 points into unknown readable memory: 0x0000000000000000 | 00 00 00 00 00 00 00 00
R14=0x0000022dc0513e80 is an unknown value
R15=0x0000022dc1729e58 points into unknown readable memory: 0x0000000000000004 | 04 00 00 00 00 00 00 00


Registers:
RAX=0x0000000256c7d821, RBX=0x0000000000000001, RCX=0x0000000000000000, RDX=0x0000001763ce714f
RSP=0x000000da885feb30, RBP=0x0000000000000006, RSI=0x0000000000000006, RDI=0x0000000000001403
R8 =0x00000000000024c4, R9 =0x0000000000000000, R10=0x00000000546c6148, R11=0xfffffffff91079d9
R12=0x0000000000000004, R13=0x0000022dc1729080, R14=0x0000022dc0513e80, R15=0x0000022dc1729e58
RIP=0x00007ffa8a16d0d9, EFLAGS=0x0000000000010246

Top of Stack: (sp=0x000000da885feb30)
0x000000da885feb30:   0000000000000001 0000022da0fdae84
0x000000da885feb40:   0000022d9cc17800 0000022dbc153e18
0x000000da885feb50:   0000022dbc120af8 000000070e5a2740
0x000000da885feb60:   0000022d9a9c6f00 00007ffa95515541
0x000000da885feb70:   000000da885febe0 0000022da0729cd0
0x000000da885feb80:   0000022dc1729e58 000000070e579218
0x000000da885feb90:   000000070e40e890 000000da885feb98
0x000000da885feba0:   0000022dcb08d113 0000022dc0513e80
0x000000da885febb0:   000000da885fece0 0000000000001403
0x000000da885febc0:   0000000000000004 0000022dc1729080
0x000000da885febd0:   0000000000000006 000000da885fecf0
0x000000da885febe0:   0000000000000000 00007ffa89dcfd76
0x000000da885febf0:   000000070e40e890 0000000000000004
0x000000da885fec00:   0000000700000000 0000000700000000
0x000000da885fec10:   000000da0000000c 0000022d00001403
0x000000da885fec20:   0000022dc0513e80 0000000700000000 

Instructions: (pc=0x00007ffa8a16d0d9)
0x00007ffa8a16cfd9:   00 8b d5 4c 8b b4 24 f0 00 00 00 8b cf 45 8b 57
0x00007ffa8a16cfe9:   14 41 8b 47 18 41 f7 d2 45 23 57 0c 41 0b c2 d1
0x00007ffa8a16cff9:   e9 83 e1 03 4c 89 7c 24 50 d3 e2 f7 d0 41 23 47
0x00007ffa8a16d009:   10 41 80 7f 1e 00 89 94 24 e0 00 00 00 0f 85 64
0x00007ffa8a16d019:   08 00 00 41 80 bd 5c ec 55 00 00 0f 85 56 08 00
0x00007ffa8a16d029:   00 85 ed 0f 8e 4e 08 00 00 41 83 f8 0e 0f 87 44
0x00007ffa8a16d039:   08 00 00 41 3b 95 a8 ee 55 00 0f 8f 37 08 00 00
0x00007ffa8a16d049:   41 83 7f 08 00 0f 85 2c 08 00 00 41 80 7f 1d 00
0x00007ffa8a16d059:   0f 85 21 08 00 00 41 80 7f 1c 00 0f 85 16 08 00
0x00007ffa8a16d069:   00 41 80 bd 65 38 55 00 00 0f 85 08 08 00 00 41
0x00007ffa8a16d079:   80 bd 6c 38 55 00 00 0f 85 fa 07 00 00 a9 00 00
0x00007ffa8a16d089:   03 00 0f 85 ef 07 00 00 44 0b d0 45 85 57 20 0f
0x00007ffa8a16d099:   85 e2 07 00 00 bb 01 00 00 00 49 8d 8d 00 f0 55
0x00007ffa8a16d0a9:   00 8b d3 e8 bf 93 e7 ff 81 ff 05 14 00 00 75 18
0x00007ffa8a16d0b9:   41 8b 44 ae fc 4c 8d 65 ff 41 8b 0e 8b f8 3b c8
0x00007ffa8a16d0c9:   0f 47 f9 0f 42 c1 eb 5b 81 ff 03 14 00 00 75 24
0x00007ffa8a16d0d9:   41 0f b7 4c 6e fe 4c 8d 65 ff 41 0f b7 16 0f b7
0x00007ffa8a16d0e9:   c1 66 3b d1 66 0f 47 c2 66 0f 42 ca 0f b7 f8 0f
0x00007ffa8a16d0f9:   b7 c1 eb 2f 81 ff 01 14 00 00 0f 85 77 07 00 00
0x00007ffa8a16d109:   42 0f b6 54 35 ff 4c 8d 65 ff 45 0f b6 06 8b ca
0x00007ffa8a16d119:   44 3a c2 41 0f 47 c8 0f b6 f9 8b ca 41 0f 42 c8
0x00007ffa8a16d129:   0f b6 c1 49 8b cf 8d 75 ff 2b f8 e8 47 0b 00 00
0x00007ffa8a16d139:   45 8b 57 78 41 8b c2 0f af c7 44 89 94 24 c0 00
0x00007ffa8a16d149:   00 00 41 3b 85 ac ee 55 00 0f 8f 21 07 00 00 8b
0x00007ffa8a16d159:   84 24 e8 00 00 00 0f 29 74 24 60 3d 05 14 00 00
0x00007ffa8a16d169:   0f 85 f6 00 00 00 45 8b 3e 41 8b ff 49 8d 56 04
0x00007ffa8a16d179:   3b eb 0f 8e 70 03 00 00 83 fe 08 0f 82 b1 00 00
0x00007ffa8a16d189:   00 83 3d af d3 1d 02 02 0f 8c a4 00 00 00 81 e6
0x00007ffa8a16d199:   07 00 00 80 7d 07 ff ce 83 ce f8 ff c6 66 41 0f
0x00007ffa8a16d1a9:   6e cf 8b c5 66 0f 70 c9 00 2b c6 66 0f 6f d9 66
0x00007ffa8a16d1b9:   0f 6f e1 66 0f 6f d1 f3 0f 6f 02 83 c3 08 66 0f
0x00007ffa8a16d1c9:   38 3b c8 66 0f 38 3f d0 f3 0f 6f 42 10 48 83 c2 


Stack slot to memory mapping:
stack at sp + 0 slots: 0x0000000000000001 is an unknown value
stack at sp + 1 slots: 0x0000022da0fdae84 is at entry_point+1252 in (nmethod*)0x0000022da0fda790
stack at sp + 2 slots: 0x0000022d9cc17800 is a thread
stack at sp + 3 slots: 0x0000022dbc153e18 points into unknown readable memory: 0x0079ab9bffff0001 | 01 00 ff ff 9b ab 79 00
stack at sp + 4 slots: 0x0000022dbc120af8 points into unknown readable memory: 0x0046d8c1ffff0001 | 01 00 ff ff c1 d8 46 00
stack at sp + 5 slots: 0x000000070e5a2740 is an oop: com.badlogic.gdx.utils.ObjectIntMap 
{0x000000070e5a2740} - klass: 'com/badlogic/gdx/utils/ObjectIntMap'
stack at sp + 6 slots: 0x0000022d9a9c6f00 points into unknown readable memory: 0x0000000000000002 | 02 00 00 00 00 00 00 00
stack at sp + 7 slots: 0x00007ffa95515541 jvm.dll


---------------  P R O C E S S  ---------------

Threads class SMR info:
_java_thread_list=0x0000022dc78f5510, length=15, elements={
0x0000022d9cc17800, 0x0000022dbc1cc000, 0x0000022dbc1ce000, 0x0000022dbcac5800,
0x0000022dbcac7000, 0x0000022dbcac8000, 0x0000022dbcacc000, 0x0000022dbcace000,
0x0000022dbcadb000, 0x0000022dbcc91800, 0x0000022dbd5c3800, 0x0000022dbd7fa800,
0x0000022dbf26e800, 0x0000022dbf9b8000, 0x0000022dbf873000
}

Java Threads: ( => current thread )
=>0x0000022d9cc17800 JavaThread "main" [_thread_in_native, id=1648, stack(0x000000da88500000,0x000000da88600000)]
  0x0000022dbc1cc000 JavaThread "Reference Handler" daemon [_thread_blocked, id=3884, stack(0x000000da88c00000,0x000000da88d00000)]
  0x0000022dbc1ce000 JavaThread "Finalizer" daemon [_thread_blocked, id=8348, stack(0x000000da88d00000,0x000000da88e00000)]
  0x0000022dbcac5800 JavaThread "Signal Dispatcher" daemon [_thread_blocked, id=6292, stack(0x000000da88e00000,0x000000da88f00000)]
  0x0000022dbcac7000 JavaThread "Attach Listener" daemon [_thread_blocked, id=6928, stack(0x000000da88f00000,0x000000da89000000)]
  0x0000022dbcac8000 JavaThread "Service Thread" daemon [_thread_blocked, id=9016, stack(0x000000da89000000,0x000000da89100000)]
  0x0000022dbcacc000 JavaThread "C2 CompilerThread0" daemon [_thread_in_native, id=8280, stack(0x000000da89100000,0x000000da89200000)]
  0x0000022dbcace000 JavaThread "C1 CompilerThread0" daemon [_thread_blocked, id=2120, stack(0x000000da89200000,0x000000da89300000)]
  0x0000022dbcadb000 JavaThread "Sweeper thread" daemon [_thread_blocked, id=8208, stack(0x000000da89300000,0x000000da89400000)]
  0x0000022dbcc91800 JavaThread "Common-Cleaner" daemon [_thread_blocked, id=8980, stack(0x000000da89500000,0x000000da89600000)]
  0x0000022dbd5c3800 JavaThread "Client" daemon [_thread_blocked, id=8748, stack(0x000000da89700000,0x000000da89800000)]
  0x0000022dbd7fa800 JavaThread "Thread-0" [_thread_in_native, id=6176, stack(0x000000da89800000,0x000000da89900000)]
  0x0000022dbf26e800 JavaThread "AssetManager" daemon [_thread_blocked, id=7656, stack(0x000000da8ab00000,0x000000da8ac00000)]
  0x0000022dbf9b8000 JavaThread "LWJGL3 Timer" daemon [_thread_blocked, id=5480, stack(0x000000da8ac00000,0x000000da8ad00000)]
  0x0000022dbf873000 JavaThread "C2 CompilerThread1" daemon [_thread_blocked, id=8832, stack(0x000000da89600000,0x000000da89700000)]

Other Threads:
  0x0000022dbca76000 VMThread "VM Thread" [stack: 0x000000da88b00000,0x000000da88c00000] [id=1320]
  0x0000022dbcc5e800 WatcherThread [stack: 0x000000da89400000,0x000000da89500000] [id=5244]
  0x0000022d9cc2f800 GCTaskThread "GC Thread#0" [stack: 0x000000da88600000,0x000000da88700000] [id=8164]
  0x0000022dbd6db000 GCTaskThread "GC Thread#1" [stack: 0x000000da89b00000,0x000000da89c00000] [id=1636]
  0x0000022dbd838000 GCTaskThread "GC Thread#2" [stack: 0x000000da89c00000,0x000000da89d00000] [id=5384]
  0x0000022dbdbc7000 GCTaskThread "GC Thread#3" [stack: 0x000000da89d00000,0x000000da89e00000] [id=8356]
  0x0000022dbef91000 GCTaskThread "GC Thread#4" [stack: 0x000000da89e00000,0x000000da89f00000] [id=8372]
  0x0000022dbd76c800 GCTaskThread "GC Thread#5" [stack: 0x000000da89f00000,0x000000da8a000000] [id=4920]
  0x0000022d9cc8d000 ConcurrentGCThread "G1 Main Marker" [stack: 0x000000da88700000,0x000000da88800000] [id=5848]
  0x0000022d9cc8e800 ConcurrentGCThread "G1 Conc#0" [stack: 0x000000da88800000,0x000000da88900000] [id=6408]
  0x0000022dbc0a2000 ConcurrentGCThread "G1 Refine#0" [stack: 0x000000da88900000,0x000000da88a00000] [id=2528]
  0x0000022dbc0a3000 ConcurrentGCThread "G1 Young RemSet Sampling" [stack: 0x000000da88a00000,0x000000da88b00000] [id=6876]

Threads with active compile tasks:
C2 CompilerThread0   5706 1647   !   4       java.net.URL::<init> (543 bytes)

VM state:not at safepoint (normal execution)

VM Mutex/Monitor currently owned by a thread: None

Heap address: 0x0000000700c00000, size: 4084 MB, Compressed Oops mode: Zero based, Oop shift amount: 3
Narrow klass base: 0x0000000800000000, Narrow klass shift: 0
Compressed class space size: 1073741824 Address: 0x0000000800000000

Heap:
 garbage-first heap   total 262144K, used 49422K [0x0000000700c00000, 0x0000000800000000)
  region size 1024K, 45 young (46080K), 3 survivors (3072K)
 Metaspace       used 19723K, capacity 19978K, committed 20224K, reserved 1067008K
  class space    used 1629K, capacity 1677K, committed 1792K, reserved 1048576K
Heap Regions: E=young(eden), S=young(survivor), O=old, HS=humongous(starts), HC=humongous(continues), CS=collection set, F=free, A=archive, TAMS=top-at-mark-start (previous, next)
|   0|0x0000000700c00000, 0x0000000700d00000, 0x0000000700d00000|100%|HS|  |TAMS 0x0000000700c00000, 0x0000000700c00000| Complete 
|   1|0x0000000700d00000, 0x0000000700e00000, 0x0000000700e00000|100%|HS|  |TAMS 0x0000000700d00000, 0x0000000700d00000| Complete 
|   2|0x0000000700e00000, 0x0000000700f00000, 0x0000000700f00000|100%|HS|  |TAMS 0x0000000700e00000, 0x0000000700e00000| Complete 
|   3|0x0000000700f00000, 0x0000000701000000, 0x0000000701000000|100%|HC|  |TAMS 0x0000000700f00000, 0x0000000700f00000| Complete 
|   4|0x0000000701000000, 0x0000000701100000, 0x0000000701100000|100%|HS|  |TAMS 0x0000000701000000, 0x0000000701000000| Complete 
|   5|0x0000000701100000, 0x0000000701100000, 0x0000000701200000|  0%| F|  |TAMS 0x0000000701100000, 0x0000000701100000| Untracked 
|   6|0x0000000701200000, 0x0000000701200000, 0x0000000701300000|  0%| F|  |TAMS 0x0000000701200000, 0x0000000701200000| Untracked 
|   7|0x0000000701300000, 0x0000000701300000, 0x0000000701400000|  0%| F|  |TAMS 0x0000000701300000, 0x0000000701300000| Untracked 
|   8|0x0000000701400000, 0x0000000701400000, 0x0000000701500000|  0%| F|  |TAMS 0x0000000701400000, 0x0000000701400000| Untracked 
|   9|0x0000000701500000, 0x0000000701500000, 0x0000000701600000|  0%| F|  |TAMS 0x0000000701500000, 0x0000000701500000| Untracked 
|  10|0x0000000701600000, 0x0000000701600000, 0x0000000701700000|  0%| F|  |TAMS 0x0000000701600000, 0x0000000701600000| Untracked 
|  11|0x0000000701700000, 0x0000000701700000, 0x0000000701800000|  0%| F|  |TAMS 0x0000000701700000, 0x0000000701700000| Untracked 
|  12|0x0000000701800000, 0x0000000701800000, 0x0000000701900000|  0%| F|  |TAMS 0x0000000701800000, 0x0000000701800000| Untracked 
|  13|0x0000000701900000, 0x0000000701900000, 0x0000000701a00000|  0%| F|  |TAMS 0x0000000701900000, 0x0000000701900000| Untracked 
|  14|0x0000000701a00000, 0x0000000701a00000, 0x0000000701b00000|  0%| F|  |TAMS 0x0000000701a00000, 0x0000000701a00000| Untracked 
|  15|0x0000000701b00000, 0x0000000701b00000, 0x0000000701c00000|  0%| F|  |TAMS 0x0000000701b00000, 0x0000000701b00000| Untracked 
|  16|0x0000000701c00000, 0x0000000701c00000, 0x0000000701d00000|  0%| F|  |TAMS 0x0000000701c00000, 0x0000000701c00000| Untracked 
|  17|0x0000000701d00000, 0x0000000701d00000, 0x0000000701e00000|  0%| F|  |TAMS 0x0000000701d00000, 0x0000000701d00000| Untracked 
|  18|0x0000000701e00000, 0x0000000701e00000, 0x0000000701f00000|  0%| F|  |TAMS 0x0000000701e00000, 0x0000000701e00000| Untracked 
|  19|0x0000000701f00000, 0x0000000701f00000, 0x0000000702000000|  0%| F|  |TAMS 0x0000000701f00000, 0x0000000701f00000| Untracked 
|  20|0x0000000702000000, 0x0000000702000000, 0x0000000702100000|  0%| F|  |TAMS 0x0000000702000000, 0x0000000702000000| Untracked 
|  21|0x0000000702100000, 0x0000000702100000, 0x0000000702200000|  0%| F|  |TAMS 0x0000000702100000, 0x0000000702100000| Untracked 
|  22|0x0000000702200000, 0x0000000702200000, 0x0000000702300000|  0%| F|  |TAMS 0x0000000702200000, 0x0000000702200000| Untracked 
|  23|0x0000000702300000, 0x0000000702300000, 0x0000000702400000|  0%| F|  |TAMS 0x0000000702300000, 0x0000000702300000| Untracked 
|  24|0x0000000702400000, 0x0000000702400000, 0x0000000702500000|  0%| F|  |TAMS 0x0000000702400000, 0x0000000702400000| Untracked 
|  25|0x0000000702500000, 0x0000000702500000, 0x0000000702600000|  0%| F|  |TAMS 0x0000000702500000, 0x0000000702500000| Untracked 
|  26|0x0000000702600000, 0x0000000702600000, 0x0000000702700000|  0%| F|  |TAMS 0x0000000702600000, 0x0000000702600000| Untracked 
|  27|0x0000000702700000, 0x0000000702700000, 0x0000000702800000|  0%| F|  |TAMS 0x0000000702700000, 0x0000000702700000| Untracked 
|  28|0x0000000702800000, 0x0000000702800000, 0x0000000702900000|  0%| F|  |TAMS 0x0000000702800000, 0x0000000702800000| Untracked 
|  29|0x0000000702900000, 0x0000000702900000, 0x0000000702a00000|  0%| F|  |TAMS 0x0000000702900000, 0x0000000702900000| Untracked 
|  30|0x0000000702a00000, 0x0000000702a00000, 0x0000000702b00000|  0%| F|  |TAMS 0x0000000702a00000, 0x0000000702a00000| Untracked 
|  31|0x0000000702b00000, 0x0000000702b00000, 0x0000000702c00000|  0%| F|  |TAMS 0x0000000702b00000, 0x0000000702b00000| Untracked 
|  32|0x0000000702c00000, 0x0000000702c00000, 0x0000000702d00000|  0%| F|  |TAMS 0x0000000702c00000, 0x0000000702c00000| Untracked 
|  33|0x0000000702d00000, 0x0000000702d00000, 0x0000000702e00000|  0%| F|  |TAMS 0x0000000702d00000, 0x0000000702d00000| Untracked 
|  34|0x0000000702e00000, 0x0000000702e00000, 0x0000000702f00000|  0%| F|  |TAMS 0x0000000702e00000, 0x0000000702e00000| Untracked 
|  35|0x0000000702f00000, 0x0000000702f00000, 0x0000000703000000|  0%| F|  |TAMS 0x0000000702f00000, 0x0000000702f00000| Untracked 
|  36|0x0000000703000000, 0x0000000703000000, 0x0000000703100000|  0%| F|  |TAMS 0x0000000703000000, 0x0000000703000000| Untracked 
|  37|0x0000000703100000, 0x0000000703100000, 0x0000000703200000|  0%| F|  |TAMS 0x0000000703100000, 0x0000000703100000| Untracked 
|  38|0x0000000703200000, 0x0000000703200000, 0x0000000703300000|  0%| F|  |TAMS 0x0000000703200000, 0x0000000703200000| Untracked 
|  39|0x0000000703300000, 0x0000000703300000, 0x0000000703400000|  0%| F|  |TAMS 0x0000000703300000, 0x0000000703300000| Untracked 
|  40|0x0000000703400000, 0x0000000703400000, 0x0000000703500000|  0%| F|  |TAMS 0x0000000703400000, 0x0000000703400000| Untracked 
|  41|0x0000000703500000, 0x0000000703500000, 0x0000000703600000|  0%| F|  |TAMS 0x0000000703500000, 0x0000000703500000| Untracked 
|  42|0x0000000703600000, 0x0000000703600000, 0x0000000703700000|  0%| F|  |TAMS 0x0000000703600000, 0x0000000703600000| Untracked 
|  43|0x0000000703700000, 0x0000000703700000, 0x0000000703800000|  0%| F|  |TAMS 0x0000000703700000, 0x0000000703700000| Untracked 
|  44|0x0000000703800000, 0x0000000703800000, 0x0000000703900000|  0%| F|  |TAMS 0x0000000703800000, 0x0000000703800000| Untracked 
|  45|0x0000000703900000, 0x0000000703900000, 0x0000000703a00000|  0%| F|  |TAMS 0x0000000703900000, 0x0000000703900000| Untracked 
|  46|0x0000000703a00000, 0x0000000703a00000, 0x0000000703b00000|  0%| F|  |TAMS 0x0000000703a00000, 0x0000000703a00000| Untracked 
|  47|0x0000000703b00000, 0x0000000703b00000, 0x0000000703c00000|  0%| F|  |TAMS 0x0000000703b00000, 0x0000000703b00000| Untracked 
|  48|0x0000000703c00000, 0x0000000703c00000, 0x0000000703d00000|  0%| F|  |TAMS 0x0000000703c00000, 0x0000000703c00000| Untracked 
|  49|0x0000000703d00000, 0x0000000703d00000, 0x0000000703e00000|  0%| F|  |TAMS 0x0000000703d00000, 0x0000000703d00000| Untracked 
|  50|0x0000000703e00000, 0x0000000703e00000, 0x0000000703f00000|  0%| F|  |TAMS 0x0000000703e00000, 0x0000000703e00000| Untracked 
|  51|0x0000000703f00000, 0x0000000703f00000, 0x0000000704000000|  0%| F|  |TAMS 0x0000000703f00000, 0x0000000703f00000| Untracked 
|  52|0x0000000704000000, 0x0000000704000000, 0x0000000704100000|  0%| F|  |TAMS 0x0000000704000000, 0x0000000704000000| Untracked 
|  53|0x0000000704100000, 0x0000000704100000, 0x0000000704200000|  0%| F|  |TAMS 0x0000000704100000, 0x0000000704100000| Untracked 
|  54|0x0000000704200000, 0x0000000704200000, 0x0000000704300000|  0%| F|  |TAMS 0x0000000704200000, 0x0000000704200000| Untracked 
|  55|0x0000000704300000, 0x0000000704300000, 0x0000000704400000|  0%| F|  |TAMS 0x0000000704300000, 0x0000000704300000| Untracked 
|  56|0x0000000704400000, 0x0000000704400000, 0x0000000704500000|  0%| F|  |TAMS 0x0000000704400000, 0x0000000704400000| Untracked 
|  57|0x0000000704500000, 0x0000000704500000, 0x0000000704600000|  0%| F|  |TAMS 0x0000000704500000, 0x0000000704500000| Untracked 
|  58|0x0000000704600000, 0x0000000704600000, 0x0000000704700000|  0%| F|  |TAMS 0x0000000704600000, 0x0000000704600000| Untracked 
|  59|0x0000000704700000, 0x0000000704700000, 0x0000000704800000|  0%| F|  |TAMS 0x0000000704700000, 0x0000000704700000| Untracked 
|  60|0x0000000704800000, 0x0000000704800000, 0x0000000704900000|  0%| F|  |TAMS 0x0000000704800000, 0x0000000704800000| Untracked 
|  61|0x0000000704900000, 0x0000000704900000, 0x0000000704a00000|  0%| F|  |TAMS 0x0000000704900000, 0x0000000704900000| Untracked 
|  62|0x0000000704a00000, 0x0000000704a00000, 0x0000000704b00000|  0%| F|  |TAMS 0x0000000704a00000, 0x0000000704a00000| Untracked 
|  63|0x0000000704b00000, 0x0000000704b00000, 0x0000000704c00000|  0%| F|  |TAMS 0x0000000704b00000, 0x0000000704b00000| Untracked 
|  64|0x0000000704c00000, 0x0000000704c00000, 0x0000000704d00000|  0%| F|  |TAMS 0x0000000704c00000, 0x0000000704c00000| Untracked 
|  65|0x0000000704d00000, 0x0000000704d00000, 0x0000000704e00000|  0%| F|  |TAMS 0x0000000704d00000, 0x0000000704d00000| Untracked 
|  66|0x0000000704e00000, 0x0000000704e00000, 0x0000000704f00000|  0%| F|  |TAMS 0x0000000704e00000, 0x0000000704e00000| Untracked 
|  67|0x0000000704f00000, 0x0000000704f00000, 0x0000000705000000|  0%| F|  |TAMS 0x0000000704f00000, 0x0000000704f00000| Untracked 
|  68|0x0000000705000000, 0x0000000705000000, 0x0000000705100000|  0%| F|  |TAMS 0x0000000705000000, 0x0000000705000000| Untracked 
|  69|0x0000000705100000, 0x0000000705100000, 0x0000000705200000|  0%| F|  |TAMS 0x0000000705100000, 0x0000000705100000| Untracked 
|  70|0x0000000705200000, 0x0000000705200000, 0x0000000705300000|  0%| F|  |TAMS 0x0000000705200000, 0x0000000705200000| Untracked 
|  71|0x0000000705300000, 0x0000000705300000, 0x0000000705400000|  0%| F|  |TAMS 0x0000000705300000, 0x0000000705300000| Untracked 
|  72|0x0000000705400000, 0x0000000705400000, 0x0000000705500000|  0%| F|  |TAMS 0x0000000705400000, 0x0000000705400000| Untracked 
|  73|0x0000000705500000, 0x0000000705500000, 0x0000000705600000|  0%| F|  |TAMS 0x0000000705500000, 0x0000000705500000| Untracked 
|  74|0x0000000705600000, 0x0000000705600000, 0x0000000705700000|  0%| F|  |TAMS 0x0000000705600000, 0x0000000705600000| Untracked 
|  75|0x0000000705700000, 0x0000000705700000, 0x0000000705800000|  0%| F|  |TAMS 0x0000000705700000, 0x0000000705700000| Untracked 
|  76|0x0000000705800000, 0x0000000705800000, 0x0000000705900000|  0%| F|  |TAMS 0x0000000705800000, 0x0000000705800000| Untracked 
|  77|0x0000000705900000, 0x0000000705900000, 0x0000000705a00000|  0%| F|  |TAMS 0x0000000705900000, 0x0000000705900000| Untracked 
|  78|0x0000000705a00000, 0x0000000705a00000, 0x0000000705b00000|  0%| F|  |TAMS 0x0000000705a00000, 0x0000000705a00000| Untracked 
|  79|0x0000000705b00000, 0x0000000705b00000, 0x0000000705c00000|  0%| F|  |TAMS 0x0000000705b00000, 0x0000000705b00000| Untracked 
|  80|0x0000000705c00000, 0x0000000705c00000, 0x0000000705d00000|  0%| F|  |TAMS 0x0000000705c00000, 0x0000000705c00000| Untracked 
|  81|0x0000000705d00000, 0x0000000705d00000, 0x0000000705e00000|  0%| F|  |TAMS 0x0000000705d00000, 0x0000000705d00000| Untracked 
|  82|0x0000000705e00000, 0x0000000705e00000, 0x0000000705f00000|  0%| F|  |TAMS 0x0000000705e00000, 0x0000000705e00000| Untracked 
|  83|0x0000000705f00000, 0x0000000705f00000, 0x0000000706000000|  0%| F|  |TAMS 0x0000000705f00000, 0x0000000705f00000| Untracked 
|  84|0x0000000706000000, 0x0000000706000000, 0x0000000706100000|  0%| F|  |TAMS 0x0000000706000000, 0x0000000706000000| Untracked 
|  85|0x0000000706100000, 0x0000000706100000, 0x0000000706200000|  0%| F|  |TAMS 0x0000000706100000, 0x0000000706100000| Untracked 
|  86|0x0000000706200000, 0x0000000706200000, 0x0000000706300000|  0%| F|  |TAMS 0x0000000706200000, 0x0000000706200000| Untracked 
|  87|0x0000000706300000, 0x0000000706300000, 0x0000000706400000|  0%| F|  |TAMS 0x0000000706300000, 0x0000000706300000| Untracked 
|  88|0x0000000706400000, 0x0000000706400000, 0x0000000706500000|  0%| F|  |TAMS 0x0000000706400000, 0x0000000706400000| Untracked 
|  89|0x0000000706500000, 0x0000000706500000, 0x0000000706600000|  0%| F|  |TAMS 0x0000000706500000, 0x0000000706500000| Untracked 
|  90|0x0000000706600000, 0x0000000706600000, 0x0000000706700000|  0%| F|  |TAMS 0x0000000706600000, 0x0000000706600000| Untracked 
|  91|0x0000000706700000, 0x0000000706700000, 0x0000000706800000|  0%| F|  |TAMS 0x0000000706700000, 0x0000000706700000| Untracked 
|  92|0x0000000706800000, 0x0000000706800000, 0x0000000706900000|  0%| F|  |TAMS 0x0000000706800000, 0x0000000706800000| Untracked 
|  93|0x0000000706900000, 0x0000000706900000, 0x0000000706a00000|  0%| F|  |TAMS 0x0000000706900000, 0x0000000706900000| Untracked 
|  94|0x0000000706a00000, 0x0000000706a00000, 0x0000000706b00000|  0%| F|  |TAMS 0x0000000706a00000, 0x0000000706a00000| Untracked 
|  95|0x0000000706b00000, 0x0000000706b00000, 0x0000000706c00000|  0%| F|  |TAMS 0x0000000706b00000, 0x0000000706b00000| Untracked 
|  96|0x0000000706c00000, 0x0000000706c00000, 0x0000000706d00000|  0%| F|  |TAMS 0x0000000706c00000, 0x0000000706c00000| Untracked 
|  97|0x0000000706d00000, 0x0000000706d00000, 0x0000000706e00000|  0%| F|  |TAMS 0x0000000706d00000, 0x0000000706d00000| Untracked 
|  98|0x0000000706e00000, 0x0000000706e00000, 0x0000000706f00000|  0%| F|  |TAMS 0x0000000706e00000, 0x0000000706e00000| Untracked 
|  99|0x0000000706f00000, 0x0000000706f00000, 0x0000000707000000|  0%| F|  |TAMS 0x0000000706f00000, 0x0000000706f00000| Untracked 
| 100|0x0000000707000000, 0x0000000707000000, 0x0000000707100000|  0%| F|  |TAMS 0x0000000707000000, 0x0000000707000000| Untracked 
| 101|0x0000000707100000, 0x0000000707100000, 0x0000000707200000|  0%| F|  |TAMS 0x0000000707100000, 0x0000000707100000| Untracked 
| 102|0x0000000707200000, 0x0000000707200000, 0x0000000707300000|  0%| F|  |TAMS 0x0000000707200000, 0x0000000707200000| Untracked 
| 103|0x0000000707300000, 0x0000000707300000, 0x0000000707400000|  0%| F|  |TAMS 0x0000000707300000, 0x0000000707300000| Untracked 
| 104|0x0000000707400000, 0x0000000707400000, 0x0000000707500000|  0%| F|  |TAMS 0x0000000707400000, 0x0000000707400000| Untracked 
| 105|0x0000000707500000, 0x0000000707500000, 0x0000000707600000|  0%| F|  |TAMS 0x0000000707500000, 0x0000000707500000| Untracked 
| 106|0x0000000707600000, 0x0000000707600000, 0x0000000707700000|  0%| F|  |TAMS 0x0000000707600000, 0x0000000707600000| Untracked 
| 107|0x0000000707700000, 0x0000000707700000, 0x0000000707800000|  0%| F|  |TAMS 0x0000000707700000, 0x0000000707700000| Untracked 
| 108|0x0000000707800000, 0x0000000707800000, 0x0000000707900000|  0%| F|  |TAMS 0x0000000707800000, 0x0000000707800000| Untracked 
| 109|0x0000000707900000, 0x0000000707900000, 0x0000000707a00000|  0%| F|  |TAMS 0x0000000707900000, 0x0000000707900000| Untracked 
| 110|0x0000000707a00000, 0x0000000707a00000, 0x0000000707b00000|  0%| F|  |TAMS 0x0000000707a00000, 0x0000000707a00000| Untracked 
| 111|0x0000000707b00000, 0x0000000707b00000, 0x0000000707c00000|  0%| F|  |TAMS 0x0000000707b00000, 0x0000000707b00000| Untracked 
| 112|0x0000000707c00000, 0x0000000707c00000, 0x0000000707d00000|  0%| F|  |TAMS 0x0000000707c00000, 0x0000000707c00000| Untracked 
| 113|0x0000000707d00000, 0x0000000707d00000, 0x0000000707e00000|  0%| F|  |TAMS 0x0000000707d00000, 0x0000000707d00000| Untracked 
| 114|0x0000000707e00000, 0x0000000707e00000, 0x0000000707f00000|  0%| F|  |TAMS 0x0000000707e00000, 0x0000000707e00000| Untracked 
| 115|0x0000000707f00000, 0x0000000707f00000, 0x0000000708000000|  0%| F|  |TAMS 0x0000000707f00000, 0x0000000707f00000| Untracked 
| 116|0x0000000708000000, 0x0000000708000000, 0x0000000708100000|  0%| F|  |TAMS 0x0000000708000000, 0x0000000708000000| Untracked 
| 117|0x0000000708100000, 0x0000000708100000, 0x0000000708200000|  0%| F|  |TAMS 0x0000000708100000, 0x0000000708100000| Untracked 
| 118|0x0000000708200000, 0x0000000708200000, 0x0000000708300000|  0%| F|  |TAMS 0x0000000708200000, 0x0000000708200000| Untracked 
| 119|0x0000000708300000, 0x0000000708300000, 0x0000000708400000|  0%| F|  |TAMS 0x0000000708300000, 0x0000000708300000| Untracked 
| 120|0x0000000708400000, 0x0000000708400000, 0x0000000708500000|  0%| F|  |TAMS 0x0000000708400000, 0x0000000708400000| Untracked 
| 121|0x0000000708500000, 0x0000000708500000, 0x0000000708600000|  0%| F|  |TAMS 0x0000000708500000, 0x0000000708500000| Untracked 
| 122|0x0000000708600000, 0x0000000708600000, 0x0000000708700000|  0%| F|  |TAMS 0x0000000708600000, 0x0000000708600000| Untracked 
| 123|0x0000000708700000, 0x0000000708700000, 0x0000000708800000|  0%| F|  |TAMS 0x0000000708700000, 0x0000000708700000| Untracked 
| 124|0x0000000708800000, 0x0000000708800000, 0x0000000708900000|  0%| F|  |TAMS 0x0000000708800000, 0x0000000708800000| Untracked 
| 125|0x0000000708900000, 0x0000000708900000, 0x0000000708a00000|  0%| F|  |TAMS 0x0000000708900000, 0x0000000708900000| Untracked 
| 126|0x0000000708a00000, 0x0000000708a00000, 0x0000000708b00000|  0%| F|  |TAMS 0x0000000708a00000, 0x0000000708a00000| Untracked 
| 127|0x0000000708b00000, 0x0000000708b00000, 0x0000000708c00000|  0%| F|  |TAMS 0x0000000708b00000, 0x0000000708b00000| Untracked 
| 128|0x0000000708c00000, 0x0000000708c00000, 0x0000000708d00000|  0%| F|  |TAMS 0x0000000708c00000, 0x0000000708c00000| Untracked 
| 129|0x0000000708d00000, 0x0000000708d00000, 0x0000000708e00000|  0%| F|  |TAMS 0x0000000708d00000, 0x0000000708d00000| Untracked 
| 130|0x0000000708e00000, 0x0000000708e00000, 0x0000000708f00000|  0%| F|  |TAMS 0x0000000708e00000, 0x0000000708e00000| Untracked 
| 131|0x0000000708f00000, 0x0000000708f00000, 0x0000000709000000|  0%| F|  |TAMS 0x0000000708f00000, 0x0000000708f00000| Untracked 
| 132|0x0000000709000000, 0x0000000709000000, 0x0000000709100000|  0%| F|  |TAMS 0x0000000709000000, 0x0000000709000000| Untracked 
| 133|0x0000000709100000, 0x0000000709100000, 0x0000000709200000|  0%| F|  |TAMS 0x0000000709100000, 0x0000000709100000| Untracked 
| 134|0x0000000709200000, 0x0000000709200000, 0x0000000709300000|  0%| F|  |TAMS 0x0000000709200000, 0x0000000709200000| Untracked 
| 135|0x0000000709300000, 0x0000000709300000, 0x0000000709400000|  0%| F|  |TAMS 0x0000000709300000, 0x0000000709300000| Untracked 
| 136|0x0000000709400000, 0x0000000709400000, 0x0000000709500000|  0%| F|  |TAMS 0x0000000709400000, 0x0000000709400000| Untracked 
| 137|0x0000000709500000, 0x0000000709500000, 0x0000000709600000|  0%| F|  |TAMS 0x0000000709500000, 0x0000000709500000| Untracked 
| 138|0x0000000709600000, 0x0000000709600000, 0x0000000709700000|  0%| F|  |TAMS 0x0000000709600000, 0x0000000709600000| Untracked 
| 139|0x0000000709700000, 0x0000000709700000, 0x0000000709800000|  0%| F|  |TAMS 0x0000000709700000, 0x0000000709700000| Untracked 
| 140|0x0000000709800000, 0x0000000709800000, 0x0000000709900000|  0%| F|  |TAMS 0x0000000709800000, 0x0000000709800000| Untracked 
| 141|0x0000000709900000, 0x0000000709900000, 0x0000000709a00000|  0%| F|  |TAMS 0x0000000709900000, 0x0000000709900000| Untracked 
| 142|0x0000000709a00000, 0x0000000709a00000, 0x0000000709b00000|  0%| F|  |TAMS 0x0000000709a00000, 0x0000000709a00000| Untracked 
| 143|0x0000000709b00000, 0x0000000709b00000, 0x0000000709c00000|  0%| F|  |TAMS 0x0000000709b00000, 0x0000000709b00000| Untracked 
| 144|0x0000000709c00000, 0x0000000709c00000, 0x0000000709d00000|  0%| F|  |TAMS 0x0000000709c00000, 0x0000000709c00000| Untracked 
| 145|0x0000000709d00000, 0x0000000709d00000, 0x0000000709e00000|  0%| F|  |TAMS 0x0000000709d00000, 0x0000000709d00000| Untracked 
| 146|0x0000000709e00000, 0x0000000709e00000, 0x0000000709f00000|  0%| F|  |TAMS 0x0000000709e00000, 0x0000000709e00000| Untracked 
| 147|0x0000000709f00000, 0x0000000709f00000, 0x000000070a000000|  0%| F|  |TAMS 0x0000000709f00000, 0x0000000709f00000| Untracked 
| 148|0x000000070a000000, 0x000000070a000000, 0x000000070a100000|  0%| F|  |TAMS 0x000000070a000000, 0x000000070a000000| Untracked 
| 149|0x000000070a100000, 0x000000070a100000, 0x000000070a200000|  0%| F|  |TAMS 0x000000070a100000, 0x000000070a100000| Untracked 
| 150|0x000000070a200000, 0x000000070a200000, 0x000000070a300000|  0%| F|  |TAMS 0x000000070a200000, 0x000000070a200000| Untracked 
| 151|0x000000070a300000, 0x000000070a300000, 0x000000070a400000|  0%| F|  |TAMS 0x000000070a300000, 0x000000070a300000| Untracked 
| 152|0x000000070a400000, 0x000000070a400000, 0x000000070a500000|  0%| F|  |TAMS 0x000000070a400000, 0x000000070a400000| Untracked 
| 153|0x000000070a500000, 0x000000070a500000, 0x000000070a600000|  0%| F|  |TAMS 0x000000070a500000, 0x000000070a500000| Untracked 
| 154|0x000000070a600000, 0x000000070a600000, 0x000000070a700000|  0%| F|  |TAMS 0x000000070a600000, 0x000000070a600000| Untracked 
| 155|0x000000070a700000, 0x000000070a700000, 0x000000070a800000|  0%| F|  |TAMS 0x000000070a700000, 0x000000070a700000| Untracked 
| 156|0x000000070a800000, 0x000000070a800000, 0x000000070a900000|  0%| F|  |TAMS 0x000000070a800000, 0x000000070a800000| Untracked 
| 157|0x000000070a900000, 0x000000070a900000, 0x000000070aa00000|  0%| F|  |TAMS 0x000000070a900000, 0x000000070a900000| Untracked 
| 158|0x000000070aa00000, 0x000000070aa00000, 0x000000070ab00000|  0%| F|  |TAMS 0x000000070aa00000, 0x000000070aa00000| Untracked 
| 159|0x000000070ab00000, 0x000000070ab00000, 0x000000070ac00000|  0%| F|  |TAMS 0x000000070ab00000, 0x000000070ab00000| Untracked 
| 160|0x000000070ac00000, 0x000000070ac00000, 0x000000070ad00000|  0%| F|  |TAMS 0x000000070ac00000, 0x000000070ac00000| Untracked 
| 161|0x000000070ad00000, 0x000000070ad00000, 0x000000070ae00000|  0%| F|  |TAMS 0x000000070ad00000, 0x000000070ad00000| Untracked 
| 162|0x000000070ae00000, 0x000000070ae00000, 0x000000070af00000|  0%| F|  |TAMS 0x000000070ae00000, 0x000000070ae00000| Untracked 
| 163|0x000000070af00000, 0x000000070af00000, 0x000000070b000000|  0%| F|  |TAMS 0x000000070af00000, 0x000000070af00000| Untracked 
| 164|0x000000070b000000, 0x000000070b000000, 0x000000070b100000|  0%| F|  |TAMS 0x000000070b000000, 0x000000070b000000| Untracked 
| 165|0x000000070b100000, 0x000000070b100000, 0x000000070b200000|  0%| F|  |TAMS 0x000000070b100000, 0x000000070b100000| Untracked 
| 166|0x000000070b200000, 0x000000070b200000, 0x000000070b300000|  0%| F|  |TAMS 0x000000070b200000, 0x000000070b200000| Untracked 
| 167|0x000000070b300000, 0x000000070b300000, 0x000000070b400000|  0%| F|  |TAMS 0x000000070b300000, 0x000000070b300000| Untracked 
| 168|0x000000070b400000, 0x000000070b400000, 0x000000070b500000|  0%| F|  |TAMS 0x000000070b400000, 0x000000070b400000| Untracked 
| 169|0x000000070b500000, 0x000000070b500000, 0x000000070b600000|  0%| F|  |TAMS 0x000000070b500000, 0x000000070b500000| Untracked 
| 170|0x000000070b600000, 0x000000070b600000, 0x000000070b700000|  0%| F|  |TAMS 0x000000070b600000, 0x000000070b600000| Untracked 
| 171|0x000000070b700000, 0x000000070b700000, 0x000000070b800000|  0%| F|  |TAMS 0x000000070b700000, 0x000000070b700000| Untracked 
| 172|0x000000070b800000, 0x000000070b800000, 0x000000070b900000|  0%| F|  |TAMS 0x000000070b800000, 0x000000070b800000| Untracked 
| 173|0x000000070b900000, 0x000000070b900000, 0x000000070ba00000|  0%| F|  |TAMS 0x000000070b900000, 0x000000070b900000| Untracked 
| 174|0x000000070ba00000, 0x000000070ba00000, 0x000000070bb00000|  0%| F|  |TAMS 0x000000070ba00000, 0x000000070ba00000| Untracked 
| 175|0x000000070bb00000, 0x000000070bb00000, 0x000000070bc00000|  0%| F|  |TAMS 0x000000070bb00000, 0x000000070bb00000| Untracked 
| 176|0x000000070bc00000, 0x000000070bc00000, 0x000000070bd00000|  0%| F|  |TAMS 0x000000070bc00000, 0x000000070bc00000| Untracked 
| 177|0x000000070bd00000, 0x000000070bd00000, 0x000000070be00000|  0%| F|  |TAMS 0x000000070bd00000, 0x000000070bd00000| Untracked 
| 178|0x000000070be00000, 0x000000070be00000, 0x000000070bf00000|  0%| F|  |TAMS 0x000000070be00000, 0x000000070be00000| Untracked 
| 179|0x000000070bf00000, 0x000000070bf00000, 0x000000070c000000|  0%| F|  |TAMS 0x000000070bf00000, 0x000000070bf00000| Untracked 
| 180|0x000000070c000000, 0x000000070c000000, 0x000000070c100000|  0%| F|  |TAMS 0x000000070c000000, 0x000000070c000000| Untracked 
| 181|0x000000070c100000, 0x000000070c100000, 0x000000070c200000|  0%| F|  |TAMS 0x000000070c100000, 0x000000070c100000| Untracked 
| 182|0x000000070c200000, 0x000000070c200000, 0x000000070c300000|  0%| F|  |TAMS 0x000000070c200000, 0x000000070c200000| Untracked 
| 183|0x000000070c300000, 0x000000070c300000, 0x000000070c400000|  0%| F|  |TAMS 0x000000070c300000, 0x000000070c300000| Untracked 
| 184|0x000000070c400000, 0x000000070c400000, 0x000000070c500000|  0%| F|  |TAMS 0x000000070c400000, 0x000000070c400000| Untracked 
| 185|0x000000070c500000, 0x000000070c500000, 0x000000070c600000|  0%| F|  |TAMS 0x000000070c500000, 0x000000070c500000| Untracked 
| 186|0x000000070c600000, 0x000000070c600000, 0x000000070c700000|  0%| F|  |TAMS 0x000000070c600000, 0x000000070c600000| Untracked 
| 187|0x000000070c700000, 0x000000070c700000, 0x000000070c800000|  0%| F|  |TAMS 0x000000070c700000, 0x000000070c700000| Untracked 
| 188|0x000000070c800000, 0x000000070c800000, 0x000000070c900000|  0%| F|  |TAMS 0x000000070c800000, 0x000000070c800000| Untracked 
| 189|0x000000070c900000, 0x000000070c900000, 0x000000070ca00000|  0%| F|  |TAMS 0x000000070c900000, 0x000000070c900000| Untracked 
| 190|0x000000070ca00000, 0x000000070ca00000, 0x000000070cb00000|  0%| F|  |TAMS 0x000000070ca00000, 0x000000070ca00000| Untracked 
| 191|0x000000070cb00000, 0x000000070cb00000, 0x000000070cc00000|  0%| F|  |TAMS 0x000000070cb00000, 0x000000070cb00000| Untracked 
| 192|0x000000070cc00000, 0x000000070cc00000, 0x000000070cd00000|  0%| F|  |TAMS 0x000000070cc00000, 0x000000070cc00000| Untracked 
| 193|0x000000070cd00000, 0x000000070cd00000, 0x000000070ce00000|  0%| F|  |TAMS 0x000000070cd00000, 0x000000070cd00000| Untracked 
| 194|0x000000070ce00000, 0x000000070ce00000, 0x000000070cf00000|  0%| F|  |TAMS 0x000000070ce00000, 0x000000070ce00000| Untracked 
| 195|0x000000070cf00000, 0x000000070cf00000, 0x000000070d000000|  0%| F|  |TAMS 0x000000070cf00000, 0x000000070cf00000| Untracked 
| 196|0x000000070d000000, 0x000000070d000000, 0x000000070d100000|  0%| F|  |TAMS 0x000000070d000000, 0x000000070d000000| Untracked 
| 197|0x000000070d100000, 0x000000070d100000, 0x000000070d200000|  0%| F|  |TAMS 0x000000070d100000, 0x000000070d100000| Untracked 
| 198|0x000000070d200000, 0x000000070d200000, 0x000000070d300000|  0%| F|  |TAMS 0x000000070d200000, 0x000000070d200000| Untracked 
| 199|0x000000070d300000, 0x000000070d300000, 0x000000070d400000|  0%| F|  |TAMS 0x000000070d300000, 0x000000070d300000| Untracked 
| 200|0x000000070d400000, 0x000000070d400000, 0x000000070d500000|  0%| F|  |TAMS 0x000000070d400000, 0x000000070d400000| Untracked 
| 201|0x000000070d500000, 0x000000070d500000, 0x000000070d600000|  0%| F|  |TAMS 0x000000070d500000, 0x000000070d500000| Untracked 
| 202|0x000000070d600000, 0x000000070d600000, 0x000000070d700000|  0%| F|  |TAMS 0x000000070d600000, 0x000000070d600000| Untracked 
| 203|0x000000070d700000, 0x000000070d700000, 0x000000070d800000|  0%| F|  |TAMS 0x000000070d700000, 0x000000070d700000| Untracked 
| 204|0x000000070d800000, 0x000000070d800000, 0x000000070d900000|  0%| F|  |TAMS 0x000000070d800000, 0x000000070d800000| Untracked 
| 205|0x000000070d900000, 0x000000070d900000, 0x000000070da00000|  0%| F|  |TAMS 0x000000070d900000, 0x000000070d900000| Untracked 
| 206|0x000000070da00000, 0x000000070da00000, 0x000000070db00000|  0%| F|  |TAMS 0x000000070da00000, 0x000000070da00000| Untracked 
| 207|0x000000070db00000, 0x000000070db00000, 0x000000070dc00000|  0%| F|  |TAMS 0x000000070db00000, 0x000000070db00000| Untracked 
| 208|0x000000070dc00000, 0x000000070dc00000, 0x000000070dd00000|  0%| F|  |TAMS 0x000000070dc00000, 0x000000070dc00000| Untracked 
| 209|0x000000070dd00000, 0x000000070dd00000, 0x000000070de00000|  0%| F|  |TAMS 0x000000070dd00000, 0x000000070dd00000| Untracked 
| 210|0x000000070de00000, 0x000000070de00000, 0x000000070df00000|  0%| F|  |TAMS 0x000000070de00000, 0x000000070de00000| Untracked 
| 211|0x000000070df00000, 0x000000070df80800, 0x000000070e000000| 50%| E|  |TAMS 0x000000070df00000, 0x000000070df00000| Complete 
| 212|0x000000070e000000, 0x000000070e100000, 0x000000070e100000|100%| E|CS|TAMS 0x000000070e000000, 0x000000070e000000| Complete 
| 213|0x000000070e100000, 0x000000070e200000, 0x000000070e200000|100%| E|CS|TAMS 0x000000070e100000, 0x000000070e100000| Complete 
| 214|0x000000070e200000, 0x000000070e300000, 0x000000070e300000|100%| E|CS|TAMS 0x000000070e200000, 0x000000070e200000| Complete 
| 215|0x000000070e300000, 0x000000070e400000, 0x000000070e400000|100%| E|CS|TAMS 0x000000070e300000, 0x000000070e300000| Complete 
| 216|0x000000070e400000, 0x000000070e500000, 0x000000070e500000|100%| E|CS|TAMS 0x000000070e400000, 0x000000070e400000| Complete 
| 217|0x000000070e500000, 0x000000070e600000, 0x000000070e600000|100%| E|CS|TAMS 0x000000070e500000, 0x000000070e500000| Complete 
| 218|0x000000070e600000, 0x000000070e700000, 0x000000070e700000|100%| E|CS|TAMS 0x000000070e600000, 0x000000070e600000| Complete 
| 219|0x000000070e700000, 0x000000070e800000, 0x000000070e800000|100%| E|CS|TAMS 0x000000070e700000, 0x000000070e700000| Complete 
| 220|0x000000070e800000, 0x000000070e900000, 0x000000070e900000|100%| E|CS|TAMS 0x000000070e800000, 0x000000070e800000| Complete 
| 221|0x000000070e900000, 0x000000070ea00000, 0x000000070ea00000|100%| E|CS|TAMS 0x000000070e900000, 0x000000070e900000| Complete 
| 222|0x000000070ea00000, 0x000000070eb00000, 0x000000070eb00000|100%| E|CS|TAMS 0x000000070ea00000, 0x000000070ea00000| Complete 
| 223|0x000000070eb00000, 0x000000070ec00000, 0x000000070ec00000|100%| E|CS|TAMS 0x000000070eb00000, 0x000000070eb00000| Complete 
| 224|0x000000070ec00000, 0x000000070ed00000, 0x000000070ed00000|100%| E|CS|TAMS 0x000000070ec00000, 0x000000070ec00000| Complete 
| 225|0x000000070ed00000, 0x000000070ee00000, 0x000000070ee00000|100%| E|CS|TAMS 0x000000070ed00000, 0x000000070ed00000| Complete 
| 226|0x000000070ee00000, 0x000000070ef00000, 0x000000070ef00000|100%| E|CS|TAMS 0x000000070ee00000, 0x000000070ee00000| Complete 
| 227|0x000000070ef00000, 0x000000070f000000, 0x000000070f000000|100%| E|CS|TAMS 0x000000070ef00000, 0x000000070ef00000| Complete 
| 228|0x000000070f000000, 0x000000070f100000, 0x000000070f100000|100%| E|CS|TAMS 0x000000070f000000, 0x000000070f000000| Complete 
| 229|0x000000070f100000, 0x000000070f143ac0, 0x000000070f200000| 26%| S|CS|TAMS 0x000000070f100000, 0x000000070f100000| Complete 
| 230|0x000000070f200000, 0x000000070f300000, 0x000000070f300000|100%| S|CS|TAMS 0x000000070f200000, 0x000000070f200000| Complete 
| 231|0x000000070f300000, 0x000000070f400000, 0x000000070f400000|100%| S|CS|TAMS 0x000000070f300000, 0x000000070f300000| Complete 
| 232|0x000000070f400000, 0x000000070f500000, 0x000000070f500000|100%| E|CS|TAMS 0x000000070f400000, 0x000000070f400000| Complete 
| 233|0x000000070f500000, 0x000000070f600000, 0x000000070f600000|100%| E|CS|TAMS 0x000000070f500000, 0x000000070f500000| Complete 
| 234|0x000000070f600000, 0x000000070f700000, 0x000000070f700000|100%| E|CS|TAMS 0x000000070f600000, 0x000000070f600000| Complete 
| 235|0x000000070f700000, 0x000000070f800000, 0x000000070f800000|100%| E|CS|TAMS 0x000000070f700000, 0x000000070f700000| Complete 
| 236|0x000000070f800000, 0x000000070f900000, 0x000000070f900000|100%| E|CS|TAMS 0x000000070f800000, 0x000000070f800000| Complete 
| 237|0x000000070f900000, 0x000000070fa00000, 0x000000070fa00000|100%| E|CS|TAMS 0x000000070f900000, 0x000000070f900000| Complete 
| 238|0x000000070fa00000, 0x000000070fb00000, 0x000000070fb00000|100%| E|CS|TAMS 0x000000070fa00000, 0x000000070fa00000| Complete 
| 239|0x000000070fb00000, 0x000000070fc00000, 0x000000070fc00000|100%| E|CS|TAMS 0x000000070fb00000, 0x000000070fb00000| Complete 
| 240|0x000000070fc00000, 0x000000070fd00000, 0x000000070fd00000|100%| E|CS|TAMS 0x000000070fc00000, 0x000000070fc00000| Complete 
| 241|0x000000070fd00000, 0x000000070fe00000, 0x000000070fe00000|100%| E|CS|TAMS 0x000000070fd00000, 0x000000070fd00000| Complete 
| 242|0x000000070fe00000, 0x000000070ff00000, 0x000000070ff00000|100%| E|CS|TAMS 0x000000070fe00000, 0x000000070fe00000| Complete 
| 243|0x000000070ff00000, 0x0000000710000000, 0x0000000710000000|100%| E|CS|TAMS 0x000000070ff00000, 0x000000070ff00000| Complete 
| 244|0x0000000710000000, 0x0000000710100000, 0x0000000710100000|100%| E|CS|TAMS 0x0000000710000000, 0x0000000710000000| Complete 
| 245|0x0000000710100000, 0x0000000710200000, 0x0000000710200000|100%| E|CS|TAMS 0x0000000710100000, 0x0000000710100000| Complete 
| 246|0x0000000710200000, 0x0000000710300000, 0x0000000710300000|100%| E|CS|TAMS 0x0000000710200000, 0x0000000710200000| Complete 
| 247|0x0000000710300000, 0x0000000710400000, 0x0000000710400000|100%| E|CS|TAMS 0x0000000710300000, 0x0000000710300000| Complete 
| 248|0x0000000710400000, 0x0000000710500000, 0x0000000710500000|100%| E|CS|TAMS 0x0000000710400000, 0x0000000710400000| Complete 
| 249|0x0000000710500000, 0x0000000710600000, 0x0000000710600000|100%| E|CS|TAMS 0x0000000710500000, 0x0000000710500000| Complete 
| 250|0x0000000710600000, 0x0000000710700000, 0x0000000710700000|100%| E|CS|TAMS 0x0000000710600000, 0x0000000710600000| Complete 
| 251|0x0000000710700000, 0x0000000710800000, 0x0000000710800000|100%| E|CS|TAMS 0x0000000710700000, 0x0000000710700000| Complete 
| 252|0x0000000710800000, 0x0000000710900000, 0x0000000710900000|100%| E|CS|TAMS 0x0000000710800000, 0x0000000710800000| Complete 
| 253|0x0000000710900000, 0x0000000710a00000, 0x0000000710a00000|100%| E|CS|TAMS 0x0000000710900000, 0x0000000710900000| Complete 
| 254|0x0000000710a00000, 0x0000000710b00000, 0x0000000710b00000|100%| E|CS|TAMS 0x0000000710a00000, 0x0000000710a00000| Complete 
| 255|0x0000000710b00000, 0x0000000710c00000, 0x0000000710c00000|100%| E|CS|TAMS 0x0000000710b00000, 0x0000000710b00000| Complete 

Card table byte_map: [0x0000022db0480000,0x0000022db0c80000] _byte_map_base: 0x0000022dacc7a000

Marking Bits (Prev, Next): (CMBitMap*) 0x0000022d9cc7b528, (CMBitMap*) 0x0000022d9cc7b560
 Prev Bits: [0x0000022db1480000, 0x0000022db5450000)
 Next Bits: [0x0000022db5450000, 0x0000022db9420000)

Polling page: 0x0000022d9ab80000

Metaspace:

Usage:
  Non-class:     17.87 MB capacity,    17.67 MB ( 99%) used,   186.75 KB (  1%) free+waste,    20.50 KB ( <1%) overhead. 
      Class:      1.64 MB capacity,     1.59 MB ( 97%) used,    40.39 KB (  2%) free+waste,     6.69 KB ( <1%) overhead. 
       Both:     19.51 MB capacity,    19.26 MB ( 99%) used,   227.14 KB (  1%) free+waste,    27.19 KB ( <1%) overhead. 

Virtual space:
  Non-class space:       18.00 MB reserved,      18.00 MB (100%) committed 
      Class space:        1.00 GB reserved,       1.75 MB ( <1%) committed 
             Both:        1.02 GB reserved,      19.75 MB (  2%) committed 

Chunk freelists:
   Non-Class:  131.00 KB
       Class:  19.00 KB
        Both:  150.00 KB

MaxMetaspaceSize: 17179869184.00 GB
CompressedClassSpaceSize: 1.00 GB
Initial GC threshold: 20.80 MB
Current GC threshold: 20.80 MB
CDS: off

CodeHeap 'non-profiled nmethods': size=120000Kb used=967Kb max_used=967Kb free=119032Kb
 bounds [0x0000022da81f0000, 0x0000022da8460000, 0x0000022daf720000]
CodeHeap 'profiled nmethods': size=120000Kb used=3197Kb max_used=3197Kb free=116802Kb
 bounds [0x0000022da0cc0000, 0x0000022da0fe0000, 0x0000022da81f0000]
CodeHeap 'non-nmethods': size=5760Kb used=1655Kb max_used=1676Kb free=4105Kb
 bounds [0x0000022da0720000, 0x0000022da0990000, 0x0000022da0cc0000]
 total_blobs=2726 nmethods=1663 adapters=976
 compilation: enabled
              stopped_count=0, restarted_count=0
 full_count=0

Compilation events (20 events):
Event: 5.647 Thread 0x0000022dbcace000 nmethod 1661 0x0000022da0fdc310 code [0x0000022da0fdc4c0, 0x0000022da0fdc608]
Event: 5.648 Thread 0x0000022dbf873000 1651       4       java.util.StringTokenizer::scanToken (179 bytes)
Event: 5.650 Thread 0x0000022dbcace000 1662       3       com.badlogic.gdx.math.Vector2::<init> (5 bytes)
Event: 5.650 Thread 0x0000022dbcace000 nmethod 1662 0x0000022da0fdc690 code [0x0000022da0fdc840, 0x0000022da0fdc998]
Event: 5.650 Thread 0x0000022dbcace000 1663       3       com.mygdx.tanks2d.ParticleEffect.Shard::<init> (5 bytes)
Event: 5.650 Thread 0x0000022dbcace000 nmethod 1663 0x0000022da0fdca90 code [0x0000022da0fdcc40, 0x0000022da0fdcd68]
Event: 5.650 Thread 0x0000022dbcace000 1664       3       com.mygdx.tanks2d.ParticleEffect.Garbage::<init> (37 bytes)
Event: 5.651 Thread 0x0000022dbcace000 nmethod 1664 0x0000022da0fdce10 code [0x0000022da0fdd000, 0x0000022da0fdd478]
Event: 5.652 Thread 0x0000022dbcace000 1665       3       com.badlogic.gdx.math.MathUtils::random (14 bytes)
Event: 5.652 Thread 0x0000022dbcace000 nmethod 1665 0x0000022da0fdd610 code [0x0000022da0fdd7c0, 0x0000022da0fdd988]
Event: 5.652 Thread 0x0000022dbcace000 1666       3       com.badlogic.gdx.math.Vector3::<init> (13 bytes)
Event: 5.652 Thread 0x0000022dbcace000 nmethod 1666 0x0000022da0fdda90 code [0x0000022da0fddc40, 0x0000022da0fdde18]
Event: 5.652 Thread 0x0000022dbcace000 1667       3       com.badlogic.gdx.graphics.Color::<init> (5 bytes)
Event: 5.652 Thread 0x0000022dbcace000 nmethod 1667 0x0000022da0fddf10 code [0x0000022da0fde0c0, 0x0000022da0fde218]
Event: 5.652 Thread 0x0000022dbcace000 1668       3       com.mygdx.tanks2d.ParticleEffect.ParticleSmoke::<init> (69 bytes)
Event: 5.652 Thread 0x0000022dbf873000 nmethod 1651 0x0000022da82dab90 code [0x0000022da82dad40, 0x0000022da82db0a8]
Event: 5.652 Thread 0x0000022dbf873000 1653       4       java.util.StringTokenizer::skipDelimiters (116 bytes)
Event: 5.653 Thread 0x0000022dbcace000 nmethod 1668 0x0000022da0fde310 code [0x0000022da0fde500, 0x0000022da0fdeb18]
Event: 5.653 Thread 0x0000022dbcace000 1669       3       com.mygdx.tanks2d.ParticleEffect.StereoSmoke.Flying_stereo_elements_base::<init> (66 bytes)
Event: 5.654 Thread 0x0000022dbcace000 nmethod 1669 0x0000022da0fded10 code [0x0000022da0fdef00, 0x0000022da0fdf4a8]

GC Heap History (2 events):
Event: 0.787 GC heap before
{Heap before GC invocations=0 (full 0):
 garbage-first heap   total 262144K, used 23552K [0x0000000700c00000, 0x0000000800000000)
  region size 1024K, 24 young (24576K), 0 survivors (0K)
 Metaspace       used 11896K, capacity 12124K, committed 12288K, reserved 1060864K
  class space    used 1107K, capacity 1188K, committed 1280K, reserved 1048576K
}
Event: 0.790 GC heap after
{Heap after GC invocations=1 (full 0):
 garbage-first heap   total 262144K, used 2318K [0x0000000700c00000, 0x0000000800000000)
  region size 1024K, 3 young (3072K), 3 survivors (3072K)
 Metaspace       used 11896K, capacity 12124K, committed 12288K, reserved 1060864K
  class space    used 1107K, capacity 1188K, committed 1280K, reserved 1048576K
}

Deoptimization events (20 events):
Event: 1.733 Thread 0x0000022dbf26e800 DEOPT PACKING pc=0x0000022da0ef21de sp=0x000000da8abfe010
Event: 1.733 Thread 0x0000022dbf26e800 DEOPT UNPACKING pc=0x0000022da076a95e sp=0x000000da8abfd4a8 mode 0
Event: 1.735 Thread 0x0000022dbf26e800 DEOPT PACKING pc=0x0000022da0ec031a sp=0x000000da8abfe0d0
Event: 1.735 Thread 0x0000022dbf26e800 DEOPT UNPACKING pc=0x0000022da076a95e sp=0x000000da8abfd538 mode 0
Event: 1.737 Thread 0x0000022d9cc17800 Uncommon trap: trap_request=0xffffff4d fr.pc=0x0000022da827c45c relative=0x000000000000027c
Event: 1.737 Thread 0x0000022d9cc17800 Uncommon trap: reason=unstable_if action=reinterpret pc=0x0000022da827c45c method=com.badlogic.gdx.assets.AssetManager.finishLoading()V @ 13 c2
Event: 1.737 Thread 0x0000022d9cc17800 DEOPT PACKING pc=0x0000022da827c45c sp=0x000000da885ff090
Event: 1.737 Thread 0x0000022d9cc17800 DEOPT UNPACKING pc=0x0000022da076a1af sp=0x000000da885ff060 mode 2
Event: 5.635 Thread 0x0000022d9cc17800 Uncommon trap: trap_request=0xffffff4d fr.pc=0x0000022da82d77a4 relative=0x00000000000004e4
Event: 5.635 Thread 0x0000022d9cc17800 Uncommon trap: reason=unstable_if action=reinterpret pc=0x0000022da82d77a4 method=com.badlogic.gdx.utils.ObjectIntMap.locateKey(Ljava/lang/Object;)I @ 32 c2
Event: 5.635 Thread 0x0000022d9cc17800 DEOPT PACKING pc=0x0000022da82d77a4 sp=0x000000da885fed20
Event: 5.635 Thread 0x0000022d9cc17800 DEOPT UNPACKING pc=0x0000022da076a1af sp=0x000000da885fecc8 mode 2
Event: 5.638 Thread 0x0000022d9cc17800 Uncommon trap: trap_request=0xffffff4d fr.pc=0x0000022da822492c relative=0x000000000000018c
Event: 5.638 Thread 0x0000022d9cc17800 Uncommon trap: reason=unstable_if action=reinterpret pc=0x0000022da822492c method=java.lang.String.equals(Ljava/lang/Object;)Z @ 27 c2
Event: 5.638 Thread 0x0000022d9cc17800 DEOPT PACKING pc=0x0000022da822492c sp=0x000000da885fee80
Event: 5.638 Thread 0x0000022d9cc17800 DEOPT UNPACKING pc=0x0000022da076a1af sp=0x000000da885fee20 mode 2
Event: 5.638 Thread 0x0000022d9cc17800 Uncommon trap: trap_request=0xffffff4d fr.pc=0x0000022da81f1778 relative=0x0000000000000058
Event: 5.638 Thread 0x0000022d9cc17800 Uncommon trap: reason=unstable_if action=reinterpret pc=0x0000022da81f1778 method=java.lang.String.isLatin1()Z @ 10 c2
Event: 5.638 Thread 0x0000022d9cc17800 DEOPT PACKING pc=0x0000022da81f1778 sp=0x000000da885fee30
Event: 5.638 Thread 0x0000022d9cc17800 DEOPT UNPACKING pc=0x0000022da076a1af sp=0x000000da885fedc0 mode 2

Classes redefined (0 events):
No events

Internal exceptions (20 events):
Event: 5.626 Thread 0x0000022dbd5c3800 Exception <a 'java/lang/NullPointerException'{0x000000070e196cb0}> (0x000000070e196cb0) thrown at [./src/hotspot/share/runtime/sharedRuntime.cpp, line 607]
Event: 5.626 Thread 0x0000022dbd5c3800 Implicit null exception at 0x0000022da0f8a881 to 0x0000022da0f8af57
Event: 5.626 Thread 0x0000022dbd5c3800 Exception <a 'java/lang/NullPointerException'{0x000000070e197048}> (0x000000070e197048) thrown at [./src/hotspot/share/runtime/sharedRuntime.cpp, line 607]
Event: 5.635 Thread 0x0000022d9cc17800 Implicit null exception at 0x0000022da82d74ce to 0x0000022da82d7780
Event: 5.641 Thread 0x0000022dbd7fa800 Implicit null exception at 0x0000022da0f5d5a6 to 0x0000022da0f5e1fb
Event: 5.641 Thread 0x0000022dbd7fa800 Exception <a 'java/lang/NullPointerException'{0x000000070e117448}> (0x000000070e117448) thrown at [./src/hotspot/share/runtime/sharedRuntime.cpp, line 607]
Event: 5.641 Thread 0x0000022dbd7fa800 Implicit null exception at 0x0000022da0f8a881 to 0x0000022da0f8af57
Event: 5.641 Thread 0x0000022dbd7fa800 Exception <a 'java/lang/NullPointerException'{0x000000070e1177e0}> (0x000000070e1177e0) thrown at [./src/hotspot/share/runtime/sharedRuntime.cpp, line 607]
Event: 5.641 Thread 0x0000022dbd5c3800 Implicit null exception at 0x0000022da0f5d5a6 to 0x0000022da0f5e1fb
Event: 5.641 Thread 0x0000022dbd5c3800 Exception <a 'java/lang/NullPointerException'{0x000000070e1973b0}> (0x000000070e1973b0) thrown at [./src/hotspot/share/runtime/sharedRuntime.cpp, line 607]
Event: 5.641 Thread 0x0000022dbd5c3800 Implicit null exception at 0x0000022da0f8a881 to 0x0000022da0f8af57
Event: 5.641 Thread 0x0000022dbd5c3800 Exception <a 'java/lang/NullPointerException'{0x000000070e197748}> (0x000000070e197748) thrown at [./src/hotspot/share/runtime/sharedRuntime.cpp, line 607]
Event: 5.641 Thread 0x0000022dbd7fa800 Implicit null exception at 0x0000022da0f5d5a6 to 0x0000022da0f5e1fb
Event: 5.641 Thread 0x0000022dbd7fa800 Exception <a 'java/lang/NullPointerException'{0x000000070e117b48}> (0x000000070e117b48) thrown at [./src/hotspot/share/runtime/sharedRuntime.cpp, line 607]
Event: 5.641 Thread 0x0000022dbd7fa800 Implicit null exception at 0x0000022da0f8a881 to 0x0000022da0f8af57
Event: 5.641 Thread 0x0000022dbd7fa800 Exception <a 'java/lang/NullPointerException'{0x000000070e117ee0}> (0x000000070e117ee0) thrown at [./src/hotspot/share/runtime/sharedRuntime.cpp, line 607]
Event: 5.641 Thread 0x0000022dbd5c3800 Implicit null exception at 0x0000022da0f5d5a6 to 0x0000022da0f5e1fb
Event: 5.641 Thread 0x0000022dbd5c3800 Exception <a 'java/lang/NullPointerException'{0x000000070e197ab0}> (0x000000070e197ab0) thrown at [./src/hotspot/share/runtime/sharedRuntime.cpp, line 607]
Event: 5.641 Thread 0x0000022dbd5c3800 Implicit null exception at 0x0000022da0f8a881 to 0x0000022da0f8af57
Event: 5.641 Thread 0x0000022dbd5c3800 Exception <a 'java/lang/NullPointerException'{0x000000070e197e48}> (0x000000070e197e48) thrown at [./src/hotspot/share/runtime/sharedRuntime.cpp, line 607]

Events (20 events):
Event: 5.650 loading class com/mygdx/tanks2d/ParticleEffect/Garbage
Event: 5.650 loading class com/mygdx/tanks2d/ParticleEffect/Garbage done
Event: 5.651 loading class com/mygdx/tanks2d/ParticleEffect/StereoSmoke/Point_of_fire
Event: 5.651 loading class com/mygdx/tanks2d/ParticleEffect/StereoSmoke/Point_of_fire done
Event: 5.651 loading class com/mygdx/tanks2d/ParticleEffect/StereoSmoke/Falling_element
Event: 5.651 loading class com/mygdx/tanks2d/ParticleEffect/StereoSmoke/Falling_element done
Event: 5.651 loading class com/mygdx/tanks2d/ParticleEffect/StereoSmoke/Smoke_element
Event: 5.651 loading class com/mygdx/tanks2d/ParticleEffect/StereoSmoke/Smoke_element done
Event: 5.652 loading class com/mygdx/tanks2d/ParticleEffect/Explosion_Death
Event: 5.652 loading class com/mygdx/tanks2d/ParticleEffect/Explosion_Death done
Event: 5.652 loading class com/mygdx/tanks2d/ParticleEffect/ParticleSmoke
Event: 5.652 loading class com/mygdx/tanks2d/ParticleEffect/ParticleSmoke done
Event: 5.652 loading class com/mygdx/tanks2d/ParticleEffect/PasricalExplosion
Event: 5.652 loading class com/mygdx/tanks2d/ParticleEffect/PasricalExplosion done
Event: 5.653 loading class com/mygdx/tanks2d/ParticleEffect/PasricalExplosionBigParameter
Event: 5.653 loading class com/mygdx/tanks2d/ParticleEffect/PasricalExplosionBigParameter done
Event: 5.653 loading class com/mygdx/tanks2d/ParticleEffect/StereoSmoke/PasricalDeathSmoke
Event: 5.653 loading class com/mygdx/tanks2d/ParticleEffect/StereoSmoke/PasricalDeathSmoke done
Event: 5.653 loading class com/mygdx/tanks2d/ParticleEffect/StereoSmoke/Flying_stereo_elements_base
Event: 5.653 loading class com/mygdx/tanks2d/ParticleEffect/StereoSmoke/Flying_stereo_elements_base done


Dynamic libraries:
0x00007ff7af4b0000 - 0x00007ff7af4ba000 	C:\Program Files\Android\Android Studio\jre\bin\java.exe
0x00007ffad4fd0000 - 0x00007ffad51c5000 	C:\Windows\SYSTEM32\ntdll.dll
0x00007ffad43c0000 - 0x00007ffad447d000 	C:\Windows\System32\KERNEL32.DLL
0x00007ffad27c0000 - 0x00007ffad2a88000 	C:\Windows\System32\KERNELBASE.dll
0x00007ffad2e00000 - 0x00007ffad2f00000 	C:\Windows\System32\ucrtbase.dll
0x00007ffa9df30000 - 0x00007ffa9df49000 	C:\Program Files\Android\Android Studio\jre\bin\jli.dll
0x00007ffa9de80000 - 0x00007ffa9de97000 	C:\Program Files\Android\Android Studio\jre\bin\VCRUNTIME140.dll
0x00007ffad3040000 - 0x00007ffad31e0000 	C:\Windows\System32\USER32.dll
0x00007ffad2790000 - 0x00007ffad27b2000 	C:\Windows\System32\win32u.dll
0x00007ffabe5e0000 - 0x00007ffabe87a000 	C:\Windows\WinSxS\amd64_microsoft.windows.common-controls_6595b64144ccf1df_6.0.19041.1052_none_60b8f8fd71f5e8cb\COMCTL32.dll
0x00007ffad3c60000 - 0x00007ffad3c8a000 	C:\Windows\System32\GDI32.dll
0x00007ffad3e40000 - 0x00007ffad3ede000 	C:\Windows\System32\msvcrt.dll
0x00007ffad2cf0000 - 0x00007ffad2dfb000 	C:\Windows\System32\gdi32full.dll
0x00007ffad2bf0000 - 0x00007ffad2c8d000 	C:\Windows\System32\msvcp_win.dll
0x00007ffad4c30000 - 0x00007ffad4c60000 	C:\Windows\System32\IMM32.DLL
0x00007ffa97490000 - 0x00007ffa9752d000 	C:\Program Files\Android\Android Studio\jre\bin\msvcp140.dll
0x00007ffa95410000 - 0x00007ffa95ef5000 	C:\Program Files\Android\Android Studio\jre\bin\server\jvm.dll
0x00007ffad4640000 - 0x00007ffad46ec000 	C:\Windows\System32\ADVAPI32.dll
0x00007ffad4ef0000 - 0x00007ffad4f8b000 	C:\Windows\System32\sechost.dll
0x00007ffad4510000 - 0x00007ffad463b000 	C:\Windows\System32\RPCRT4.dll
0x00007ffad31e0000 - 0x00007ffad31e8000 	C:\Windows\System32\PSAPI.DLL
0x00007ffacd860000 - 0x00007ffacd86a000 	C:\Windows\SYSTEM32\VERSION.dll
0x00007ffacb280000 - 0x00007ffacb289000 	C:\Windows\SYSTEM32\WSOCK32.dll
0x00007ffad3ee0000 - 0x00007ffad3f4b000 	C:\Windows\System32\WS2_32.dll
0x00007ffac5920000 - 0x00007ffac5947000 	C:\Windows\SYSTEM32\WINMM.dll
0x00007ffad0680000 - 0x00007ffad0692000 	C:\Windows\SYSTEM32\kernel.appcore.dll
0x00007ffabcf70000 - 0x00007ffabcf81000 	C:\Program Files\Android\Android Studio\jre\bin\verify.dll
0x00007ffac2d50000 - 0x00007ffac2f34000 	C:\Windows\SYSTEM32\DBGHELP.DLL
0x00007ffabbea0000 - 0x00007ffabbecc000 	C:\Windows\SYSTEM32\dbgcore.DLL
0x00007ffad2fb0000 - 0x00007ffad3033000 	C:\Windows\System32\bcryptPrimitives.dll
0x00007ffab8050000 - 0x00007ffab8079000 	C:\Program Files\Android\Android Studio\jre\bin\java.dll
0x00007ffabe240000 - 0x00007ffabe24b000 	C:\Program Files\Android\Android Studio\jre\bin\jimage.dll
0x00007ffab75b0000 - 0x00007ffab75c8000 	C:\Program Files\Android\Android Studio\jre\bin\zip.dll
0x00007ffad3510000 - 0x00007ffad3c4f000 	C:\Windows\System32\SHELL32.dll
0x00007ffad0880000 - 0x00007ffad1010000 	C:\Windows\SYSTEM32\windows.storage.dll
0x00007ffad4810000 - 0x00007ffad4b65000 	C:\Windows\System32\combase.dll
0x00007ffad2110000 - 0x00007ffad213c000 	C:\Windows\SYSTEM32\Wldp.dll
0x00007ffad3460000 - 0x00007ffad350e000 	C:\Windows\System32\SHCORE.dll
0x00007ffad3350000 - 0x00007ffad33a5000 	C:\Windows\System32\shlwapi.dll
0x00007ffad2650000 - 0x00007ffad266f000 	C:\Windows\SYSTEM32\profapi.dll
0x00007ffab5950000 - 0x00007ffab596a000 	C:\Program Files\Android\Android Studio\jre\bin\net.dll
0x00007ffaccf70000 - 0x00007ffacd07b000 	C:\Windows\SYSTEM32\WINHTTP.dll
0x00007ffad1e80000 - 0x00007ffad1eea000 	C:\Windows\system32\mswsock.dll
0x00007ffab52a0000 - 0x00007ffab52b4000 	C:\Program Files\Android\Android Studio\jre\bin\nio.dll
0x00007ffad2050000 - 0x00007ffad2068000 	C:\Windows\SYSTEM32\CRYPTSP.dll
0x00007ffad17c0000 - 0x00007ffad17f4000 	C:\Windows\system32\rsaenh.dll
0x00007ffad2760000 - 0x00007ffad2787000 	C:\Windows\System32\bcrypt.dll
0x00007ffad25d0000 - 0x00007ffad25fe000 	C:\Windows\SYSTEM32\USERENV.dll
0x00007ffad2070000 - 0x00007ffad207c000 	C:\Windows\SYSTEM32\CRYPTBASE.dll
0x00007ffad1b70000 - 0x00007ffad1bab000 	C:\Windows\SYSTEM32\IPHLPAPI.DLL
0x00007ffad3c50000 - 0x00007ffad3c58000 	C:\Windows\System32\NSI.dll
0x00007ffacd800000 - 0x00007ffacd817000 	C:\Windows\SYSTEM32\dhcpcsvc6.DLL
0x00007ffacd7c0000 - 0x00007ffacd7dd000 	C:\Windows\SYSTEM32\dhcpcsvc.DLL
0x00007ffad1bb0000 - 0x00007ffad1c7c000 	C:\Windows\SYSTEM32\DNSAPI.dll
0x000000006e700000 - 0x000000006e72a000 	C:\Temp\libgdxvik\e1cd32f8\gdx64.dll
0x00007ffabc520000 - 0x00007ffabc584000 	C:\Temp\lwjglvik\3.2.3-build-13\lwjgl.dll
0x00007ffa9ce60000 - 0x00007ffa9d0b3000 	C:\Temp\lwjglvik\3.2.3-build-13\jemalloc.dll
0x00007ffab8220000 - 0x00007ffab8282000 	C:\Temp\lwjglvik\3.2.3-build-13\glfw.dll
0x00007ffad01c0000 - 0x00007ffad025e000 	C:\Windows\system32\uxtheme.dll
0x00007ffab7800000 - 0x00007ffab7845000 	C:\Windows\SYSTEM32\dinput8.dll
0x00007ffac76a0000 - 0x00007ffac76b1000 	C:\Windows\SYSTEM32\xinput1_4.dll
0x00007ffad2710000 - 0x00007ffad275e000 	C:\Windows\System32\cfgmgr32.dll
0x00007ffad2450000 - 0x00007ffad247c000 	C:\Windows\SYSTEM32\DEVOBJ.dll
0x00007ffad0570000 - 0x00007ffad059f000 	C:\Windows\SYSTEM32\dwmapi.dll
0x00007ffac5a00000 - 0x00007ffac5b52000 	C:\Windows\SYSTEM32\inputhost.dll
0x00007ffad31f0000 - 0x00007ffad32bd000 	C:\Windows\System32\OLEAUT32.dll
0x00007ffacfe70000 - 0x00007ffacff62000 	C:\Windows\SYSTEM32\CoreMessaging.dll
0x00007ffacf3f0000 - 0x00007ffacf544000 	C:\Windows\SYSTEM32\wintypes.dll
0x00007ffacb930000 - 0x00007ffacba26000 	C:\Windows\SYSTEM32\PROPSYS.dll
0x00007ffacfb10000 - 0x00007ffacfe6e000 	C:\Windows\SYSTEM32\CoreUIComponents.dll
0x00007ffad1450000 - 0x00007ffad1483000 	C:\Windows\SYSTEM32\ntmarta.dll
0x00007ffad46f0000 - 0x00007ffad4805000 	C:\Windows\System32\MSCTF.dll
0x00007ffad1010000 - 0x00007ffad101d000 	C:\Windows\SYSTEM32\HID.DLL
0x00007ffad3f50000 - 0x00007ffad43b9000 	C:\Windows\System32\SETUPAPI.DLL
0x00007ffad2c90000 - 0x00007ffad2cf0000 	C:\Windows\System32\WINTRUST.dll
0x00007ffad2a90000 - 0x00007ffad2bef000 	C:\Windows\System32\CRYPT32.dll
0x00007ffad2290000 - 0x00007ffad22a2000 	C:\Windows\SYSTEM32\MSASN1.dll
0x00007ffa9cd50000 - 0x00007ffa9ce5b000 	C:\Temp\lwjglvik\3.2.3-build-13\OpenAL.dll
0x00007ffad4c60000 - 0x00007ffad4d8a000 	C:\Windows\System32\ole32.dll
0x00007ffad33b0000 - 0x00007ffad3459000 	C:\Windows\System32\clbcatq.dll
0x00007ffacd3b0000 - 0x00007ffacd435000 	C:\Windows\System32\MMDevApi.dll
0x00007ffac7930000 - 0x00007ffac7ab1000 	C:\Windows\SYSTEM32\AUDIOSES.DLL
0x00007ffad24d0000 - 0x00007ffad251b000 	C:\Windows\SYSTEM32\powrprof.dll
0x00007ffad24b0000 - 0x00007ffad24c2000 	C:\Windows\SYSTEM32\UMPDC.dll
0x00007ffad0260000 - 0x00007ffad0274000 	C:\Windows\SYSTEM32\resourcepolicyclient.dll
0x00007ffa975e0000 - 0x00007ffa97706000 	C:\Windows\SYSTEM32\opengl32.dll
0x00007ffab5200000 - 0x00007ffab522c000 	C:\Windows\SYSTEM32\GLU32.dll
0x00007ffacda10000 - 0x00007ffacdb09000 	C:\Windows\System32\AppXDeploymentClient.dll
0x00007ffa89490000 - 0x00007ffa8c649000 	C:\Windows\System32\DriverStore\FileRepository\nv_dispig.inf_amd64_47917a79b8c7fd22\nvoglv64.dll
0x00007ffacdbe0000 - 0x00007ffacdbf4000 	C:\Windows\SYSTEM32\WTSAPI32.dll
0x00007ffacd820000 - 0x00007ffacd851000 	C:\Windows\SYSTEM32\cryptnet.dll
0x00007ffacd440000 - 0x00007ffacd58a000 	C:\Windows\SYSTEM32\drvstore.dll
0x00007ffac52d0000 - 0x00007ffac530b000 	C:\Windows\SYSTEM32\dxcore.dll
0x00007ffad1ae0000 - 0x00007ffad1b3a000 	C:\Windows\SYSTEM32\WINSTA.dll
0x00007ffab77a0000 - 0x00007ffab77f9000 	C:\Temp\lwjglvik\3.2.3-build-13\lwjgl_opengl.dll
0x00007ffac5b60000 - 0x00007ffac5c59000 	C:\Windows\SYSTEM32\textinputframework.dll

dbghelp: loaded successfully - version: 4.0.5 - missing functions: none
symbol engine: initialized successfully - sym options: 0x614 - pdb path: .;C:\Program Files\Android\Android Studio\jre\bin;C:\Windows\SYSTEM32;C:\Windows\WinSxS\amd64_microsoft.windows.common-controls_6595b64144ccf1df_6.0.19041.1052_none_60b8f8fd71f5e8cb;C:\Program Files\Android\Android Studio\jre\bin\server;C:\Temp\libgdxvik\e1cd32f8;C:\Temp\lwjglvik\3.2.3-build-13;C:\Windows\System32\DriverStore\FileRepository\nv_dispig.inf_amd64_47917a79b8c7fd22

VM Arguments:
jvm_args: -Dfile.encoding=windows-1251 -Duser.country=RU -Duser.language=ru -Duser.variant 
java_command: com.mygdx.tanks2d.DesktopLauncher_1
java_class_path (initial): C:\game_dev\BattleCity2\desktop\build\classes\java\main;C:\game_dev\BattleCity2\desktop\build\resources\main;C:\Users\vik\.gradle\caches\modules-2\files-2.1\com.badlogicgames.gdx\gdx-backend-lwjgl3\1.10.0\600c7d5b2c977daa82c4abad147087b31e0ada87\gdx-backend-lwjgl3-1.10.0.jar;C:\Users\vik\.gradle\caches\modules-2\files-2.1\com.badlogicgames.gdx\gdx-platform\1.10.0\9a8fa793d2fd6d360afc6c9e4c1f5583da263b88\gdx-platform-1.10.0-natives-desktop.jar;C:\Users\vik\.gradle\caches\modules-2\files-2.1\com.badlogicgames.gdx\gdx-bullet-platform\1.10.0\ce92e8dfc762523d769cbc50853163c03bf98cf1\gdx-bullet-platform-1.10.0-natives-desktop.jar;C:\Users\vik\.gradle\caches\modules-2\files-2.1\com.badlogicgames.gdx\gdx-freetype-platform\1.10.0\6e5d28752759e69384f12e4569d2c884ff71352f\gdx-freetype-platform-1.10.0-natives-desktop.jar;C:\game_dev\BattleCity2\core\build\libs\core-1.0.jar;C:\Users\vik\.gradle\caches\modules-2\files-2.1\com.android.support\multidex\1.0.3\977baa430cd9596838e8b1799b66ecf4d10a723b\multidex-1.0.3.aar;C:\Users\vik\.gradle\caches\modules-2\files-2.1\com.badlogicgames.gdx\gdx-bullet\1.10.0\839b58c7278f5c3b55291c3a559d91227400ecdb\gdx-bullet-1.10.0.jar;C:\Users\vik\.gradle\caches\modules-2\files-2.1\com.badlogicgames.gdx\gdx-freetype\1.10.0\de1d0d5c1e92e8d91364256fd6b7bb279d3e9859\gdx-freetype-1.10.0.jar;C:\Users\vik\.gradle\caches\modules-2\files-2.1\com.badlogicgames.gdx\gdx\1.10.0\74c240f79dc4fb6b766a834249600d0a019d0489\gdx-1.10.0.jar;C:\Users\vik\.gradle\caches\modules-2\files-2.1\org.lwjgl\lwjgl-glfw\3.2.3\5e520d5c290c8b012545a8d34fa5db5ab051ea53\lwjgl-glfw-3.2.3.jar;C:\Users\vik\.gradle\caches\modules-2\files-2.1\org.lwjgl\lwjgl-glfw\3.2.3\b4d8a3477cdc2edcf7a5f1e822926be846223f54\lwjgl-glfw-3.2.3-natives-windows.jar;C:\Users\vik\.gradle\caches\modules-2\files-2.1\org.lwjgl\lwjgl-glfw\3.2.3\795d81329f65679ee6d299373cbea7fffc56b6ed\lwjgl-glfw-3.2.3-natives-windows-x86.jar;C:\Users\vik\.gradle\caches\modules-2\files-2.1\org.lwjgl\lwjgl-
Launcher Type: SUN_STANDARD

[Global flags]
     intx CICompilerCount                          = 4                                         {product} {ergonomic}
     uint ConcGCThreads                            = 3                                         {product} {ergonomic}
     uint G1ConcRefinementThreads                  = 10                                        {product} {ergonomic}
   size_t G1HeapRegionSize                         = 1048576                                   {product} {ergonomic}
    uintx GCDrainStackTargetSize                   = 64                                        {product} {ergonomic}
   size_t InitialHeapSize                          = 268435456                                 {product} {ergonomic}
   size_t MarkStackSize                            = 4194304                                   {product} {ergonomic}
   size_t MaxHeapSize                              = 4282384384                                {product} {ergonomic}
   size_t MaxNewSize                               = 2569011200                                {product} {ergonomic}
   size_t MinHeapDeltaBytes                        = 1048576                                   {product} {ergonomic}
    uintx NonNMethodCodeHeapSize                   = 5836300                                {pd product} {ergonomic}
    uintx NonProfiledCodeHeapSize                  = 122910970                              {pd product} {ergonomic}
    uintx ProfiledCodeHeapSize                     = 122910970                              {pd product} {ergonomic}
    uintx ReservedCodeCacheSize                    = 251658240                              {pd product} {ergonomic}
     bool SegmentedCodeCache                       = true                                      {product} {ergonomic}
     bool UseCompressedClassPointers               = true                                 {lp64_product} {ergonomic}
     bool UseCompressedOops                        = true                                 {lp64_product} {ergonomic}
     bool UseG1GC                                  = true                                      {product} {ergonomic}
     bool UseLargePagesIndividualAllocation        = false                                  {pd product} {ergonomic}

Logging:
Log output configuration:
 #0: stdout all=warning uptime,level,tags
 #1: stderr all=off uptime,level,tags

Environment Variables:
PATH=C:\Program Files (x86)\Common Files\Oracle\Java\javapath;C:\Windows\system32;C:\Windows;C:\Windows\System32\Wbem;C:\Windows\System32\WindowsPowerShell\v1.0\;C:\Program Files\Git\cmd;C:\Program Files (x86)\NVIDIA Corporation\PhysX\Common;C:\Program Files\PuTTY\;C:\Users\vik\AppData\Local\Microsoft\WindowsApps;
USERNAME=vik
OS=Windows_NT
PROCESSOR_IDENTIFIER=AMD64 Family 23 Model 1 Stepping 1, AuthenticAMD



---------------  S Y S T E M  ---------------

OS: Windows 10 , 64 bit Build 19041 (10.0.19041.1023)
OS uptime: 0 days 2:47 hours

CPU:total 12 (initial active 12) (12 cores per cpu, 2 threads per core) family 23 model 1 stepping 1 microcode 0x0, cmov, cx8, fxsr, mmx, sse, sse2, sse3, ssse3, sse4.1, sse4.2, popcnt, avx, avx2, aes, clmul, mmxext, 3dnowpref, lzcnt, sse4a, ht, tsc, tscinvbit, tscinv, bmi1, bmi2, adx, sha, fma

Memory: 4k page, system-wide physical 16332M (8761M free)
TotalPageFile size 18764M (AvailPageFile size 9399M)
current process WorkingSet (physical memory assigned to process): 203M, peak: 218M
current process commit charge ("private bytes"): 502M, peak: 521M

vm_info: OpenJDK 64-Bit Server VM (11.0.12+7-b1504.28-7817840) for windows-amd64 JRE (11.0.12+7-b1504.28-7817840), built on Oct 13 2021 22:12:33 by "builder" with MS VC++ 14.0 (VS2015)

END.
