#
# There is insufficient memory for the Java Runtime Environment to continue.
# Native memory allocation (mmap) failed to map 100663296 bytes for Failed to commit area from 0x00000000a0c00000 to 0x00000000a6c00000 of length 100663296.
# Possible reasons:
#   The system is out of physical RAM or swap space
#   The process is running with CompressedOops enabled, and the Java Heap may be blocking the growth of the native heap
# Possible solutions:
#   Reduce memory load on the system
#   Increase physical memory or swap space
#   Check if swap backing store is full
#   Decrease Java heap size (-Xmx/-Xms)
#   Decrease number of Java threads
#   Decrease Java thread stack sizes (-Xss)
#   Set larger code cache with -XX:ReservedCodeCacheSize=
# This output file may be truncated or incomplete.
#
#  Out of Memory Error (./src/hotspot/os/windows/os_windows.cpp:3521), pid=10328, tid=13008
#
# JRE version:  (11.0.12+7) (build )
# Java VM: OpenJDK 64-Bit Server VM (11.0.12+7-b1504.28-7817840, mixed mode, sharing, tiered, compressed oops, g1 gc, windows-amd64)
# No core dump will be written. Minidumps are not enabled by default on client versions of Windows
#

---------------  S U M M A R Y ------------

Command Line: -Dfile.encoding=windows-1251 -Duser.country=RU -Duser.language=ru -Duser.variant main.java.com.ServerLauncher 8

Host: Intel(R) Pentium(R) CPU G3260 @ 3.30GHz, 2 cores, 5G,  Windows 7 , 64 bit Build 7601 (6.1.7601.18015)
Time: Tue Sep  6 10:43:26 2022 Oaio?aeuiay Acey (ceia) elapsed time: 0.006308 seconds (0d 0h 0m 0s)

---------------  T H R E A D  ---------------

Current thread (0x000000000025c800):  JavaThread "Unknown thread" [_thread_in_vm, id=13008, stack(0x0000000002240000,0x0000000002340000)]

Stack: [0x0000000002240000,0x0000000002340000]
Native frames: (J=compiled Java code, j=interpreted, Vv=VM code, C=native code)
V  [jvm.dll+0x5fbcea]
V  [jvm.dll+0x731905]
V  [jvm.dll+0x732f1d]
V  [jvm.dll+0x7335d3]
V  [jvm.dll+0x247bf8]
V  [jvm.dll+0x5f90b4]
V  [jvm.dll+0x5edc85]
V  [jvm.dll+0x305aeb]
V  [jvm.dll+0x305a5a]
V  [jvm.dll+0x305932]
V  [jvm.dll+0x30a896]
V  [jvm.dll+0x353803]
V  [jvm.dll+0x353f06]
V  [jvm.dll+0x353903]
V  [jvm.dll+0x2e0678]
V  [jvm.dll+0x2e1827]
V  [jvm.dll+0x710037]
V  [jvm.dll+0x71182c]
V  [jvm.dll+0x360da9]
V  [jvm.dll+0x6f390e]
V  [jvm.dll+0x3c9723]
V  [jvm.dll+0x3cb9b1]
C  [jli.dll+0x536b]
C  [ucrtbase.DLL+0x6be1d]
C  [kernel32.dll+0x1652d]
C  [ntdll.dll+0x2c541]


---------------  P R O C E S S  ---------------

Threads class SMR info:
_java_thread_list=0x0000000000233660, length=0, elements={
}

Java Threads: ( => current thread )

Other Threads:
  0x0000000000276800 GCTaskThread "GC Thread#0" [stack: 0x0000000015510000,0x0000000015610000] [id=11644]
  0x000000000029c000 ConcurrentGCThread "G1 Main Marker" [stack: 0x0000000019060000,0x0000000019160000] [id=11340]
  0x000000000029d000 ConcurrentGCThread "G1 Conc#0" [stack: 0x00000000191c0000,0x00000000192c0000] [id=13060]

[error occurred during error reporting (printing all threads), id 0xc0000005, EXCEPTION_ACCESS_VIOLATION (0xc0000005) at pc=0x000007fed2e00be7]

VM state:not at safepoint (not fully initialized)

VM Mutex/Monitor currently owned by a thread:  ([mutex/lock_event])
[0x000000000025a030] Heap_lock - owner thread: 0x000000000025c800

Heap address: 0x00000000a0c00000, size: 1524 MB, Compressed Oops mode: Non-zero based: 0x00000000a0c00000
Narrow klass base: 0x0000000000000000, Narrow klass shift: 0

GC Heap History (0 events):
No events

Deoptimization events (0 events):
No events

Classes redefined (0 events):
No events

Internal exceptions (0 events):
No events

Events (1 events):
Event: 0.003 Loaded shared library C:\Program Files\Android\Android Studio\jre\bin\zip.dll


Dynamic libraries:
0x000000013fac0000 - 0x000000013faca000 	C:\Program Files\Android\Android Studio\jre\bin\java.exe
0x00000000771d0000 - 0x0000000077379000 	C:\Windows\SYSTEM32\ntdll.dll
0x00000000770b0000 - 0x00000000771cf000 	C:\Windows\system32\kernel32.dll
0x000007fefd420000 - 0x000007fefd48b000 	C:\Windows\system32\KERNELBASE.dll
0x000007fef7e50000 - 0x000007fef7e69000 	C:\Program Files\Android\Android Studio\jre\bin\jli.dll
0x000007fefbbd0000 - 0x000007fefbdc4000 	C:\Windows\WinSxS\amd64_microsoft.windows.common-controls_6595b64144ccf1df_6.0.7601.17514_none_fa396087175ac9ac\COMCTL32.dll
0x000007fefe710000 - 0x000007fefe7af000 	C:\Windows\system32\msvcrt.dll
0x000007fefee20000 - 0x000007fefee87000 	C:\Windows\system32\GDI32.dll
0x0000000076fb0000 - 0x00000000770aa000 	C:\Windows\system32\USER32.dll
0x000007fefedf0000 - 0x000007fefedfe000 	C:\Windows\system32\LPK.dll
0x000007fefe460000 - 0x000007fefe529000 	C:\Windows\system32\USP10.dll
0x000007fefed70000 - 0x000007fefede1000 	C:\Windows\system32\SHLWAPI.dll
0x000007fef6c20000 - 0x000007fef6c37000 	C:\Program Files\Android\Android Studio\jre\bin\VCRUNTIME140.dll
0x000007fef77c0000 - 0x000007fef77c4000 	C:\Windows\system32\api-ms-win-crt-runtime-l1-1-0.dll
0x000007fef7850000 - 0x000007fef7944000 	C:\Windows\system32\ucrtbase.DLL
0x000007fef7840000 - 0x000007fef7843000 	C:\Windows\system32\api-ms-win-core-timezone-l1-1-0.dll
0x000007fef7830000 - 0x000007fef7833000 	C:\Windows\system32\api-ms-win-core-file-l2-1-0.dll
0x000007fef7820000 - 0x000007fef7823000 	C:\Windows\system32\api-ms-win-core-localization-l1-2-0.dll
0x000007fef7810000 - 0x000007fef7813000 	C:\Windows\system32\api-ms-win-core-synch-l1-2-0.dll
0x000007fef7800000 - 0x000007fef7803000 	C:\Windows\system32\api-ms-win-core-processthreads-l1-1-1.dll
0x000007fef77f0000 - 0x000007fef77f3000 	C:\Windows\system32\api-ms-win-core-file-l1-2-0.dll
0x000007fef7950000 - 0x000007fef7954000 	C:\Windows\system32\api-ms-win-crt-string-l1-1-0.dll
0x000007fef77d0000 - 0x000007fef77d3000 	C:\Windows\system32\api-ms-win-crt-heap-l1-1-0.dll
0x000007fef77e0000 - 0x000007fef77e4000 	C:\Windows\system32\api-ms-win-crt-stdio-l1-1-0.dll
0x000007fef77b0000 - 0x000007fef77b4000 	C:\Windows\system32\api-ms-win-crt-convert-l1-1-0.dll
0x000007fef7780000 - 0x000007fef7783000 	C:\Windows\system32\api-ms-win-crt-environment-l1-1-0.dll
0x000007fef7770000 - 0x000007fef7773000 	C:\Windows\system32\api-ms-win-crt-filesystem-l1-1-0.dll
0x000007fef7740000 - 0x000007fef7745000 	C:\Windows\system32\api-ms-win-crt-math-l1-1-0.dll
0x000007fef7750000 - 0x000007fef7753000 	C:\Windows\system32\api-ms-win-crt-locale-l1-1-0.dll
0x000007feff220000 - 0x000007feff24e000 	C:\Windows\system32\IMM32.DLL
0x000007fefeee0000 - 0x000007fefefe9000 	C:\Windows\system32\MSCTF.dll
0x000007fef2c00000 - 0x000007fef2c9d000 	C:\Program Files\Android\Android Studio\jre\bin\msvcp140.dll
0x000007fef77a0000 - 0x000007fef77a5000 	C:\Windows\system32\api-ms-win-crt-multibyte-l1-1-0.dll
0x000007fef7760000 - 0x000007fef7763000 	C:\Windows\system32\api-ms-win-crt-time-l1-1-0.dll
0x000007fef7790000 - 0x000007fef7793000 	C:\Windows\system32\api-ms-win-crt-utility-l1-1-0.dll
0x000007fed2b10000 - 0x000007fed35f5000 	C:\Program Files\Android\Android Studio\jre\bin\server\jvm.dll
0x000007fefeb90000 - 0x000007fefec6b000 	C:\Windows\system32\ADVAPI32.dll
0x000007fefee00000 - 0x000007fefee1f000 	C:\Windows\SYSTEM32\sechost.dll
0x000007feff0f0000 - 0x000007feff21d000 	C:\Windows\system32\RPCRT4.dll
0x000007fef7f20000 - 0x000007fef7f29000 	C:\Windows\system32\WSOCK32.dll
0x000007fefee90000 - 0x000007fefeedd000 	C:\Windows\system32\WS2_32.dll
0x000007fefd4f0000 - 0x000007fefd4f8000 	C:\Windows\system32\NSI.dll
0x000007fefb0a0000 - 0x000007fefb0db000 	C:\Windows\system32\WINMM.dll
0x000007fefc260000 - 0x000007fefc26c000 	C:\Windows\system32\VERSION.dll
0x00000000773a0000 - 0x00000000773a7000 	C:\Windows\system32\PSAPI.DLL
0x000007fef69a0000 - 0x000007fef69b1000 	C:\Program Files\Android\Android Studio\jre\bin\verify.dll
0x000007fef4670000 - 0x000007fef4795000 	C:\Windows\system32\DBGHELP.DLL
0x000007fef2fe0000 - 0x000007fef3009000 	C:\Program Files\Android\Android Studio\jre\bin\java.dll
0x000007fef6980000 - 0x000007fef698b000 	C:\Program Files\Android\Android Studio\jre\bin\jimage.dll
0x000007fef5b50000 - 0x000007fef5b68000 	C:\Program Files\Android\Android Studio\jre\bin\zip.dll

dbghelp: loaded successfully - version: 4.0.5 - missing functions: none
symbol engine: initialized successfully - sym options: 0x614 - pdb path: .;C:\Program Files\Android\Android Studio\jre\bin;C:\Windows\SYSTEM32;C:\Windows\WinSxS\amd64_microsoft.windows.common-controls_6595b64144ccf1df_6.0.7601.17514_none_fa396087175ac9ac;C:\Program Files\Android\Android Studio\jre\bin\server

VM Arguments:
jvm_args: -Dfile.encoding=windows-1251 -Duser.country=RU -Duser.language=ru -Duser.variant 
java_command: main.java.com.ServerLauncher 8
java_class_path (initial): C:\Games\BattleCity2\serverTank\build\classes\java\main;C:\Games\BattleCity2\serverTank\build\resources\main;C:\Games\BattleCity2\core\build\libs\core-1.0.jar;C:\Users\viktor\.gradle\caches\modules-2\files-2.1\com.esotericsoftware\kryonet\2.22.0-RC1\2f25f7250a3096a8d1b8182946f6572d90d280d0\kryonet-2.22.0-RC1.jar;C:\Users\viktor\.gradle\caches\modules-2\files-2.1\com.badlogicgames.gdx\gdx-bullet\1.10.0\839b58c7278f5c3b55291c3a559d91227400ecdb\gdx-bullet-1.10.0.jar;C:\Users\viktor\.gradle\caches\modules-2\files-2.1\com.badlogicgames.gdx\gdx-freetype\1.10.0\de1d0d5c1e92e8d91364256fd6b7bb279d3e9859\gdx-freetype-1.10.0.jar;C:\Users\viktor\.gradle\caches\modules-2\files-2.1\com.badlogicgames.box2dlights\box2dlights\1.5\6902dbcd250c95a27973aa24a147a95b3828d348\box2dlights-1.5.jar;C:\Users\viktor\.gradle\caches\modules-2\files-2.1\com.badlogicgames.gdx\gdx-box2d\1.10.0\b3a3c0f00b90716238835434d0ae8985604c37f8\gdx-box2d-1.10.0.jar;C:\Users\viktor\.gradle\caches\modules-2\files-2.1\com.badlogicgames.gdx\gdx\1.10.0\74c240f79dc4fb6b766a834249600d0a019d0489\gdx-1.10.0.jar;C:\Users\viktor\.gradle\caches\modules-2\files-2.1\org.json\json\20171018\36ced462c97f0845b4a7b266a25cebe95d18baa3\json-20171018.jar;C:\Users\viktor\.gradle\caches\modules-2\files-2.1\com.esotericsoftware.kryo\kryo\2.24.0\c6b206e80cfd97e66a1364003724491c757b92f\kryo-2.24.0.jar;C:\Users\viktor\.gradle\caches\modules-2\files-2.1\com.esotericsoftware\jsonbeans\0.7\de977f0875708eddd154f2a4c3a3f58a13ef297\jsonbeans-0.7.jar;C:\Users\viktor\.gradle\caches\modules-2\files-2.1\com.google.android.gms\play-services-ads\15.0.0\603df767d87ca85acd5bca610a4feb6e3fd88759\play-services-ads-15.0.0.aar;C:\Users\viktor\.gradle\caches\modules-2\files-2.1\com.esotericsoftware.minlog\minlog\1.2\59bfcd171d82f9981a5e242b9e840191f650e209\minlog-1.2.jar;C:\Users\viktor\.gradle\caches\modules-2\files-2.1\org.objenesis\objenesis\2.1\87c0ea803b69252868d09308b4618f766f135a96\objenesis-2.1.jar;C:\Users\viktor\.gra
Launcher Type: SUN_STANDARD

[Global flags]
     intx CICompilerCount                          = 2                                         {product} {ergonomic}
     uint ConcGCThreads                            = 1                                         {product} {ergonomic}
     uint G1ConcRefinementThreads                  = 2                                         {product} {ergonomic}
   size_t G1HeapRegionSize                         = 1048576                                   {product} {ergonomic}
    uintx GCDrainStackTargetSize                   = 64                                        {product} {ergonomic}
   size_t InitialHeapSize                          = 100663296                                 {product} {ergonomic}
   size_t MarkStackSize                            = 4194304                                   {product} {ergonomic}
   size_t MaxHeapSize                              = 1598029824                                {product} {ergonomic}
   size_t MinHeapDeltaBytes                        = 1048576                                   {product} {ergonomic}
    uintx NonNMethodCodeHeapSize                   = 5825164                                {pd product} {ergonomic}
    uintx NonProfiledCodeHeapSize                  = 122916538                              {pd product} {ergonomic}
    uintx ProfiledCodeHeapSize                     = 122916538                              {pd product} {ergonomic}
    uintx ReservedCodeCacheSize                    = 251658240                              {pd product} {ergonomic}
     bool SegmentedCodeCache                       = true                                      {product} {ergonomic}
     bool UseCompressedClassPointers               = true                                 {lp64_product} {ergonomic}
     bool UseCompressedOops                        = true                                 {lp64_product} {ergonomic}
     bool UseG1GC                                  = true                                      {product} {ergonomic}
     bool UseLargePagesIndividualAllocation        = false                                  {pd product} {ergonomic}

Logging:
Log output configuration:
 #0: stdout all=warning uptime,level,tags
 #1: stderr all=off uptime,level,tags

Environment Variables:
PATH=C:\Program Files\Common Files\Oracle\Java\javapath;C:\Program Files (x86)\Common Files\Oracle\Java\javapath;C:\Windows\system32;C:\Windows;C:\Windows\System32\Wbem;C:\Windows\System32\WindowsPowerShell\v1.0\;C:\Program Files\Git\cmd
USERNAME=viktor
OS=Windows_NT
PROCESSOR_IDENTIFIER=Intel64 Family 6 Model 60 Stepping 3, GenuineIntel



---------------  S Y S T E M  ---------------

OS: Windows 7 , 64 bit Build 7601 (6.1.7601.18015)
OS uptime: 3 days 20:10 hours

CPU:total 2 (initial active 2) (2 cores per cpu, 1 threads per core) family 6 model 60 stepping 3 microcode 0x0, cmov, cx8, fxsr, mmx, sse, sse2, sse3, ssse3, sse4.1, sse4.2, popcnt, clmul, erms, lzcnt, tsc, tscinvbit

Memory: 4k page, system-wide physical 6088M (985M free)
TotalPageFile size 24350M (AvailPageFile size 97M)
current process WorkingSet (physical memory assigned to process): 9M, peak: 9M
current process commit charge ("private bytes"): 52M, peak: 147M

vm_info: OpenJDK 64-Bit Server VM (11.0.12+7-b1504.28-7817840) for windows-amd64 JRE (11.0.12+7-b1504.28-7817840), built on Oct 13 2021 22:12:33 by "builder" with MS VC++ 14.0 (VS2015)

END.
