#
# A fatal error has been detected by the Java Runtime Environment:
#
#  EXCEPTION_ACCESS_VIOLATION (0xc0000005) at pc=0x000002501e8ffd1b, pid=3344, tid=6572
#
# JRE version: OpenJDK Runtime Environment (11.0.12+7) (build 11.0.12+7-b1504.28-7817840)
# Java VM: OpenJDK 64-Bit Server VM (11.0.12+7-b1504.28-7817840, mixed mode, tiered, compressed oops, g1 gc, windows-amd64)
# Problematic frame:
# C  0x000002501e8ffd1b
#
# No core dump will be written. Minidumps are not enabled by default on client versions of Windows
#
# If you would like to submit a bug report, please visit:
#   https://bugreport.java.com/bugreport/crash.jsp
#

---------------  S U M M A R Y ------------

Command Line: -Dfile.encoding=windows-1251 -Duser.country=RU -Duser.language=ru -Duser.variant com.mygdx.tanks2d.DesktopLauncher_1

Host: AMD Ryzen 5 1600X Six-Core Processor           , 12 cores, 15G,  Windows 10 , 64 bit Build 19041 (10.0.19041.1023)
Time: Sat Nov  5 18:26:36 2022 ќмское стандартное врем€ elapsed time: 3.523967 seconds (0d 0h 0m 3s)

---------------  T H R E A D  ---------------

Current thread is native thread

Stack: [0x00000095dca00000,0x00000095dcb00000],  sp=0x00000095dcafdd20,  free space=1015k
Native frames: (J=compiled Java code, j=interpreted, Vv=VM code, C=native code)
C  0x000002501e8ffd1b


siginfo: EXCEPTION_ACCESS_VIOLATION (0xc0000005), reading address 0x0000025018b024a4


Registers:
RAX=0x0000025020e35a68, RBX=0x000002501c550000, RCX=0x000000000000c185, RDX=0x0000025018a23eda
RSP=0x00000095dcafdd20, RBP=0x000000003f800000, RSI=0x0000025018b024a4, RDI=0x000000000003c799
R8 =0x0000025018a23ed0, R9 =0x0000000000000006, R10=0x000002501c5cf048, R11=0x0000025018a23edc
R12=0x0000000000000078, R13=0x0000025020e35a18, R14=0x0000000000000000, R15=0x0000000000000006
RIP=0x000002501e8ffd1b, EFLAGS=0x0000000000010202

Top of Stack: (sp=0x00000095dcafdd20)
0x00000095dcafdd20:   0000025000000006 0000025017135b70
0x00000095dcafdd30:   000002501c550000 0000000000000006
0x00000095dcafdd40:   0000000000000000 00007ff91248b005
0x00000095dcafdd50:   0000000000000078 0000000000000000
0x00000095dcafdd60:   000002501c550000 0000000000000078
0x00000095dcafdd70:   00000095dcafde00 00007ff9121c61f9
0x00000095dcafdd80:   0000000000000000 0000000000000000
0x00000095dcafdd90:   0000025000000000 0000025020e35a18
0x00000095dcafdda0:   00007ff900000000 0000000000000000
0x00000095dcafddb0:   0000025018a23ed0 000002501c5a8350
0x00000095dcafddc0:   0000000000000006 000002501e8ffcc0
0x00000095dcafddd0:   0000025018a23ed0 0000000000000000
0x00000095dcafdde0:   00007ff91249f410 000002501c59c5f8
0x00000095dcafddf0:   00000095dcafde30 00000095dcafdf70
0x00000095dcafde00:   0000025000000006 00000095dcafdf70
0x00000095dcafde10:   00000000f1f9ef35 0000000000000000 

Instructions: (pc=0x000002501e8ffd1b)
0x000002501e8ffc1b:   00 00 00 00 00 00 00 00 00 00 00 00 00 00 00 00
0x000002501e8ffc2b:   00 00 00 00 00 00 00 00 00 00 00 00 00 00 00 00
0x000002501e8ffc3b:   00 00 00 00 00 00 00 00 00 00 00 00 00 00 00 00
0x000002501e8ffc4b:   00 00 00 00 00 00 00 00 00 00 00 00 00 00 00 00
0x000002501e8ffc5b:   00 00 00 00 00 00 00 00 00 00 00 00 00 00 00 00
0x000002501e8ffc6b:   00 00 00 00 00 00 00 00 00 00 00 00 00 00 00 00
0x000002501e8ffc7b:   00 00 00 00 00 00 00 00 00 00 00 00 00 00 00 00
0x000002501e8ffc8b:   00 00 00 00 00 00 00 00 00 00 00 00 00 00 00 00
0x000002501e8ffc9b:   00 00 00 00 00 00 00 00 00 00 00 00 00 00 00 00
0x000002501e8ffcab:   00 00 00 00 00 00 00 00 00 00 00 00 00 00 ff ff
0x000002501e8ffcbb:   ff 80 fc 00 00 48 83 ec 28 48 89 6c 24 20 48 89
0x000002501e8ffccb:   5c 24 18 48 89 74 24 10 48 89 7c 24 08 48 8b d9
0x000002501e8ffcdb:   48 8b c2 49 8b e9 49 8b d0 48 8d 2c 6a 4c 8b dd
0x000002501e8ffceb:   0f b7 0a 49 ba 48 f0 5c 1c 50 02 00 00 41 03 0a
0x000002501e8ffcfb:   48 83 c2 02 48 be 28 8e 5a 1c 50 02 00 00 48 8b
0x000002501e8ffd0b:   36 48 8b b6 08 03 00 00 48 8d 3c 89 48 8d 34 be
0x000002501e8ffd1b:   8b 3e 8b 6e 04 89 38 89 68 04 48 be 28 8e 5a 1c
0x000002501e8ffd2b:   50 02 00 00 48 8b 36 48 8b b6 38 03 00 00 48 8d
0x000002501e8ffd3b:   3c 89 48 8d 34 be 8b 3e 89 78 08 48 be 28 8e 5a
0x000002501e8ffd4b:   1c 50 02 00 00 48 8b 36 48 8b b6 68 03 00 00 48
0x000002501e8ffd5b:   8d 3c 89 48 8d 34 be 8b 3e 8b 6e 04 89 78 0c 89
0x000002501e8ffd6b:   68 10 48 83 c0 14 49 3b d3 0f 85 71 ff ff ff 48
0x000002501e8ffd7b:   8b 7c 24 08 48 8b 74 24 10 48 8b 5c 24 18 48 8b
0x000002501e8ffd8b:   6c 24 20 48 83 c4 28 c3 00 00 00 00 00 00 00 00
0x000002501e8ffd9b:   00 00 00 00 00 00 00 00 00 00 00 00 00 00 00 00
0x000002501e8ffdab:   00 00 00 00 00 00 00 00 00 00 00 00 00 00 ff ff
0x000002501e8ffdbb:   ff 00 01 00 00 48 83 ec 28 48 89 6c 24 20 48 89
0x000002501e8ffdcb:   5c 24 18 48 89 74 24 10 48 89 7c 24 08 48 8b d9
0x000002501e8ffddb:   48 8b c2 49 8b e9 49 8b d0 48 8d 2c 6a 4c 8b dd
0x000002501e8ffdeb:   0f b7 0a 49 ba 48 f0 5c 1c 50 02 00 00 41 03 0a
0x000002501e8ffdfb:   48 83 c2 02 48 be 28 8e 5a 1c 50 02 00 00 48 8b
0x000002501e8ffe0b:   36 48 8b b6 08 03 00 00 48 8d 34 ce 8b 3e 8b 6e 



---------------  P R O C E S S  ---------------

VM state:not at safepoint (normal execution)

VM Mutex/Monitor currently owned by a thread: None

Heap address: 0x0000000700c00000, size: 4084 MB, Compressed Oops mode: Zero based, Oop shift amount: 3
Narrow klass base: 0x0000000800000000, Narrow klass shift: 0
Compressed class space size: 1073741824 Address: 0x0000000800000000

Heap:
 garbage-first heap   total 262144K, used 49428K [0x0000000700c00000, 0x0000000800000000)
  region size 1024K, 45 young (46080K), 3 survivors (3072K)
 Metaspace       used 20004K, capacity 20234K, committed 20480K, reserved 1069056K
  class space    used 1673K, capacity 1741K, committed 1792K, reserved 1048576K
Heap Regions: E=young(eden), S=young(survivor), O=old, HS=humongous(starts), HC=humongous(continues), CS=collection set, F=free, A=archive, TAMS=top-at-mark-start (previous, next)
|   0|0x0000000700c00000, 0x0000000700d00000, 0x0000000700d00000|100%|HS|  |TAMS 0x0000000700c00000, 0x0000000700c00000| Complete 
|   1|0x0000000700d00000, 0x0000000700e00000, 0x0000000700e00000|100%|HS|  |TAMS 0x0000000700d00000, 0x0000000700d00000| Complete 
|   2|0x0000000700e00000, 0x0000000700f00000, 0x0000000700f00000|100%|HS|  |TAMS 0x0000000700e00000, 0x0000000700e00000| Complete 
|   3|0x0000000700f00000, 0x0000000701000000, 0x0000000701000000|100%|HC|  |TAMS 0x0000000700f00000, 0x0000000700f00000| Complete 
|   4|0x0000000701000000, 0x0000000701100000, 0x0000000701100000|100%|HS|  |TAMS 0x0000000701000000, 0x0000000701000000| Complete 
|   5|0x0000000701100000, 0x0000000701100000, 0x0000000701200000|  0%| F|  |TAMS 0x0000000701100000, 0x0000000701100000| Untracked 
|   6|0x0000000701200000, 0x0000000701200000, 0x0000000701300000|  0%| F|  |TAMS 0x0000000701200000, 0x0000000701200000| Untracked 
|   7|0x0000000701300000, 0x0000000701300000, 0x0000000701400000|  0%| F|  |TAMS 0x0000000701300000, 0x0000000701300000| Untracked 
|   8|0x0000000701400000, 0x0000000701400000, 0x0000000701500000|  0%| F|  |TAMS 0x0000000701400000, 0x0000000701400000| Untracked 
|   9|0x0000000701500000, 0x0000000701500000, 0x0000000701600000|  0%| F|  |TAMS 0x0000000701500000, 0x0000000701500000| Untracked 
|  10|0x0000000701600000, 0x0000000701600000, 0x0000000701700000|  0%| F|  |TAMS 0x0000000701600000, 0x0000000701600000| Untracked 
|  11|0x0000000701700000, 0x0000000701700000, 0x0000000701800000|  0%| F|  |TAMS 0x0000000701700000, 0x0000000701700000| Untracked 
|  12|0x0000000701800000, 0x0000000701800000, 0x0000000701900000|  0%| F|  |TAMS 0x0000000701800000, 0x0000000701800000| Untracked 
|  13|0x0000000701900000, 0x0000000701900000, 0x0000000701a00000|  0%| F|  |TAMS 0x0000000701900000, 0x0000000701900000| Untracked 
|  14|0x0000000701a00000, 0x0000000701a00000, 0x0000000701b00000|  0%| F|  |TAMS 0x0000000701a00000, 0x0000000701a00000| Untracked 
|  15|0x0000000701b00000, 0x0000000701b00000, 0x0000000701c00000|  0%| F|  |TAMS 0x0000000701b00000, 0x0000000701b00000| Untracked 
|  16|0x0000000701c00000, 0x0000000701c00000, 0x0000000701d00000|  0%| F|  |TAMS 0x0000000701c00000, 0x0000000701c00000| Untracked 
|  17|0x0000000701d00000, 0x0000000701d00000, 0x0000000701e00000|  0%| F|  |TAMS 0x0000000701d00000, 0x0000000701d00000| Untracked 
|  18|0x0000000701e00000, 0x0000000701e00000, 0x0000000701f00000|  0%| F|  |TAMS 0x0000000701e00000, 0x0000000701e00000| Untracked 
|  19|0x0000000701f00000, 0x0000000701f00000, 0x0000000702000000|  0%| F|  |TAMS 0x0000000701f00000, 0x0000000701f00000| Untracked 
|  20|0x0000000702000000, 0x0000000702000000, 0x0000000702100000|  0%| F|  |TAMS 0x0000000702000000, 0x0000000702000000| Untracked 
|  21|0x0000000702100000, 0x0000000702100000, 0x0000000702200000|  0%| F|  |TAMS 0x0000000702100000, 0x0000000702100000| Untracked 
|  22|0x0000000702200000, 0x0000000702200000, 0x0000000702300000|  0%| F|  |TAMS 0x0000000702200000, 0x0000000702200000| Untracked 
|  23|0x0000000702300000, 0x0000000702300000, 0x0000000702400000|  0%| F|  |TAMS 0x0000000702300000, 0x0000000702300000| Untracked 
|  24|0x0000000702400000, 0x0000000702400000, 0x0000000702500000|  0%| F|  |TAMS 0x0000000702400000, 0x0000000702400000| Untracked 
|  25|0x0000000702500000, 0x0000000702500000, 0x0000000702600000|  0%| F|  |TAMS 0x0000000702500000, 0x0000000702500000| Untracked 
|  26|0x0000000702600000, 0x0000000702600000, 0x0000000702700000|  0%| F|  |TAMS 0x0000000702600000, 0x0000000702600000| Untracked 
|  27|0x0000000702700000, 0x0000000702700000, 0x0000000702800000|  0%| F|  |TAMS 0x0000000702700000, 0x0000000702700000| Untracked 
|  28|0x0000000702800000, 0x0000000702800000, 0x0000000702900000|  0%| F|  |TAMS 0x0000000702800000, 0x0000000702800000| Untracked 
|  29|0x0000000702900000, 0x0000000702900000, 0x0000000702a00000|  0%| F|  |TAMS 0x0000000702900000, 0x0000000702900000| Untracked 
|  30|0x0000000702a00000, 0x0000000702a00000, 0x0000000702b00000|  0%| F|  |TAMS 0x0000000702a00000, 0x0000000702a00000| Untracked 
|  31|0x0000000702b00000, 0x0000000702b00000, 0x0000000702c00000|  0%| F|  |TAMS 0x0000000702b00000, 0x0000000702b00000| Untracked 
|  32|0x0000000702c00000, 0x0000000702c00000, 0x0000000702d00000|  0%| F|  |TAMS 0x0000000702c00000, 0x0000000702c00000| Untracked 
|  33|0x0000000702d00000, 0x0000000702d00000, 0x0000000702e00000|  0%| F|  |TAMS 0x0000000702d00000, 0x0000000702d00000| Untracked 
|  34|0x0000000702e00000, 0x0000000702e00000, 0x0000000702f00000|  0%| F|  |TAMS 0x0000000702e00000, 0x0000000702e00000| Untracked 
|  35|0x0000000702f00000, 0x0000000702f00000, 0x0000000703000000|  0%| F|  |TAMS 0x0000000702f00000, 0x0000000702f00000| Untracked 
|  36|0x0000000703000000, 0x0000000703000000, 0x0000000703100000|  0%| F|  |TAMS 0x0000000703000000, 0x0000000703000000| Untracked 
|  37|0x0000000703100000, 0x0000000703100000, 0x0000000703200000|  0%| F|  |TAMS 0x0000000703100000, 0x0000000703100000| Untracked 
|  38|0x0000000703200000, 0x0000000703200000, 0x0000000703300000|  0%| F|  |TAMS 0x0000000703200000, 0x0000000703200000| Untracked 
|  39|0x0000000703300000, 0x0000000703300000, 0x0000000703400000|  0%| F|  |TAMS 0x0000000703300000, 0x0000000703300000| Untracked 
|  40|0x0000000703400000, 0x0000000703400000, 0x0000000703500000|  0%| F|  |TAMS 0x0000000703400000, 0x0000000703400000| Untracked 
|  41|0x0000000703500000, 0x0000000703500000, 0x0000000703600000|  0%| F|  |TAMS 0x0000000703500000, 0x0000000703500000| Untracked 
|  42|0x0000000703600000, 0x0000000703600000, 0x0000000703700000|  0%| F|  |TAMS 0x0000000703600000, 0x0000000703600000| Untracked 
|  43|0x0000000703700000, 0x0000000703700000, 0x0000000703800000|  0%| F|  |TAMS 0x0000000703700000, 0x0000000703700000| Untracked 
|  44|0x0000000703800000, 0x0000000703800000, 0x0000000703900000|  0%| F|  |TAMS 0x0000000703800000, 0x0000000703800000| Untracked 
|  45|0x0000000703900000, 0x0000000703900000, 0x0000000703a00000|  0%| F|  |TAMS 0x0000000703900000, 0x0000000703900000| Untracked 
|  46|0x0000000703a00000, 0x0000000703a00000, 0x0000000703b00000|  0%| F|  |TAMS 0x0000000703a00000, 0x0000000703a00000| Untracked 
|  47|0x0000000703b00000, 0x0000000703b00000, 0x0000000703c00000|  0%| F|  |TAMS 0x0000000703b00000, 0x0000000703b00000| Untracked 
|  48|0x0000000703c00000, 0x0000000703c00000, 0x0000000703d00000|  0%| F|  |TAMS 0x0000000703c00000, 0x0000000703c00000| Untracked 
|  49|0x0000000703d00000, 0x0000000703d00000, 0x0000000703e00000|  0%| F|  |TAMS 0x0000000703d00000, 0x0000000703d00000| Untracked 
|  50|0x0000000703e00000, 0x0000000703e00000, 0x0000000703f00000|  0%| F|  |TAMS 0x0000000703e00000, 0x0000000703e00000| Untracked 
|  51|0x0000000703f00000, 0x0000000703f00000, 0x0000000704000000|  0%| F|  |TAMS 0x0000000703f00000, 0x0000000703f00000| Untracked 
|  52|0x0000000704000000, 0x0000000704000000, 0x0000000704100000|  0%| F|  |TAMS 0x0000000704000000, 0x0000000704000000| Untracked 
|  53|0x0000000704100000, 0x0000000704100000, 0x0000000704200000|  0%| F|  |TAMS 0x0000000704100000, 0x0000000704100000| Untracked 
|  54|0x0000000704200000, 0x0000000704200000, 0x0000000704300000|  0%| F|  |TAMS 0x0000000704200000, 0x0000000704200000| Untracked 
|  55|0x0000000704300000, 0x0000000704300000, 0x0000000704400000|  0%| F|  |TAMS 0x0000000704300000, 0x0000000704300000| Untracked 
|  56|0x0000000704400000, 0x0000000704400000, 0x0000000704500000|  0%| F|  |TAMS 0x0000000704400000, 0x0000000704400000| Untracked 
|  57|0x0000000704500000, 0x0000000704500000, 0x0000000704600000|  0%| F|  |TAMS 0x0000000704500000, 0x0000000704500000| Untracked 
|  58|0x0000000704600000, 0x0000000704600000, 0x0000000704700000|  0%| F|  |TAMS 0x0000000704600000, 0x0000000704600000| Untracked 
|  59|0x0000000704700000, 0x0000000704700000, 0x0000000704800000|  0%| F|  |TAMS 0x0000000704700000, 0x0000000704700000| Untracked 
|  60|0x0000000704800000, 0x0000000704800000, 0x0000000704900000|  0%| F|  |TAMS 0x0000000704800000, 0x0000000704800000| Untracked 
|  61|0x0000000704900000, 0x0000000704900000, 0x0000000704a00000|  0%| F|  |TAMS 0x0000000704900000, 0x0000000704900000| Untracked 
|  62|0x0000000704a00000, 0x0000000704a00000, 0x0000000704b00000|  0%| F|  |TAMS 0x0000000704a00000, 0x0000000704a00000| Untracked 
|  63|0x0000000704b00000, 0x0000000704b00000, 0x0000000704c00000|  0%| F|  |TAMS 0x0000000704b00000, 0x0000000704b00000| Untracked 
|  64|0x0000000704c00000, 0x0000000704c00000, 0x0000000704d00000|  0%| F|  |TAMS 0x0000000704c00000, 0x0000000704c00000| Untracked 
|  65|0x0000000704d00000, 0x0000000704d00000, 0x0000000704e00000|  0%| F|  |TAMS 0x0000000704d00000, 0x0000000704d00000| Untracked 
|  66|0x0000000704e00000, 0x0000000704e00000, 0x0000000704f00000|  0%| F|  |TAMS 0x0000000704e00000, 0x0000000704e00000| Untracked 
|  67|0x0000000704f00000, 0x0000000704f00000, 0x0000000705000000|  0%| F|  |TAMS 0x0000000704f00000, 0x0000000704f00000| Untracked 
|  68|0x0000000705000000, 0x0000000705000000, 0x0000000705100000|  0%| F|  |TAMS 0x0000000705000000, 0x0000000705000000| Untracked 
|  69|0x0000000705100000, 0x0000000705100000, 0x0000000705200000|  0%| F|  |TAMS 0x0000000705100000, 0x0000000705100000| Untracked 
|  70|0x0000000705200000, 0x0000000705200000, 0x0000000705300000|  0%| F|  |TAMS 0x0000000705200000, 0x0000000705200000| Untracked 
|  71|0x0000000705300000, 0x0000000705300000, 0x0000000705400000|  0%| F|  |TAMS 0x0000000705300000, 0x0000000705300000| Untracked 
|  72|0x0000000705400000, 0x0000000705400000, 0x0000000705500000|  0%| F|  |TAMS 0x0000000705400000, 0x0000000705400000| Untracked 
|  73|0x0000000705500000, 0x0000000705500000, 0x0000000705600000|  0%| F|  |TAMS 0x0000000705500000, 0x0000000705500000| Untracked 
|  74|0x0000000705600000, 0x0000000705600000, 0x0000000705700000|  0%| F|  |TAMS 0x0000000705600000, 0x0000000705600000| Untracked 
|  75|0x0000000705700000, 0x0000000705700000, 0x0000000705800000|  0%| F|  |TAMS 0x0000000705700000, 0x0000000705700000| Untracked 
|  76|0x0000000705800000, 0x0000000705800000, 0x0000000705900000|  0%| F|  |TAMS 0x0000000705800000, 0x0000000705800000| Untracked 
|  77|0x0000000705900000, 0x0000000705900000, 0x0000000705a00000|  0%| F|  |TAMS 0x0000000705900000, 0x0000000705900000| Untracked 
|  78|0x0000000705a00000, 0x0000000705a00000, 0x0000000705b00000|  0%| F|  |TAMS 0x0000000705a00000, 0x0000000705a00000| Untracked 
|  79|0x0000000705b00000, 0x0000000705b00000, 0x0000000705c00000|  0%| F|  |TAMS 0x0000000705b00000, 0x0000000705b00000| Untracked 
|  80|0x0000000705c00000, 0x0000000705c00000, 0x0000000705d00000|  0%| F|  |TAMS 0x0000000705c00000, 0x0000000705c00000| Untracked 
|  81|0x0000000705d00000, 0x0000000705d00000, 0x0000000705e00000|  0%| F|  |TAMS 0x0000000705d00000, 0x0000000705d00000| Untracked 
|  82|0x0000000705e00000, 0x0000000705e00000, 0x0000000705f00000|  0%| F|  |TAMS 0x0000000705e00000, 0x0000000705e00000| Untracked 
|  83|0x0000000705f00000, 0x0000000705f00000, 0x0000000706000000|  0%| F|  |TAMS 0x0000000705f00000, 0x0000000705f00000| Untracked 
|  84|0x0000000706000000, 0x0000000706000000, 0x0000000706100000|  0%| F|  |TAMS 0x0000000706000000, 0x0000000706000000| Untracked 
|  85|0x0000000706100000, 0x0000000706100000, 0x0000000706200000|  0%| F|  |TAMS 0x0000000706100000, 0x0000000706100000| Untracked 
|  86|0x0000000706200000, 0x0000000706200000, 0x0000000706300000|  0%| F|  |TAMS 0x0000000706200000, 0x0000000706200000| Untracked 
|  87|0x0000000706300000, 0x0000000706300000, 0x0000000706400000|  0%| F|  |TAMS 0x0000000706300000, 0x0000000706300000| Untracked 
|  88|0x0000000706400000, 0x0000000706400000, 0x0000000706500000|  0%| F|  |TAMS 0x0000000706400000, 0x0000000706400000| Untracked 
|  89|0x0000000706500000, 0x0000000706500000, 0x0000000706600000|  0%| F|  |TAMS 0x0000000706500000, 0x0000000706500000| Untracked 
|  90|0x0000000706600000, 0x0000000706600000, 0x0000000706700000|  0%| F|  |TAMS 0x0000000706600000, 0x0000000706600000| Untracked 
|  91|0x0000000706700000, 0x0000000706700000, 0x0000000706800000|  0%| F|  |TAMS 0x0000000706700000, 0x0000000706700000| Untracked 
|  92|0x0000000706800000, 0x0000000706800000, 0x0000000706900000|  0%| F|  |TAMS 0x0000000706800000, 0x0000000706800000| Untracked 
|  93|0x0000000706900000, 0x0000000706900000, 0x0000000706a00000|  0%| F|  |TAMS 0x0000000706900000, 0x0000000706900000| Untracked 
|  94|0x0000000706a00000, 0x0000000706a00000, 0x0000000706b00000|  0%| F|  |TAMS 0x0000000706a00000, 0x0000000706a00000| Untracked 
|  95|0x0000000706b00000, 0x0000000706b00000, 0x0000000706c00000|  0%| F|  |TAMS 0x0000000706b00000, 0x0000000706b00000| Untracked 
|  96|0x0000000706c00000, 0x0000000706c00000, 0x0000000706d00000|  0%| F|  |TAMS 0x0000000706c00000, 0x0000000706c00000| Untracked 
|  97|0x0000000706d00000, 0x0000000706d00000, 0x0000000706e00000|  0%| F|  |TAMS 0x0000000706d00000, 0x0000000706d00000| Untracked 
|  98|0x0000000706e00000, 0x0000000706e00000, 0x0000000706f00000|  0%| F|  |TAMS 0x0000000706e00000, 0x0000000706e00000| Untracked 
|  99|0x0000000706f00000, 0x0000000706f00000, 0x0000000707000000|  0%| F|  |TAMS 0x0000000706f00000, 0x0000000706f00000| Untracked 
| 100|0x0000000707000000, 0x0000000707000000, 0x0000000707100000|  0%| F|  |TAMS 0x0000000707000000, 0x0000000707000000| Untracked 
| 101|0x0000000707100000, 0x0000000707100000, 0x0000000707200000|  0%| F|  |TAMS 0x0000000707100000, 0x0000000707100000| Untracked 
| 102|0x0000000707200000, 0x0000000707200000, 0x0000000707300000|  0%| F|  |TAMS 0x0000000707200000, 0x0000000707200000| Untracked 
| 103|0x0000000707300000, 0x0000000707300000, 0x0000000707400000|  0%| F|  |TAMS 0x0000000707300000, 0x0000000707300000| Untracked 
| 104|0x0000000707400000, 0x0000000707400000, 0x0000000707500000|  0%| F|  |TAMS 0x0000000707400000, 0x0000000707400000| Untracked 
| 105|0x0000000707500000, 0x0000000707500000, 0x0000000707600000|  0%| F|  |TAMS 0x0000000707500000, 0x0000000707500000| Untracked 
| 106|0x0000000707600000, 0x0000000707600000, 0x0000000707700000|  0%| F|  |TAMS 0x0000000707600000, 0x0000000707600000| Untracked 
| 107|0x0000000707700000, 0x0000000707700000, 0x0000000707800000|  0%| F|  |TAMS 0x0000000707700000, 0x0000000707700000| Untracked 
| 108|0x0000000707800000, 0x0000000707800000, 0x0000000707900000|  0%| F|  |TAMS 0x0000000707800000, 0x0000000707800000| Untracked 
| 109|0x0000000707900000, 0x0000000707900000, 0x0000000707a00000|  0%| F|  |TAMS 0x0000000707900000, 0x0000000707900000| Untracked 
| 110|0x0000000707a00000, 0x0000000707a00000, 0x0000000707b00000|  0%| F|  |TAMS 0x0000000707a00000, 0x0000000707a00000| Untracked 
| 111|0x0000000707b00000, 0x0000000707b00000, 0x0000000707c00000|  0%| F|  |TAMS 0x0000000707b00000, 0x0000000707b00000| Untracked 
| 112|0x0000000707c00000, 0x0000000707c00000, 0x0000000707d00000|  0%| F|  |TAMS 0x0000000707c00000, 0x0000000707c00000| Untracked 
| 113|0x0000000707d00000, 0x0000000707d00000, 0x0000000707e00000|  0%| F|  |TAMS 0x0000000707d00000, 0x0000000707d00000| Untracked 
| 114|0x0000000707e00000, 0x0000000707e00000, 0x0000000707f00000|  0%| F|  |TAMS 0x0000000707e00000, 0x0000000707e00000| Untracked 
| 115|0x0000000707f00000, 0x0000000707f00000, 0x0000000708000000|  0%| F|  |TAMS 0x0000000707f00000, 0x0000000707f00000| Untracked 
| 116|0x0000000708000000, 0x0000000708000000, 0x0000000708100000|  0%| F|  |TAMS 0x0000000708000000, 0x0000000708000000| Untracked 
| 117|0x0000000708100000, 0x0000000708100000, 0x0000000708200000|  0%| F|  |TAMS 0x0000000708100000, 0x0000000708100000| Untracked 
| 118|0x0000000708200000, 0x0000000708200000, 0x0000000708300000|  0%| F|  |TAMS 0x0000000708200000, 0x0000000708200000| Untracked 
| 119|0x0000000708300000, 0x0000000708300000, 0x0000000708400000|  0%| F|  |TAMS 0x0000000708300000, 0x0000000708300000| Untracked 
| 120|0x0000000708400000, 0x0000000708400000, 0x0000000708500000|  0%| F|  |TAMS 0x0000000708400000, 0x0000000708400000| Untracked 
| 121|0x0000000708500000, 0x0000000708500000, 0x0000000708600000|  0%| F|  |TAMS 0x0000000708500000, 0x0000000708500000| Untracked 
| 122|0x0000000708600000, 0x0000000708600000, 0x0000000708700000|  0%| F|  |TAMS 0x0000000708600000, 0x0000000708600000| Untracked 
| 123|0x0000000708700000, 0x0000000708700000, 0x0000000708800000|  0%| F|  |TAMS 0x0000000708700000, 0x0000000708700000| Untracked 
| 124|0x0000000708800000, 0x0000000708800000, 0x0000000708900000|  0%| F|  |TAMS 0x0000000708800000, 0x0000000708800000| Untracked 
| 125|0x0000000708900000, 0x0000000708900000, 0x0000000708a00000|  0%| F|  |TAMS 0x0000000708900000, 0x0000000708900000| Untracked 
| 126|0x0000000708a00000, 0x0000000708a00000, 0x0000000708b00000|  0%| F|  |TAMS 0x0000000708a00000, 0x0000000708a00000| Untracked 
| 127|0x0000000708b00000, 0x0000000708b00000, 0x0000000708c00000|  0%| F|  |TAMS 0x0000000708b00000, 0x0000000708b00000| Untracked 
| 128|0x0000000708c00000, 0x0000000708c00000, 0x0000000708d00000|  0%| F|  |TAMS 0x0000000708c00000, 0x0000000708c00000| Untracked 
| 129|0x0000000708d00000, 0x0000000708d00000, 0x0000000708e00000|  0%| F|  |TAMS 0x0000000708d00000, 0x0000000708d00000| Untracked 
| 130|0x0000000708e00000, 0x0000000708e00000, 0x0000000708f00000|  0%| F|  |TAMS 0x0000000708e00000, 0x0000000708e00000| Untracked 
| 131|0x0000000708f00000, 0x0000000708f00000, 0x0000000709000000|  0%| F|  |TAMS 0x0000000708f00000, 0x0000000708f00000| Untracked 
| 132|0x0000000709000000, 0x0000000709000000, 0x0000000709100000|  0%| F|  |TAMS 0x0000000709000000, 0x0000000709000000| Untracked 
| 133|0x0000000709100000, 0x0000000709100000, 0x0000000709200000|  0%| F|  |TAMS 0x0000000709100000, 0x0000000709100000| Untracked 
| 134|0x0000000709200000, 0x0000000709200000, 0x0000000709300000|  0%| F|  |TAMS 0x0000000709200000, 0x0000000709200000| Untracked 
| 135|0x0000000709300000, 0x0000000709300000, 0x0000000709400000|  0%| F|  |TAMS 0x0000000709300000, 0x0000000709300000| Untracked 
| 136|0x0000000709400000, 0x0000000709400000, 0x0000000709500000|  0%| F|  |TAMS 0x0000000709400000, 0x0000000709400000| Untracked 
| 137|0x0000000709500000, 0x0000000709500000, 0x0000000709600000|  0%| F|  |TAMS 0x0000000709500000, 0x0000000709500000| Untracked 
| 138|0x0000000709600000, 0x0000000709600000, 0x0000000709700000|  0%| F|  |TAMS 0x0000000709600000, 0x0000000709600000| Untracked 
| 139|0x0000000709700000, 0x0000000709700000, 0x0000000709800000|  0%| F|  |TAMS 0x0000000709700000, 0x0000000709700000| Untracked 
| 140|0x0000000709800000, 0x0000000709800000, 0x0000000709900000|  0%| F|  |TAMS 0x0000000709800000, 0x0000000709800000| Untracked 
| 141|0x0000000709900000, 0x0000000709900000, 0x0000000709a00000|  0%| F|  |TAMS 0x0000000709900000, 0x0000000709900000| Untracked 
| 142|0x0000000709a00000, 0x0000000709a00000, 0x0000000709b00000|  0%| F|  |TAMS 0x0000000709a00000, 0x0000000709a00000| Untracked 
| 143|0x0000000709b00000, 0x0000000709b00000, 0x0000000709c00000|  0%| F|  |TAMS 0x0000000709b00000, 0x0000000709b00000| Untracked 
| 144|0x0000000709c00000, 0x0000000709c00000, 0x0000000709d00000|  0%| F|  |TAMS 0x0000000709c00000, 0x0000000709c00000| Untracked 
| 145|0x0000000709d00000, 0x0000000709d00000, 0x0000000709e00000|  0%| F|  |TAMS 0x0000000709d00000, 0x0000000709d00000| Untracked 
| 146|0x0000000709e00000, 0x0000000709e00000, 0x0000000709f00000|  0%| F|  |TAMS 0x0000000709e00000, 0x0000000709e00000| Untracked 
| 147|0x0000000709f00000, 0x0000000709f00000, 0x000000070a000000|  0%| F|  |TAMS 0x0000000709f00000, 0x0000000709f00000| Untracked 
| 148|0x000000070a000000, 0x000000070a000000, 0x000000070a100000|  0%| F|  |TAMS 0x000000070a000000, 0x000000070a000000| Untracked 
| 149|0x000000070a100000, 0x000000070a100000, 0x000000070a200000|  0%| F|  |TAMS 0x000000070a100000, 0x000000070a100000| Untracked 
| 150|0x000000070a200000, 0x000000070a200000, 0x000000070a300000|  0%| F|  |TAMS 0x000000070a200000, 0x000000070a200000| Untracked 
| 151|0x000000070a300000, 0x000000070a300000, 0x000000070a400000|  0%| F|  |TAMS 0x000000070a300000, 0x000000070a300000| Untracked 
| 152|0x000000070a400000, 0x000000070a400000, 0x000000070a500000|  0%| F|  |TAMS 0x000000070a400000, 0x000000070a400000| Untracked 
| 153|0x000000070a500000, 0x000000070a500000, 0x000000070a600000|  0%| F|  |TAMS 0x000000070a500000, 0x000000070a500000| Untracked 
| 154|0x000000070a600000, 0x000000070a600000, 0x000000070a700000|  0%| F|  |TAMS 0x000000070a600000, 0x000000070a600000| Untracked 
| 155|0x000000070a700000, 0x000000070a700000, 0x000000070a800000|  0%| F|  |TAMS 0x000000070a700000, 0x000000070a700000| Untracked 
| 156|0x000000070a800000, 0x000000070a800000, 0x000000070a900000|  0%| F|  |TAMS 0x000000070a800000, 0x000000070a800000| Untracked 
| 157|0x000000070a900000, 0x000000070a900000, 0x000000070aa00000|  0%| F|  |TAMS 0x000000070a900000, 0x000000070a900000| Untracked 
| 158|0x000000070aa00000, 0x000000070aa00000, 0x000000070ab00000|  0%| F|  |TAMS 0x000000070aa00000, 0x000000070aa00000| Untracked 
| 159|0x000000070ab00000, 0x000000070ab00000, 0x000000070ac00000|  0%| F|  |TAMS 0x000000070ab00000, 0x000000070ab00000| Untracked 
| 160|0x000000070ac00000, 0x000000070ac00000, 0x000000070ad00000|  0%| F|  |TAMS 0x000000070ac00000, 0x000000070ac00000| Untracked 
| 161|0x000000070ad00000, 0x000000070ad00000, 0x000000070ae00000|  0%| F|  |TAMS 0x000000070ad00000, 0x000000070ad00000| Untracked 
| 162|0x000000070ae00000, 0x000000070ae00000, 0x000000070af00000|  0%| F|  |TAMS 0x000000070ae00000, 0x000000070ae00000| Untracked 
| 163|0x000000070af00000, 0x000000070af00000, 0x000000070b000000|  0%| F|  |TAMS 0x000000070af00000, 0x000000070af00000| Untracked 
| 164|0x000000070b000000, 0x000000070b000000, 0x000000070b100000|  0%| F|  |TAMS 0x000000070b000000, 0x000000070b000000| Untracked 
| 165|0x000000070b100000, 0x000000070b100000, 0x000000070b200000|  0%| F|  |TAMS 0x000000070b100000, 0x000000070b100000| Untracked 
| 166|0x000000070b200000, 0x000000070b200000, 0x000000070b300000|  0%| F|  |TAMS 0x000000070b200000, 0x000000070b200000| Untracked 
| 167|0x000000070b300000, 0x000000070b300000, 0x000000070b400000|  0%| F|  |TAMS 0x000000070b300000, 0x000000070b300000| Untracked 
| 168|0x000000070b400000, 0x000000070b400000, 0x000000070b500000|  0%| F|  |TAMS 0x000000070b400000, 0x000000070b400000| Untracked 
| 169|0x000000070b500000, 0x000000070b500000, 0x000000070b600000|  0%| F|  |TAMS 0x000000070b500000, 0x000000070b500000| Untracked 
| 170|0x000000070b600000, 0x000000070b600000, 0x000000070b700000|  0%| F|  |TAMS 0x000000070b600000, 0x000000070b600000| Untracked 
| 171|0x000000070b700000, 0x000000070b700000, 0x000000070b800000|  0%| F|  |TAMS 0x000000070b700000, 0x000000070b700000| Untracked 
| 172|0x000000070b800000, 0x000000070b800000, 0x000000070b900000|  0%| F|  |TAMS 0x000000070b800000, 0x000000070b800000| Untracked 
| 173|0x000000070b900000, 0x000000070b900000, 0x000000070ba00000|  0%| F|  |TAMS 0x000000070b900000, 0x000000070b900000| Untracked 
| 174|0x000000070ba00000, 0x000000070ba00000, 0x000000070bb00000|  0%| F|  |TAMS 0x000000070ba00000, 0x000000070ba00000| Untracked 
| 175|0x000000070bb00000, 0x000000070bb00000, 0x000000070bc00000|  0%| F|  |TAMS 0x000000070bb00000, 0x000000070bb00000| Untracked 
| 176|0x000000070bc00000, 0x000000070bc00000, 0x000000070bd00000|  0%| F|  |TAMS 0x000000070bc00000, 0x000000070bc00000| Untracked 
| 177|0x000000070bd00000, 0x000000070bd00000, 0x000000070be00000|  0%| F|  |TAMS 0x000000070bd00000, 0x000000070bd00000| Untracked 
| 178|0x000000070be00000, 0x000000070be00000, 0x000000070bf00000|  0%| F|  |TAMS 0x000000070be00000, 0x000000070be00000| Untracked 
| 179|0x000000070bf00000, 0x000000070bf00000, 0x000000070c000000|  0%| F|  |TAMS 0x000000070bf00000, 0x000000070bf00000| Untracked 
| 180|0x000000070c000000, 0x000000070c000000, 0x000000070c100000|  0%| F|  |TAMS 0x000000070c000000, 0x000000070c000000| Untracked 
| 181|0x000000070c100000, 0x000000070c100000, 0x000000070c200000|  0%| F|  |TAMS 0x000000070c100000, 0x000000070c100000| Untracked 
| 182|0x000000070c200000, 0x000000070c200000, 0x000000070c300000|  0%| F|  |TAMS 0x000000070c200000, 0x000000070c200000| Untracked 
| 183|0x000000070c300000, 0x000000070c300000, 0x000000070c400000|  0%| F|  |TAMS 0x000000070c300000, 0x000000070c300000| Untracked 
| 184|0x000000070c400000, 0x000000070c400000, 0x000000070c500000|  0%| F|  |TAMS 0x000000070c400000, 0x000000070c400000| Untracked 
| 185|0x000000070c500000, 0x000000070c500000, 0x000000070c600000|  0%| F|  |TAMS 0x000000070c500000, 0x000000070c500000| Untracked 
| 186|0x000000070c600000, 0x000000070c600000, 0x000000070c700000|  0%| F|  |TAMS 0x000000070c600000, 0x000000070c600000| Untracked 
| 187|0x000000070c700000, 0x000000070c700000, 0x000000070c800000|  0%| F|  |TAMS 0x000000070c700000, 0x000000070c700000| Untracked 
| 188|0x000000070c800000, 0x000000070c800000, 0x000000070c900000|  0%| F|  |TAMS 0x000000070c800000, 0x000000070c800000| Untracked 
| 189|0x000000070c900000, 0x000000070c900000, 0x000000070ca00000|  0%| F|  |TAMS 0x000000070c900000, 0x000000070c900000| Untracked 
| 190|0x000000070ca00000, 0x000000070ca00000, 0x000000070cb00000|  0%| F|  |TAMS 0x000000070ca00000, 0x000000070ca00000| Untracked 
| 191|0x000000070cb00000, 0x000000070cb00000, 0x000000070cc00000|  0%| F|  |TAMS 0x000000070cb00000, 0x000000070cb00000| Untracked 
| 192|0x000000070cc00000, 0x000000070cc00000, 0x000000070cd00000|  0%| F|  |TAMS 0x000000070cc00000, 0x000000070cc00000| Untracked 
| 193|0x000000070cd00000, 0x000000070cd00000, 0x000000070ce00000|  0%| F|  |TAMS 0x000000070cd00000, 0x000000070cd00000| Untracked 
| 194|0x000000070ce00000, 0x000000070ce00000, 0x000000070cf00000|  0%| F|  |TAMS 0x000000070ce00000, 0x000000070ce00000| Untracked 
| 195|0x000000070cf00000, 0x000000070cf00000, 0x000000070d000000|  0%| F|  |TAMS 0x000000070cf00000, 0x000000070cf00000| Untracked 
| 196|0x000000070d000000, 0x000000070d000000, 0x000000070d100000|  0%| F|  |TAMS 0x000000070d000000, 0x000000070d000000| Untracked 
| 197|0x000000070d100000, 0x000000070d100000, 0x000000070d200000|  0%| F|  |TAMS 0x000000070d100000, 0x000000070d100000| Untracked 
| 198|0x000000070d200000, 0x000000070d200000, 0x000000070d300000|  0%| F|  |TAMS 0x000000070d200000, 0x000000070d200000| Untracked 
| 199|0x000000070d300000, 0x000000070d300000, 0x000000070d400000|  0%| F|  |TAMS 0x000000070d300000, 0x000000070d300000| Untracked 
| 200|0x000000070d400000, 0x000000070d400000, 0x000000070d500000|  0%| F|  |TAMS 0x000000070d400000, 0x000000070d400000| Untracked 
| 201|0x000000070d500000, 0x000000070d500000, 0x000000070d600000|  0%| F|  |TAMS 0x000000070d500000, 0x000000070d500000| Untracked 
| 202|0x000000070d600000, 0x000000070d600000, 0x000000070d700000|  0%| F|  |TAMS 0x000000070d600000, 0x000000070d600000| Untracked 
| 203|0x000000070d700000, 0x000000070d700000, 0x000000070d800000|  0%| F|  |TAMS 0x000000070d700000, 0x000000070d700000| Untracked 
| 204|0x000000070d800000, 0x000000070d800000, 0x000000070d900000|  0%| F|  |TAMS 0x000000070d800000, 0x000000070d800000| Untracked 
| 205|0x000000070d900000, 0x000000070d900000, 0x000000070da00000|  0%| F|  |TAMS 0x000000070d900000, 0x000000070d900000| Untracked 
| 206|0x000000070da00000, 0x000000070da00000, 0x000000070db00000|  0%| F|  |TAMS 0x000000070da00000, 0x000000070da00000| Untracked 
| 207|0x000000070db00000, 0x000000070db00000, 0x000000070dc00000|  0%| F|  |TAMS 0x000000070db00000, 0x000000070db00000| Untracked 
| 208|0x000000070dc00000, 0x000000070dc00000, 0x000000070dd00000|  0%| F|  |TAMS 0x000000070dc00000, 0x000000070dc00000| Untracked 
| 209|0x000000070dd00000, 0x000000070dd00000, 0x000000070de00000|  0%| F|  |TAMS 0x000000070dd00000, 0x000000070dd00000| Untracked 
| 210|0x000000070de00000, 0x000000070de00000, 0x000000070df00000|  0%| F|  |TAMS 0x000000070de00000, 0x000000070de00000| Untracked 
| 211|0x000000070df00000, 0x000000070e000000, 0x000000070e000000|100%| E|  |TAMS 0x000000070df00000, 0x000000070df00000| Complete 
| 212|0x000000070e000000, 0x000000070e100000, 0x000000070e100000|100%| E|CS|TAMS 0x000000070e000000, 0x000000070e000000| Complete 
| 213|0x000000070e100000, 0x000000070e200000, 0x000000070e200000|100%| E|CS|TAMS 0x000000070e100000, 0x000000070e100000| Complete 
| 214|0x000000070e200000, 0x000000070e300000, 0x000000070e300000|100%| E|CS|TAMS 0x000000070e200000, 0x000000070e200000| Complete 
| 215|0x000000070e300000, 0x000000070e400000, 0x000000070e400000|100%| E|CS|TAMS 0x000000070e300000, 0x000000070e300000| Complete 
| 216|0x000000070e400000, 0x000000070e500000, 0x000000070e500000|100%| E|CS|TAMS 0x000000070e400000, 0x000000070e400000| Complete 
| 217|0x000000070e500000, 0x000000070e600000, 0x000000070e600000|100%| E|CS|TAMS 0x000000070e500000, 0x000000070e500000| Complete 
| 218|0x000000070e600000, 0x000000070e700000, 0x000000070e700000|100%| E|CS|TAMS 0x000000070e600000, 0x000000070e600000| Complete 
| 219|0x000000070e700000, 0x000000070e800000, 0x000000070e800000|100%| E|CS|TAMS 0x000000070e700000, 0x000000070e700000| Complete 
| 220|0x000000070e800000, 0x000000070e900000, 0x000000070e900000|100%| E|CS|TAMS 0x000000070e800000, 0x000000070e800000| Complete 
| 221|0x000000070e900000, 0x000000070ea00000, 0x000000070ea00000|100%| E|CS|TAMS 0x000000070e900000, 0x000000070e900000| Complete 
| 222|0x000000070ea00000, 0x000000070eb00000, 0x000000070eb00000|100%| E|CS|TAMS 0x000000070ea00000, 0x000000070ea00000| Complete 
| 223|0x000000070eb00000, 0x000000070ec00000, 0x000000070ec00000|100%| E|CS|TAMS 0x000000070eb00000, 0x000000070eb00000| Complete 
| 224|0x000000070ec00000, 0x000000070ed00000, 0x000000070ed00000|100%| E|CS|TAMS 0x000000070ec00000, 0x000000070ec00000| Complete 
| 225|0x000000070ed00000, 0x000000070ee00000, 0x000000070ee00000|100%| E|CS|TAMS 0x000000070ed00000, 0x000000070ed00000| Complete 
| 226|0x000000070ee00000, 0x000000070ef00000, 0x000000070ef00000|100%| E|CS|TAMS 0x000000070ee00000, 0x000000070ee00000| Complete 
| 227|0x000000070ef00000, 0x000000070f000000, 0x000000070f000000|100%| E|CS|TAMS 0x000000070ef00000, 0x000000070ef00000| Complete 
| 228|0x000000070f000000, 0x000000070f100000, 0x000000070f100000|100%| E|CS|TAMS 0x000000070f000000, 0x000000070f000000| Complete 
| 229|0x000000070f100000, 0x000000070f145238, 0x000000070f200000| 27%| S|CS|TAMS 0x000000070f100000, 0x000000070f100000| Complete 
| 230|0x000000070f200000, 0x000000070f300000, 0x000000070f300000|100%| S|CS|TAMS 0x000000070f200000, 0x000000070f200000| Complete 
| 231|0x000000070f300000, 0x000000070f400000, 0x000000070f400000|100%| S|CS|TAMS 0x000000070f300000, 0x000000070f300000| Complete 
| 232|0x000000070f400000, 0x000000070f500000, 0x000000070f500000|100%| E|CS|TAMS 0x000000070f400000, 0x000000070f400000| Complete 
| 233|0x000000070f500000, 0x000000070f600000, 0x000000070f600000|100%| E|CS|TAMS 0x000000070f500000, 0x000000070f500000| Complete 
| 234|0x000000070f600000, 0x000000070f700000, 0x000000070f700000|100%| E|CS|TAMS 0x000000070f600000, 0x000000070f600000| Complete 
| 235|0x000000070f700000, 0x000000070f800000, 0x000000070f800000|100%| E|CS|TAMS 0x000000070f700000, 0x000000070f700000| Complete 
| 236|0x000000070f800000, 0x000000070f900000, 0x000000070f900000|100%| E|CS|TAMS 0x000000070f800000, 0x000000070f800000| Complete 
| 237|0x000000070f900000, 0x000000070fa00000, 0x000000070fa00000|100%| E|CS|TAMS 0x000000070f900000, 0x000000070f900000| Complete 
| 238|0x000000070fa00000, 0x000000070fb00000, 0x000000070fb00000|100%| E|CS|TAMS 0x000000070fa00000, 0x000000070fa00000| Complete 
| 239|0x000000070fb00000, 0x000000070fc00000, 0x000000070fc00000|100%| E|CS|TAMS 0x000000070fb00000, 0x000000070fb00000| Complete 
| 240|0x000000070fc00000, 0x000000070fd00000, 0x000000070fd00000|100%| E|CS|TAMS 0x000000070fc00000, 0x000000070fc00000| Complete 
| 241|0x000000070fd00000, 0x000000070fe00000, 0x000000070fe00000|100%| E|CS|TAMS 0x000000070fd00000, 0x000000070fd00000| Complete 
| 242|0x000000070fe00000, 0x000000070ff00000, 0x000000070ff00000|100%| E|CS|TAMS 0x000000070fe00000, 0x000000070fe00000| Complete 
| 243|0x000000070ff00000, 0x0000000710000000, 0x0000000710000000|100%| E|CS|TAMS 0x000000070ff00000, 0x000000070ff00000| Complete 
| 244|0x0000000710000000, 0x0000000710100000, 0x0000000710100000|100%| E|CS|TAMS 0x0000000710000000, 0x0000000710000000| Complete 
| 245|0x0000000710100000, 0x0000000710200000, 0x0000000710200000|100%| E|CS|TAMS 0x0000000710100000, 0x0000000710100000| Complete 
| 246|0x0000000710200000, 0x0000000710300000, 0x0000000710300000|100%| E|CS|TAMS 0x0000000710200000, 0x0000000710200000| Complete 
| 247|0x0000000710300000, 0x0000000710400000, 0x0000000710400000|100%| E|CS|TAMS 0x0000000710300000, 0x0000000710300000| Complete 
| 248|0x0000000710400000, 0x0000000710500000, 0x0000000710500000|100%| E|CS|TAMS 0x0000000710400000, 0x0000000710400000| Complete 
| 249|0x0000000710500000, 0x0000000710600000, 0x0000000710600000|100%| E|CS|TAMS 0x0000000710500000, 0x0000000710500000| Complete 
| 250|0x0000000710600000, 0x0000000710700000, 0x0000000710700000|100%| E|CS|TAMS 0x0000000710600000, 0x0000000710600000| Complete 
| 251|0x0000000710700000, 0x0000000710800000, 0x0000000710800000|100%| E|CS|TAMS 0x0000000710700000, 0x0000000710700000| Complete 
| 252|0x0000000710800000, 0x0000000710900000, 0x0000000710900000|100%| E|CS|TAMS 0x0000000710800000, 0x0000000710800000| Complete 
| 253|0x0000000710900000, 0x0000000710a00000, 0x0000000710a00000|100%| E|CS|TAMS 0x0000000710900000, 0x0000000710900000| Complete 
| 254|0x0000000710a00000, 0x0000000710b00000, 0x0000000710b00000|100%| E|CS|TAMS 0x0000000710a00000, 0x0000000710a00000| Complete 
| 255|0x0000000710b00000, 0x0000000710c00000, 0x0000000710c00000|100%| E|CS|TAMS 0x0000000710b00000, 0x0000000710b00000| Complete 

Card table byte_map: [0x000002507a7f0000,0x000002507aff0000] _byte_map_base: 0x0000025076fea000

Marking Bits (Prev, Next): (CMBitMap*) 0x0000025075ffdad8, (CMBitMap*) 0x0000025075ffdb10
 Prev Bits: [0x000002507b7f0000, 0x000002507f7c0000)
 Next Bits: [0x000002500f000000, 0x0000025012fd0000)

Polling page: 0x0000025073df0000

Metaspace:

Usage:
  Non-class:     18.06 MB capacity,    17.90 MB (>99%) used,   141.69 KB ( <1%) free+waste,    20.69 KB ( <1%) overhead. 
      Class:      1.70 MB capacity,     1.63 MB ( 96%) used,    60.38 KB (  3%) free+waste,     6.81 KB ( <1%) overhead. 
       Both:     19.76 MB capacity,    19.54 MB ( 99%) used,   202.07 KB ( <1%) free+waste,    27.50 KB ( <1%) overhead. 

Virtual space:
  Non-class space:       20.00 MB reserved,      18.25 MB ( 91%) committed 
      Class space:        1.00 GB reserved,       1.75 MB ( <1%) committed 
             Both:        1.02 GB reserved,      20.00 MB (  2%) committed 

Chunk freelists:
   Non-Class:  131.00 KB
       Class:  19.00 KB
        Both:  150.00 KB

MaxMetaspaceSize: 17179869184.00 GB
CompressedClassSpaceSize: 1.00 GB
Initial GC threshold: 20.80 MB
Current GC threshold: 20.80 MB
CDS: off

CodeHeap 'non-profiled nmethods': size=120000Kb used=896Kb max_used=896Kb free=119103Kb
 bounds [0x0000025007ad0000, 0x0000025007d40000, 0x000002500f000000]
CodeHeap 'profiled nmethods': size=120000Kb used=2996Kb max_used=2996Kb free=117003Kb
 bounds [0x00000250005a0000, 0x0000025000890000, 0x0000025007ad0000]
CodeHeap 'non-nmethods': size=5760Kb used=1678Kb max_used=1699Kb free=4081Kb
 bounds [0x0000025000000000, 0x0000025000270000, 0x00000250005a0000]
 total_blobs=2692 nmethods=1600 adapters=1005
 compilation: enabled
              stopped_count=0, restarted_count=0
 full_count=0

Compilation events (20 events):
Event: 3.511 Thread 0x000002501788b800 nmethod 1582 0x0000025007ba9790 code [0x0000025007ba9940, 0x0000025007ba9cc8]
Event: 3.511 Thread 0x000002501788b800 1584       4       java.util.StringTokenizer::nextToken (92 bytes)
Event: 3.512 Thread 0x0000025015f0e000 1592       3       com.badlogic.gdx.utils.Array::<init> (21 bytes)
Event: 3.512 Thread 0x0000025015f0e000 nmethod 1592 0x0000025000889910 code [0x0000025000889ac0, 0x0000025000889d38]
Event: 3.513 Thread 0x0000025015f0e000 1593       3       com.mygdx.tanks2d.ParticleEffect.Shard::<init> (5 bytes)
Event: 3.513 Thread 0x0000025015f0e000 nmethod 1593 0x0000025000889e10 code [0x0000025000889fc0, 0x000002500088a0e8]
Event: 3.513 Thread 0x0000025015f0e000 1594       3       com.mygdx.tanks2d.ParticleEffect.Garbage::<init> (37 bytes)
Event: 3.513 Thread 0x0000025015f0e000 nmethod 1594 0x000002500088a190 code [0x000002500088a380, 0x000002500088a7f8]
Event: 3.514 Thread 0x0000025015f0e000 1595       3       com.badlogic.gdx.math.MathUtils::random (14 bytes)
Event: 3.514 Thread 0x0000025015f0e000 nmethod 1595 0x000002500088a990 code [0x000002500088ab40, 0x000002500088ad08]
Event: 3.514 Thread 0x0000025015f0e000 1596       3       com.badlogic.gdx.math.Vector3::<init> (13 bytes)
Event: 3.515 Thread 0x0000025015f0e000 nmethod 1596 0x000002500088ae10 code [0x000002500088afc0, 0x000002500088b198]
Event: 3.515 Thread 0x0000025015f0e000 1597       3       com.mygdx.tanks2d.ParticleEffect.StereoSmoke.Falling_element::<init> (43 bytes)
Event: 3.515 Thread 0x0000025015f0e000 nmethod 1597 0x000002500088b290 code [0x000002500088b480, 0x000002500088b9c8]
Event: 3.515 Thread 0x0000025015f0e000 1598       3       com.badlogic.gdx.graphics.Color::<init> (5 bytes)
Event: 3.515 Thread 0x0000025015f0e000 nmethod 1598 0x000002500088bb90 code [0x000002500088bd40, 0x000002500088be98]
Event: 3.515 Thread 0x0000025015f0e000 1599       3       com.mygdx.tanks2d.ParticleEffect.ParticleSmoke::<init> (69 bytes)
Event: 3.515 Thread 0x0000025015f0e000 nmethod 1599 0x000002500088bf90 code [0x000002500088c180, 0x000002500088c798]
Event: 3.516 Thread 0x0000025015f0e000 1600       3       com.mygdx.tanks2d.ParticleEffect.StereoSmoke.Flying_stereo_elements_base::<init> (66 bytes)
Event: 3.516 Thread 0x0000025015f0e000 nmethod 1600 0x000002500088c990 code [0x000002500088cb80, 0x000002500088d128]

GC Heap History (2 events):
Event: 0.799 GC heap before
{Heap before GC invocations=0 (full 0):
 garbage-first heap   total 262144K, used 24576K [0x0000000700c00000, 0x0000000800000000)
  region size 1024K, 24 young (24576K), 0 survivors (0K)
 Metaspace       used 11804K, capacity 11957K, committed 12288K, reserved 1060864K
  class space    used 1096K, capacity 1155K, committed 1280K, reserved 1048576K
}
Event: 0.801 GC heap after
{Heap after GC invocations=1 (full 0):
 garbage-first heap   total 262144K, used 2324K [0x0000000700c00000, 0x0000000800000000)
  region size 1024K, 3 young (3072K), 3 survivors (3072K)
 Metaspace       used 11804K, capacity 11957K, committed 12288K, reserved 1060864K
  class space    used 1096K, capacity 1155K, committed 1280K, reserved 1048576K
}

Deoptimization events (20 events):
Event: 1.726 Thread 0x0000025017451000 DEOPT PACKING pc=0x00000250007e25d9 sp=0x00000095dcefe2e0
Event: 1.726 Thread 0x0000025017451000 DEOPT UNPACKING pc=0x000002500004a95e sp=0x00000095dcefd6f8 mode 0
Event: 1.730 Thread 0x0000025075f99800 Uncommon trap: trap_request=0xffffffde fr.pc=0x0000025007b4f744 relative=0x0000000000000704
Event: 1.730 Thread 0x0000025075f99800 Uncommon trap: reason=class_check action=maybe_recompile pc=0x0000025007b4f744 method=com.badlogic.gdx.assets.AssetLoadingTask.handleAsyncLoader()V @ 137 c2
Event: 1.730 Thread 0x0000025075f99800 DEOPT PACKING pc=0x0000025007b4f744 sp=0x00000095da9ff290
Event: 1.730 Thread 0x0000025075f99800 DEOPT UNPACKING pc=0x000002500004a1af sp=0x00000095da9ff220 mode 2
Event: 1.796 Thread 0x0000025017451000 DEOPT PACKING pc=0x00000250007f01ee sp=0x00000095dcefe330
Event: 1.796 Thread 0x0000025017451000 DEOPT UNPACKING pc=0x000002500004a95e sp=0x00000095dcefd7e0 mode 0
Event: 1.802 Thread 0x0000025075f99800 Uncommon trap: trap_request=0xffffff4d fr.pc=0x0000025007b5022c relative=0x000000000000024c
Event: 1.802 Thread 0x0000025075f99800 Uncommon trap: reason=unstable_if action=reinterpret pc=0x0000025007b5022c method=com.badlogic.gdx.assets.AssetManager.finishLoading()V @ 13 c2
Event: 1.802 Thread 0x0000025075f99800 DEOPT PACKING pc=0x0000025007b5022c sp=0x00000095da9ff380
Event: 1.802 Thread 0x0000025075f99800 DEOPT UNPACKING pc=0x000002500004a1af sp=0x00000095da9ff350 mode 2
Event: 3.497 Thread 0x0000025075f99800 Uncommon trap: trap_request=0xffffff4d fr.pc=0x0000025007b079ac relative=0x000000000000018c
Event: 3.497 Thread 0x0000025075f99800 Uncommon trap: reason=unstable_if action=reinterpret pc=0x0000025007b079ac method=java.lang.String.equals(Ljava/lang/Object;)Z @ 27 c2
Event: 3.497 Thread 0x0000025075f99800 DEOPT PACKING pc=0x0000025007b079ac sp=0x00000095da9ff170
Event: 3.497 Thread 0x0000025075f99800 DEOPT UNPACKING pc=0x000002500004a1af sp=0x00000095da9ff110 mode 2
Event: 3.497 Thread 0x0000025075f99800 Uncommon trap: trap_request=0xffffff4d fr.pc=0x0000025007ad1778 relative=0x0000000000000058
Event: 3.497 Thread 0x0000025075f99800 Uncommon trap: reason=unstable_if action=reinterpret pc=0x0000025007ad1778 method=java.lang.String.isLatin1()Z @ 10 c2
Event: 3.497 Thread 0x0000025075f99800 DEOPT PACKING pc=0x0000025007ad1778 sp=0x00000095da9ff120
Event: 3.497 Thread 0x0000025075f99800 DEOPT UNPACKING pc=0x000002500004a1af sp=0x00000095da9ff0b0 mode 2

Classes redefined (0 events):
No events

Internal exceptions (20 events):
Event: 3.514 Thread 0x0000025016691000 Implicit null exception at 0x000002500077ff37 to 0x0000025000780b8b
Event: 3.514 Thread 0x0000025016691000 Exception <a 'java/lang/NullPointerException'{0x000000070e270c30}> (0x000000070e270c30) thrown at [./src/hotspot/share/runtime/sharedRuntime.cpp, line 607]
Event: 3.514 Thread 0x0000025016691000 Implicit null exception at 0x00000250007f3901 to 0x00000250007f3fd7
Event: 3.514 Thread 0x0000025016691000 Exception <a 'java/lang/NullPointerException'{0x000000070e270fc8}> (0x000000070e270fc8) thrown at [./src/hotspot/share/runtime/sharedRuntime.cpp, line 607]
Event: 3.514 Thread 0x0000025016b1e800 Implicit null exception at 0x000002500077ff37 to 0x0000025000780b8b
Event: 3.514 Thread 0x0000025016b1e800 Exception <a 'java/lang/NullPointerException'{0x000000070e2def00}> (0x000000070e2def00) thrown at [./src/hotspot/share/runtime/sharedRuntime.cpp, line 607]
Event: 3.514 Thread 0x0000025016b1e800 Implicit null exception at 0x00000250007f3901 to 0x00000250007f3fd7
Event: 3.514 Thread 0x0000025016b1e800 Exception <a 'java/lang/NullPointerException'{0x000000070e2df298}> (0x000000070e2df298) thrown at [./src/hotspot/share/runtime/sharedRuntime.cpp, line 607]
Event: 3.514 Thread 0x0000025016691000 Implicit null exception at 0x000002500077ff37 to 0x0000025000780b8b
Event: 3.514 Thread 0x0000025016691000 Exception <a 'java/lang/NullPointerException'{0x000000070e271330}> (0x000000070e271330) thrown at [./src/hotspot/share/runtime/sharedRuntime.cpp, line 607]
Event: 3.514 Thread 0x0000025016691000 Implicit null exception at 0x00000250007f3901 to 0x00000250007f3fd7
Event: 3.514 Thread 0x0000025016691000 Exception <a 'java/lang/NullPointerException'{0x000000070e2716c8}> (0x000000070e2716c8) thrown at [./src/hotspot/share/runtime/sharedRuntime.cpp, line 607]
Event: 3.514 Thread 0x0000025016b1e800 Implicit null exception at 0x000002500077ff37 to 0x0000025000780b8b
Event: 3.514 Thread 0x0000025016b1e800 Exception <a 'java/lang/NullPointerException'{0x000000070e2df600}> (0x000000070e2df600) thrown at [./src/hotspot/share/runtime/sharedRuntime.cpp, line 607]
Event: 3.514 Thread 0x0000025016b1e800 Implicit null exception at 0x00000250007f3901 to 0x00000250007f3fd7
Event: 3.514 Thread 0x0000025016b1e800 Exception <a 'java/lang/NullPointerException'{0x000000070e2df998}> (0x000000070e2df998) thrown at [./src/hotspot/share/runtime/sharedRuntime.cpp, line 607]
Event: 3.514 Thread 0x0000025016691000 Implicit null exception at 0x000002500077ff37 to 0x0000025000780b8b
Event: 3.514 Thread 0x0000025016691000 Exception <a 'java/lang/NullPointerException'{0x000000070e271a30}> (0x000000070e271a30) thrown at [./src/hotspot/share/runtime/sharedRuntime.cpp, line 607]
Event: 3.514 Thread 0x0000025016691000 Implicit null exception at 0x00000250007f3901 to 0x00000250007f3fd7
Event: 3.514 Thread 0x0000025016691000 Exception <a 'java/lang/NullPointerException'{0x000000070e271dc8}> (0x000000070e271dc8) thrown at [./src/hotspot/share/runtime/sharedRuntime.cpp, line 607]

Events (20 events):
Event: 3.513 loading class com/mygdx/tanks2d/ParticleEffect/Garbage
Event: 3.513 loading class com/mygdx/tanks2d/ParticleEffect/Garbage done
Event: 3.513 loading class com/mygdx/tanks2d/ParticleEffect/StereoSmoke/Point_of_fire
Event: 3.513 loading class com/mygdx/tanks2d/ParticleEffect/StereoSmoke/Point_of_fire done
Event: 3.514 loading class com/mygdx/tanks2d/ParticleEffect/StereoSmoke/Falling_element
Event: 3.514 loading class com/mygdx/tanks2d/ParticleEffect/StereoSmoke/Falling_element done
Event: 3.514 loading class com/mygdx/tanks2d/ParticleEffect/StereoSmoke/Smoke_element
Event: 3.514 loading class com/mygdx/tanks2d/ParticleEffect/StereoSmoke/Smoke_element done
Event: 3.514 loading class com/mygdx/tanks2d/ParticleEffect/Explosion_Death
Event: 3.514 loading class com/mygdx/tanks2d/ParticleEffect/Explosion_Death done
Event: 3.515 loading class com/mygdx/tanks2d/ParticleEffect/ParticleSmoke
Event: 3.515 loading class com/mygdx/tanks2d/ParticleEffect/ParticleSmoke done
Event: 3.515 loading class com/mygdx/tanks2d/ParticleEffect/PasricalExplosion
Event: 3.515 loading class com/mygdx/tanks2d/ParticleEffect/PasricalExplosion done
Event: 3.515 loading class com/mygdx/tanks2d/ParticleEffect/PasricalExplosionBigParameter
Event: 3.515 loading class com/mygdx/tanks2d/ParticleEffect/PasricalExplosionBigParameter done
Event: 3.516 loading class com/mygdx/tanks2d/ParticleEffect/StereoSmoke/PasricalDeathSmoke
Event: 3.516 loading class com/mygdx/tanks2d/ParticleEffect/StereoSmoke/PasricalDeathSmoke done
Event: 3.516 loading class com/mygdx/tanks2d/ParticleEffect/StereoSmoke/Flying_stereo_elements_base
Event: 3.516 loading class com/mygdx/tanks2d/ParticleEffect/StereoSmoke/Flying_stereo_elements_base done


Dynamic libraries:
0x00007ff6e4470000 - 0x00007ff6e447a000 	C:\Program Files\Android\Android Studio\jre\bin\java.exe
0x00007ff94e050000 - 0x00007ff94e245000 	C:\Windows\SYSTEM32\ntdll.dll
0x00007ff94c520000 - 0x00007ff94c5dd000 	C:\Windows\System32\KERNEL32.DLL
0x00007ff94b790000 - 0x00007ff94ba58000 	C:\Windows\System32\KERNELBASE.dll
0x00007ff94bb10000 - 0x00007ff94bc10000 	C:\Windows\System32\ucrtbase.dll
0x00007ff92d2e0000 - 0x00007ff92d2f7000 	C:\Program Files\Android\Android Studio\jre\bin\VCRUNTIME140.dll
0x00007ff928780000 - 0x00007ff928799000 	C:\Program Files\Android\Android Studio\jre\bin\jli.dll
0x00007ff94cdb0000 - 0x00007ff94cf50000 	C:\Windows\System32\USER32.dll
0x00007ff94bc10000 - 0x00007ff94bc32000 	C:\Windows\System32\win32u.dll
0x00007ff937b40000 - 0x00007ff937dda000 	C:\Windows\WinSxS\amd64_microsoft.windows.common-controls_6595b64144ccf1df_6.0.19041.1052_none_60b8f8fd71f5e8cb\COMCTL32.dll
0x00007ff94c710000 - 0x00007ff94c73a000 	C:\Windows\System32\GDI32.dll
0x00007ff94c980000 - 0x00007ff94ca1e000 	C:\Windows\System32\msvcrt.dll
0x00007ff94bf50000 - 0x00007ff94c05b000 	C:\Windows\System32\gdi32full.dll
0x00007ff94beb0000 - 0x00007ff94bf4d000 	C:\Windows\System32\msvcp_win.dll
0x00007ff94d690000 - 0x00007ff94d6c0000 	C:\Windows\System32\IMM32.DLL
0x00007ff917da0000 - 0x00007ff917e3d000 	C:\Program Files\Android\Android Studio\jre\bin\msvcp140.dll
0x00007ff915980000 - 0x00007ff916465000 	C:\Program Files\Android\Android Studio\jre\bin\server\jvm.dll
0x00007ff94c740000 - 0x00007ff94c7ec000 	C:\Windows\System32\ADVAPI32.dll
0x00007ff94c120000 - 0x00007ff94c1bb000 	C:\Windows\System32\sechost.dll
0x00007ff94d8f0000 - 0x00007ff94da1b000 	C:\Windows\System32\RPCRT4.dll
0x00007ff94d6d0000 - 0x00007ff94d6d8000 	C:\Windows\System32\PSAPI.DLL
0x00007ff93e960000 - 0x00007ff93e987000 	C:\Windows\SYSTEM32\WINMM.dll
0x00007ff9442d0000 - 0x00007ff9442d9000 	C:\Windows\SYSTEM32\WSOCK32.dll
0x00007ff9468f0000 - 0x00007ff9468fa000 	C:\Windows\SYSTEM32\VERSION.dll
0x00007ff94cab0000 - 0x00007ff94cb1b000 	C:\Windows\System32\WS2_32.dll
0x00007ff949700000 - 0x00007ff949712000 	C:\Windows\SYSTEM32\kernel.appcore.dll
0x00007ff9406c0000 - 0x00007ff9406d1000 	C:\Program Files\Android\Android Studio\jre\bin\verify.dll
0x00007ff93bb70000 - 0x00007ff93bd54000 	C:\Windows\SYSTEM32\DBGHELP.DLL
0x00007ff935250000 - 0x00007ff93527c000 	C:\Windows\SYSTEM32\dbgcore.DLL
0x00007ff94bc40000 - 0x00007ff94bcc3000 	C:\Windows\System32\bcryptPrimitives.dll
0x00007ff940690000 - 0x00007ff9406b9000 	C:\Program Files\Android\Android Studio\jre\bin\java.dll
0x00007ff940680000 - 0x00007ff94068b000 	C:\Program Files\Android\Android Studio\jre\bin\jimage.dll
0x00007ff940660000 - 0x00007ff940678000 	C:\Program Files\Android\Android Studio\jre\bin\zip.dll
0x00007ff94cf50000 - 0x00007ff94d68f000 	C:\Windows\System32\SHELL32.dll
0x00007ff949900000 - 0x00007ff94a090000 	C:\Windows\SYSTEM32\windows.storage.dll
0x00007ff94c1c0000 - 0x00007ff94c515000 	C:\Windows\System32\combase.dll
0x00007ff94b130000 - 0x00007ff94b15c000 	C:\Windows\SYSTEM32\Wldp.dll
0x00007ff94de90000 - 0x00007ff94df3e000 	C:\Windows\System32\SHCORE.dll
0x00007ff94ca50000 - 0x00007ff94caa5000 	C:\Windows\System32\shlwapi.dll
0x00007ff94b6d0000 - 0x00007ff94b6ef000 	C:\Windows\SYSTEM32\profapi.dll
0x00007ff940620000 - 0x00007ff94063a000 	C:\Program Files\Android\Android Studio\jre\bin\net.dll
0x00007ff945f30000 - 0x00007ff94603b000 	C:\Windows\SYSTEM32\WINHTTP.dll
0x00007ff94aea0000 - 0x00007ff94af0a000 	C:\Windows\system32\mswsock.dll
0x00007ff940600000 - 0x00007ff940614000 	C:\Program Files\Android\Android Studio\jre\bin\nio.dll
0x00007ff94b070000 - 0x00007ff94b088000 	C:\Windows\SYSTEM32\CRYPTSP.dll
0x00007ff94a840000 - 0x00007ff94a874000 	C:\Windows\system32\rsaenh.dll
0x00007ff94be80000 - 0x00007ff94bea7000 	C:\Windows\System32\bcrypt.dll
0x00007ff94b650000 - 0x00007ff94b67e000 	C:\Windows\SYSTEM32\USERENV.dll
0x00007ff94b090000 - 0x00007ff94b09c000 	C:\Windows\SYSTEM32\CRYPTBASE.dll
0x00007ff94ab90000 - 0x00007ff94abcb000 	C:\Windows\SYSTEM32\IPHLPAPI.DLL
0x00007ff94d6c0000 - 0x00007ff94d6c8000 	C:\Windows\System32\NSI.dll
0x00007ff946860000 - 0x00007ff946877000 	C:\Windows\SYSTEM32\dhcpcsvc6.DLL
0x00007ff946840000 - 0x00007ff94685d000 	C:\Windows\SYSTEM32\dhcpcsvc.DLL
0x00007ff94abd0000 - 0x00007ff94ac9c000 	C:\Windows\SYSTEM32\DNSAPI.dll
0x000000006e700000 - 0x000000006e72a000 	C:\Temp\libgdxvik\e1cd32f8\gdx64.dll
0x00007ff917890000 - 0x00007ff9178f4000 	C:\Temp\lwjglvik\3.2.3-build-13\lwjgl.dll
0x00007ff914a60000 - 0x00007ff914cb3000 	C:\Temp\lwjglvik\3.2.3-build-13\jemalloc.dll
0x00007ff917820000 - 0x00007ff917882000 	C:\Temp\lwjglvik\3.2.3-build-13\glfw.dll
0x00007ff949240000 - 0x00007ff9492de000 	C:\Windows\system32\uxtheme.dll
0x00007ff928680000 - 0x00007ff9286c5000 	C:\Windows\SYSTEM32\dinput8.dll
0x00007ff92d1b0000 - 0x00007ff92d1c1000 	C:\Windows\SYSTEM32\xinput1_4.dll
0x00007ff94bcd0000 - 0x00007ff94bd1e000 	C:\Windows\System32\cfgmgr32.dll
0x00007ff94b4f0000 - 0x00007ff94b51c000 	C:\Windows\SYSTEM32\DEVOBJ.dll
0x00007ff9495f0000 - 0x00007ff94961f000 	C:\Windows\SYSTEM32\dwmapi.dll
0x00007ff93ea80000 - 0x00007ff93ebd2000 	C:\Windows\SYSTEM32\inputhost.dll
0x00007ff94df40000 - 0x00007ff94e00d000 	C:\Windows\System32\OLEAUT32.dll
0x00007ff9484c0000 - 0x00007ff948614000 	C:\Windows\SYSTEM32\wintypes.dll
0x00007ff948ef0000 - 0x00007ff948fe2000 	C:\Windows\SYSTEM32\CoreMessaging.dll
0x00007ff9449b0000 - 0x00007ff944aa6000 	C:\Windows\SYSTEM32\PROPSYS.dll
0x00007ff948b90000 - 0x00007ff948eee000 	C:\Windows\SYSTEM32\CoreUIComponents.dll
0x00007ff94a4d0000 - 0x00007ff94a503000 	C:\Windows\SYSTEM32\ntmarta.dll
0x00007ff94cc00000 - 0x00007ff94cd15000 	C:\Windows\System32\MSCTF.dll
0x00007ff94a090000 - 0x00007ff94a09d000 	C:\Windows\SYSTEM32\HID.DLL
0x00007ff94da20000 - 0x00007ff94de89000 	C:\Windows\System32\SETUPAPI.DLL
0x00007ff94c060000 - 0x00007ff94c0c0000 	C:\Windows\System32\WINTRUST.dll
0x00007ff94bd20000 - 0x00007ff94be7f000 	C:\Windows\System32\CRYPT32.dll
0x00007ff94b310000 - 0x00007ff94b322000 	C:\Windows\SYSTEM32\MSASN1.dll
0x00007ff917710000 - 0x00007ff91781b000 	C:\Temp\lwjglvik\3.2.3-build-13\OpenAL.dll
0x00007ff94c7f0000 - 0x00007ff94c91a000 	C:\Windows\System32\ole32.dll
0x00007ff94c5e0000 - 0x00007ff94c689000 	C:\Windows\System32\clbcatq.dll
0x00007ff946430000 - 0x00007ff9464b5000 	C:\Windows\System32\MMDevApi.dll
0x00007ff9408d0000 - 0x00007ff940a51000 	C:\Windows\SYSTEM32\AUDIOSES.DLL
0x00007ff94b550000 - 0x00007ff94b59b000 	C:\Windows\SYSTEM32\powrprof.dll
0x00007ff94b4d0000 - 0x00007ff94b4e2000 	C:\Windows\SYSTEM32\UMPDC.dll
0x00007ff9492e0000 - 0x00007ff9492f4000 	C:\Windows\SYSTEM32\resourcepolicyclient.dll
0x00007ff9193b0000 - 0x00007ff9194d6000 	C:\Windows\SYSTEM32\opengl32.dll
0x00007ff940510000 - 0x00007ff94053c000 	C:\Windows\SYSTEM32\GLU32.dll
0x00007ff946a90000 - 0x00007ff946b89000 	C:\Windows\System32\AppXDeploymentClient.dll
0x00007ff9114e0000 - 0x00007ff914699000 	C:\Windows\System32\DriverStore\FileRepository\nv_dispig.inf_amd64_47917a79b8c7fd22\nvoglv64.dll
0x00007ff946c60000 - 0x00007ff946c74000 	C:\Windows\SYSTEM32\WTSAPI32.dll
0x00007ff9468a0000 - 0x00007ff9468d1000 	C:\Windows\SYSTEM32\cryptnet.dll
0x00007ff946630000 - 0x00007ff94677a000 	C:\Windows\SYSTEM32\drvstore.dll
0x00007ff93e840000 - 0x00007ff93e87b000 	C:\Windows\SYSTEM32\dxcore.dll
0x00007ff94b160000 - 0x00007ff94b1ba000 	C:\Windows\SYSTEM32\WINSTA.dll
0x00007ff916b20000 - 0x00007ff916b79000 	C:\Temp\lwjglvik\3.2.3-build-13\lwjgl_opengl.dll
0x00007ff93ebe0000 - 0x00007ff93ecd9000 	C:\Windows\SYSTEM32\textinputframework.dll
0x0000000066b00000 - 0x0000000066b5b000 	C:\Temp\libgdxvik\a14961b7\gdx-box2d64.dll

dbghelp: loaded successfully - version: 4.0.5 - missing functions: none
symbol engine: initialized successfully - sym options: 0x614 - pdb path: .;C:\Program Files\Android\Android Studio\jre\bin;C:\Windows\SYSTEM32;C:\Windows\WinSxS\amd64_microsoft.windows.common-controls_6595b64144ccf1df_6.0.19041.1052_none_60b8f8fd71f5e8cb;C:\Program Files\Android\Android Studio\jre\bin\server;C:\Temp\libgdxvik\e1cd32f8;C:\Temp\lwjglvik\3.2.3-build-13;C:\Windows\System32\DriverStore\FileRepository\nv_dispig.inf_amd64_47917a79b8c7fd22;C:\Temp\libgdxvik\a14961b7

VM Arguments:
jvm_args: -Dfile.encoding=windows-1251 -Duser.country=RU -Duser.language=ru -Duser.variant 
java_command: com.mygdx.tanks2d.DesktopLauncher_1
java_class_path (initial): C:\game_dev\BattleCity2\desktop\build\classes\java\main;C:\game_dev\BattleCity2\desktop\build\resources\main;C:\Users\vik\.gradle\caches\modules-2\files-2.1\com.badlogicgames.gdx\gdx-backend-lwjgl3\1.10.0\600c7d5b2c977daa82c4abad147087b31e0ada87\gdx-backend-lwjgl3-1.10.0.jar;C:\Users\vik\.gradle\caches\modules-2\files-2.1\com.badlogicgames.gdx\gdx-platform\1.10.0\9a8fa793d2fd6d360afc6c9e4c1f5583da263b88\gdx-platform-1.10.0-natives-desktop.jar;C:\Users\vik\.gradle\caches\modules-2\files-2.1\com.badlogicgames.gdx\gdx-bullet-platform\1.10.0\ce92e8dfc762523d769cbc50853163c03bf98cf1\gdx-bullet-platform-1.10.0-natives-desktop.jar;C:\Users\vik\.gradle\caches\modules-2\files-2.1\com.badlogicgames.gdx\gdx-freetype-platform\1.10.0\6e5d28752759e69384f12e4569d2c884ff71352f\gdx-freetype-platform-1.10.0-natives-desktop.jar;C:\Users\vik\.gradle\caches\modules-2\files-2.1\com.badlogicgames.gdx\gdx-box2d-platform\1.10.0\588c4191c5a64ed39365e71484aa37d81c38eb5e\gdx-box2d-platform-1.10.0-natives-desktop.jar;C:\game_dev\BattleCity2\core\build\libs\core-1.0.jar;C:\Users\vik\.gradle\caches\modules-2\files-2.1\com.android.support\multidex\1.0.3\977baa430cd9596838e8b1799b66ecf4d10a723b\multidex-1.0.3.aar;C:\Users\vik\.gradle\caches\modules-2\files-2.1\com.badlogicgames.gdx\gdx-bullet\1.10.0\839b58c7278f5c3b55291c3a559d91227400ecdb\gdx-bullet-1.10.0.jar;C:\Users\vik\.gradle\caches\modules-2\files-2.1\com.badlogicgames.gdx\gdx-freetype\1.10.0\de1d0d5c1e92e8d91364256fd6b7bb279d3e9859\gdx-freetype-1.10.0.jar;C:\Users\vik\.gradle\caches\modules-2\files-2.1\com.badlogicgames.box2dlights\box2dlights\1.5\6902dbcd250c95a27973aa24a147a95b3828d348\box2dlights-1.5.jar;C:\Users\vik\.gradle\caches\modules-2\files-2.1\com.badlogicgames.gdx\gdx-box2d\1.10.0\b3a3c0f00b90716238835434d0ae8985604c37f8\gdx-box2d-1.10.0.jar;C:\Users\vik\.gradle\caches\modules-2\files-2.1\com.badlogicgames.gdx\gdx\1.10.0\74c240f79dc4fb6b766a834249600d0a019d0489\gdx-1.10.0.jar;C:\Users\vik\.gradle\cac
Launcher Type: SUN_STANDARD

[Global flags]
     intx CICompilerCount                          = 4                                         {product} {ergonomic}
     uint ConcGCThreads                            = 3                                         {product} {ergonomic}
     uint G1ConcRefinementThreads                  = 10                                        {product} {ergonomic}
   size_t G1HeapRegionSize                         = 1048576                                   {product} {ergonomic}
    uintx GCDrainStackTargetSize                   = 64                                        {product} {ergonomic}
   size_t InitialHeapSize                          = 268435456                                 {product} {ergonomic}
   size_t MarkStackSize                            = 4194304                                   {product} {ergonomic}
   size_t MaxHeapSize                              = 4282384384                                {product} {ergonomic}
   size_t MaxNewSize                               = 2569011200                                {product} {ergonomic}
   size_t MinHeapDeltaBytes                        = 1048576                                   {product} {ergonomic}
    uintx NonNMethodCodeHeapSize                   = 5836300                                {pd product} {ergonomic}
    uintx NonProfiledCodeHeapSize                  = 122910970                              {pd product} {ergonomic}
    uintx ProfiledCodeHeapSize                     = 122910970                              {pd product} {ergonomic}
    uintx ReservedCodeCacheSize                    = 251658240                              {pd product} {ergonomic}
     bool SegmentedCodeCache                       = true                                      {product} {ergonomic}
     bool UseCompressedClassPointers               = true                                 {lp64_product} {ergonomic}
     bool UseCompressedOops                        = true                                 {lp64_product} {ergonomic}
     bool UseG1GC                                  = true                                      {product} {ergonomic}
     bool UseLargePagesIndividualAllocation        = false                                  {pd product} {ergonomic}

Logging:
Log output configuration:
 #0: stdout all=warning uptime,level,tags
 #1: stderr all=off uptime,level,tags

Environment Variables:
PATH=C:\Program Files\Common Files\Oracle\Java\javapath;C:\Windows\system32;C:\Windows;C:\Windows\System32\Wbem;C:\Windows\System32\WindowsPowerShell\v1.0\;C:\Program Files\Git\cmd;C:\Program Files (x86)\NVIDIA Corporation\PhysX\Common;C:\Program Files\PuTTY\;C:\Users\vik\AppData\Local\Microsoft\WindowsApps;
USERNAME=vik
OS=Windows_NT
PROCESSOR_IDENTIFIER=AMD64 Family 23 Model 1 Stepping 1, AuthenticAMD



---------------  S Y S T E M  ---------------

OS: Windows 10 , 64 bit Build 19041 (10.0.19041.1023)
OS uptime: 0 days 0:20 hours

CPU:total 12 (initial active 12) (12 cores per cpu, 2 threads per core) family 23 model 1 stepping 1 microcode 0x0, cmov, cx8, fxsr, mmx, sse, sse2, sse3, ssse3, sse4.1, sse4.2, popcnt, avx, avx2, aes, clmul, mmxext, 3dnowpref, lzcnt, sse4a, ht, tsc, tscinvbit, tscinv, bmi1, bmi2, adx, sha, fma

Memory: 4k page, system-wide physical 16332M (11635M free)
TotalPageFile size 18764M (AvailPageFile size 12392M)
current process WorkingSet (physical memory assigned to process): 208M, peak: 213M
current process commit charge ("private bytes"): 500M, peak: 505M

vm_info: OpenJDK 64-Bit Server VM (11.0.12+7-b1504.28-7817840) for windows-amd64 JRE (11.0.12+7-b1504.28-7817840), built on Oct 13 2021 22:12:33 by "builder" with MS VC++ 14.0 (VS2015)

END.
