#
# There is insufficient memory for the Java Runtime Environment to continue.
# Native memory allocation (malloc) failed to allocate 113136 bytes for Chunk::new
# Possible reasons:
#   The system is out of physical RAM or swap space
#   The process is running with CompressedOops enabled, and the Java Heap may be blocking the growth of the native heap
# Possible solutions:
#   Reduce memory load on the system
#   Increase physical memory or swap space
#   Check if swap backing store is full
#   Decrease Java heap size (-Xmx/-Xms)
#   Decrease number of Java threads
#   Decrease Java thread stack sizes (-Xss)
#   Set larger code cache with -XX:ReservedCodeCacheSize=
#   JVM is running with Unscaled Compressed Oops mode in which the Java heap is
#     placed in the first 4GB address space. The Java Heap base address is the
#     maximum limit for the native heap growth. Please use -XX:HeapBaseMinAddress
#     to set the Java Heap base and to place the Java Heap above 4GB virtual address.
# This output file may be truncated or incomplete.
#
#  Out of Memory Error (./src/hotspot/share/memory/arena.cpp:197), pid=5672, tid=13208
#
# JRE version: OpenJDK Runtime Environment (11.0.12+7) (build 11.0.12+7-b1504.28-7817840)
# Java VM: OpenJDK 64-Bit Server VM (11.0.12+7-b1504.28-7817840, mixed mode, tiered, compressed oops, g1 gc, windows-amd64)
# No core dump will be written. Minidumps are not enabled by default on client versions of Windows
#

---------------  S U M M A R Y ------------

Command Line: -Dfile.encoding=windows-1251 -Duser.country=RU -Duser.language=ru -Duser.variant main.java.com.ServerLauncher 8

Host: Intel(R) Pentium(R) CPU G3260 @ 3.30GHz, 2 cores, 5G,  Windows 7 , 64 bit Build 7601 (6.1.7601.18015)
Time: Tue Sep  6 10:43:00 2022 Oaio?aeuiay Acey (ceia) elapsed time: 9.006250 seconds (0d 0h 0m 9s)

---------------  T H R E A D  ---------------

Current thread (0x000000005bf88800):  JavaThread "C2 CompilerThread0" daemon [_thread_in_native, id=13208, stack(0x000000005cb30000,0x000000005cc30000)]


Current CompileTask:
C2:   9006  666       4       java.util.concurrent.ConcurrentHashMap$EntrySetView::iterator (34 bytes)

Stack: [0x000000005cb30000,0x000000005cc30000]
Native frames: (J=compiled Java code, j=interpreted, Vv=VM code, C=native code)
V  [jvm.dll+0x5fbcea]
V  [jvm.dll+0x731905]
V  [jvm.dll+0x732f1d]
V  [jvm.dll+0x7335d3]
V  [jvm.dll+0x247bf8]
V  [jvm.dll+0xc018c]
V  [jvm.dll+0xc06cc]
V  [jvm.dll+0x35b31d]
V  [jvm.dll+0x328803]
V  [jvm.dll+0x327cfa]
V  [jvm.dll+0x200602]
V  [jvm.dll+0x1ff794]
V  [jvm.dll+0x18868c]
V  [jvm.dll+0x20e0d7]
V  [jvm.dll+0x20c901]
V  [jvm.dll+0x6f9b7f]
V  [jvm.dll+0x6f26a5]
V  [jvm.dll+0x5fabf6]
C  [ucrtbase.DLL+0x6be1d]
C  [kernel32.dll+0x1652d]
C  [ntdll.dll+0x2c541]


---------------  P R O C E S S  ---------------

Threads class SMR info:
_java_thread_list=0x000000000026f260, length=13, elements={
0x000000005bf64800, 0x000000005bf65800, 0x000000005bf7a000, 0x000000005bf86000,
0x000000005bf87800, 0x000000005bf88800, 0x000000005bf8a800, 0x000000005bff3800,
0x000000005d04c000, 0x000000005dc55000, 0x000000005d39a000, 0x000000005dc1b800,
0x000000000027c800
}

Java Threads: ( => current thread )
  0x000000005bf64800 JavaThread "Reference Handler" daemon [_thread_blocked, id=12976, stack(0x000000005c2b0000,0x000000005c3b0000)]
  0x000000005bf65800 JavaThread "Finalizer" daemon [_thread_blocked, id=13220, stack(0x000000005c4f0000,0x000000005c5f0000)]
  0x000000005bf7a000 JavaThread "Signal Dispatcher" daemon [_thread_blocked, id=5920, stack(0x000000005c6c0000,0x000000005c7c0000)]
  0x000000005bf86000 JavaThread "Attach Listener" daemon [_thread_blocked, id=13296, stack(0x000000005c850000,0x000000005c950000)]
  0x000000005bf87800 JavaThread "Service Thread" daemon [_thread_blocked, id=11972, stack(0x000000005ca20000,0x000000005cb20000)]
=>0x000000005bf88800 JavaThread "C2 CompilerThread0" daemon [_thread_in_native, id=13208, stack(0x000000005cb30000,0x000000005cc30000)]
  0x000000005bf8a800 JavaThread "C1 CompilerThread0" daemon [_thread_blocked, id=11512, stack(0x000000005cc40000,0x000000005cd40000)]
  0x000000005bff3800 JavaThread "Sweeper thread" daemon [_thread_blocked, id=13224, stack(0x000000005cec0000,0x000000005cfc0000)]
  0x000000005d04c000 JavaThread "Common-Cleaner" daemon [_thread_blocked, id=13132, stack(0x000000005d4f0000,0x000000005d5f0000)]
  0x000000005dc55000 JavaThread "Server" [_thread_in_native, id=11980, stack(0x000000005e0f0000,0x000000005e1f0000)]
  0x000000005d39a000 JavaThread "Thread-0" [_thread_blocked, id=12856, stack(0x000000005e4f0000,0x000000005e5f0000)]
  0x000000005dc1b800 JavaThread "Thread-1" [_thread_blocked, id=13168, stack(0x000000005e3f0000,0x000000005e4f0000)]
  0x000000000027c800 JavaThread "DestroyJavaVM" [_thread_blocked, id=12696, stack(0x0000000002270000,0x0000000002370000)]

Other Threads:
  0x000000005bf1e800 VMThread "VM Thread" [stack: 0x000000005c0d0000,0x000000005c1d0000] [id=6460]
  0x000000005d048000 WatcherThread [stack: 0x000000005cd80000,0x000000005ce80000] [id=9220]
  0x0000000000296800 GCTaskThread "GC Thread#0" [stack: 0x0000000015380000,0x0000000015480000] [id=6936]
  0x000000005dbfe800 GCTaskThread "GC Thread#1" [stack: 0x000000005e720000,0x000000005e820000] [id=13036]
  0x00000000002bb000 ConcurrentGCThread "G1 Main Marker" [stack: 0x0000000018eb0000,0x0000000018fb0000] [id=9308]
  0x00000000002bd000 ConcurrentGCThread "G1 Conc#0" [stack: 0x00000000190b0000,0x00000000191b0000] [id=11320]
  0x0000000018fc3800 ConcurrentGCThread "G1 Refine#0" [stack: 0x000000001b420000,0x000000001b520000] [id=12852]
  0x0000000018fc5000 ConcurrentGCThread "G1 Young RemSet Sampling" [stack: 0x000000001b570000,0x000000001b670000] [id=11672]

Threads with active compile tasks:
C2 CompilerThread0   9057  666       4       java.util.concurrent.ConcurrentHashMap$EntrySetView::iterator (34 bytes)

VM state:not at safepoint (normal execution)

VM Mutex/Monitor currently owned by a thread: None

Heap address: 0x00000000a0c00000, size: 1524 MB, Compressed Oops mode: 32-bit
Narrow klass base: 0x0000000000000000, Narrow klass shift: 0
Compressed class space size: 1073741824 Address: 0x000000001b670000

Heap:
 garbage-first heap   total 98304K, used 4965K [0x00000000a0c00000, 0x0000000100000000)
  region size 1024K, 5 young (5120K), 1 survivors (1024K)
 Metaspace       used 10283K, capacity 10389K, committed 10496K, reserved 1058816K
  class space    used 927K, capacity 968K, committed 1024K, reserved 1048576K
Heap Regions: E=young(eden), S=young(survivor), O=old, HS=humongous(starts), HC=humongous(continues), CS=collection set, F=free, A=archive, TAMS=top-at-mark-start (previous, next)
|   0|0x00000000a0c00000, 0x00000000a0cd9600, 0x00000000a0d00000| 84%| O|  |TAMS 0x00000000a0c00000, 0x00000000a0c00000| Untracked 
|   1|0x00000000a0d00000, 0x00000000a0d00000, 0x00000000a0e00000|  0%| F|  |TAMS 0x00000000a0d00000, 0x00000000a0d00000| Untracked 
|   2|0x00000000a0e00000, 0x00000000a0e00000, 0x00000000a0f00000|  0%| F|  |TAMS 0x00000000a0e00000, 0x00000000a0e00000| Untracked 
|   3|0x00000000a0f00000, 0x00000000a0f00000, 0x00000000a1000000|  0%| F|  |TAMS 0x00000000a0f00000, 0x00000000a0f00000| Untracked 
|   4|0x00000000a1000000, 0x00000000a1000000, 0x00000000a1100000|  0%| F|  |TAMS 0x00000000a1000000, 0x00000000a1000000| Untracked 
|   5|0x00000000a1100000, 0x00000000a1100000, 0x00000000a1200000|  0%| F|  |TAMS 0x00000000a1100000, 0x00000000a1100000| Untracked 
|   6|0x00000000a1200000, 0x00000000a1200000, 0x00000000a1300000|  0%| F|  |TAMS 0x00000000a1200000, 0x00000000a1200000| Untracked 
|   7|0x00000000a1300000, 0x00000000a1300000, 0x00000000a1400000|  0%| F|  |TAMS 0x00000000a1300000, 0x00000000a1300000| Untracked 
|   8|0x00000000a1400000, 0x00000000a1400000, 0x00000000a1500000|  0%| F|  |TAMS 0x00000000a1400000, 0x00000000a1400000| Untracked 
|   9|0x00000000a1500000, 0x00000000a1500000, 0x00000000a1600000|  0%| F|  |TAMS 0x00000000a1500000, 0x00000000a1500000| Untracked 
|  10|0x00000000a1600000, 0x00000000a1600000, 0x00000000a1700000|  0%| F|  |TAMS 0x00000000a1600000, 0x00000000a1600000| Untracked 
|  11|0x00000000a1700000, 0x00000000a1700000, 0x00000000a1800000|  0%| F|  |TAMS 0x00000000a1700000, 0x00000000a1700000| Untracked 
|  12|0x00000000a1800000, 0x00000000a1800000, 0x00000000a1900000|  0%| F|  |TAMS 0x00000000a1800000, 0x00000000a1800000| Untracked 
|  13|0x00000000a1900000, 0x00000000a1900000, 0x00000000a1a00000|  0%| F|  |TAMS 0x00000000a1900000, 0x00000000a1900000| Untracked 
|  14|0x00000000a1a00000, 0x00000000a1a00000, 0x00000000a1b00000|  0%| F|  |TAMS 0x00000000a1a00000, 0x00000000a1a00000| Untracked 
|  15|0x00000000a1b00000, 0x00000000a1b00000, 0x00000000a1c00000|  0%| F|  |TAMS 0x00000000a1b00000, 0x00000000a1b00000| Untracked 
|  16|0x00000000a1c00000, 0x00000000a1c00000, 0x00000000a1d00000|  0%| F|  |TAMS 0x00000000a1c00000, 0x00000000a1c00000| Untracked 
|  17|0x00000000a1d00000, 0x00000000a1d00000, 0x00000000a1e00000|  0%| F|  |TAMS 0x00000000a1d00000, 0x00000000a1d00000| Untracked 
|  18|0x00000000a1e00000, 0x00000000a1e00000, 0x00000000a1f00000|  0%| F|  |TAMS 0x00000000a1e00000, 0x00000000a1e00000| Untracked 
|  19|0x00000000a1f00000, 0x00000000a1f00000, 0x00000000a2000000|  0%| F|  |TAMS 0x00000000a1f00000, 0x00000000a1f00000| Untracked 
|  20|0x00000000a2000000, 0x00000000a2000000, 0x00000000a2100000|  0%| F|  |TAMS 0x00000000a2000000, 0x00000000a2000000| Untracked 
|  21|0x00000000a2100000, 0x00000000a2100000, 0x00000000a2200000|  0%| F|  |TAMS 0x00000000a2100000, 0x00000000a2100000| Untracked 
|  22|0x00000000a2200000, 0x00000000a2200000, 0x00000000a2300000|  0%| F|  |TAMS 0x00000000a2200000, 0x00000000a2200000| Untracked 
|  23|0x00000000a2300000, 0x00000000a2300000, 0x00000000a2400000|  0%| F|  |TAMS 0x00000000a2300000, 0x00000000a2300000| Untracked 
|  24|0x00000000a2400000, 0x00000000a2400000, 0x00000000a2500000|  0%| F|  |TAMS 0x00000000a2400000, 0x00000000a2400000| Untracked 
|  25|0x00000000a2500000, 0x00000000a2500000, 0x00000000a2600000|  0%| F|  |TAMS 0x00000000a2500000, 0x00000000a2500000| Untracked 
|  26|0x00000000a2600000, 0x00000000a2600000, 0x00000000a2700000|  0%| F|  |TAMS 0x00000000a2600000, 0x00000000a2600000| Untracked 
|  27|0x00000000a2700000, 0x00000000a2700000, 0x00000000a2800000|  0%| F|  |TAMS 0x00000000a2700000, 0x00000000a2700000| Untracked 
|  28|0x00000000a2800000, 0x00000000a2800000, 0x00000000a2900000|  0%| F|  |TAMS 0x00000000a2800000, 0x00000000a2800000| Untracked 
|  29|0x00000000a2900000, 0x00000000a2900000, 0x00000000a2a00000|  0%| F|  |TAMS 0x00000000a2900000, 0x00000000a2900000| Untracked 
|  30|0x00000000a2a00000, 0x00000000a2a00000, 0x00000000a2b00000|  0%| F|  |TAMS 0x00000000a2a00000, 0x00000000a2a00000| Untracked 
|  31|0x00000000a2b00000, 0x00000000a2b00000, 0x00000000a2c00000|  0%| F|  |TAMS 0x00000000a2b00000, 0x00000000a2b00000| Untracked 
|  32|0x00000000a2c00000, 0x00000000a2c00000, 0x00000000a2d00000|  0%| F|  |TAMS 0x00000000a2c00000, 0x00000000a2c00000| Untracked 
|  33|0x00000000a2d00000, 0x00000000a2d00000, 0x00000000a2e00000|  0%| F|  |TAMS 0x00000000a2d00000, 0x00000000a2d00000| Untracked 
|  34|0x00000000a2e00000, 0x00000000a2e00000, 0x00000000a2f00000|  0%| F|  |TAMS 0x00000000a2e00000, 0x00000000a2e00000| Untracked 
|  35|0x00000000a2f00000, 0x00000000a2f00000, 0x00000000a3000000|  0%| F|  |TAMS 0x00000000a2f00000, 0x00000000a2f00000| Untracked 
|  36|0x00000000a3000000, 0x00000000a3000000, 0x00000000a3100000|  0%| F|  |TAMS 0x00000000a3000000, 0x00000000a3000000| Untracked 
|  37|0x00000000a3100000, 0x00000000a3100000, 0x00000000a3200000|  0%| F|  |TAMS 0x00000000a3100000, 0x00000000a3100000| Untracked 
|  38|0x00000000a3200000, 0x00000000a3200000, 0x00000000a3300000|  0%| F|  |TAMS 0x00000000a3200000, 0x00000000a3200000| Untracked 
|  39|0x00000000a3300000, 0x00000000a3300000, 0x00000000a3400000|  0%| F|  |TAMS 0x00000000a3300000, 0x00000000a3300000| Untracked 
|  40|0x00000000a3400000, 0x00000000a3400000, 0x00000000a3500000|  0%| F|  |TAMS 0x00000000a3400000, 0x00000000a3400000| Untracked 
|  41|0x00000000a3500000, 0x00000000a3500000, 0x00000000a3600000|  0%| F|  |TAMS 0x00000000a3500000, 0x00000000a3500000| Untracked 
|  42|0x00000000a3600000, 0x00000000a3600000, 0x00000000a3700000|  0%| F|  |TAMS 0x00000000a3600000, 0x00000000a3600000| Untracked 
|  43|0x00000000a3700000, 0x00000000a3700000, 0x00000000a3800000|  0%| F|  |TAMS 0x00000000a3700000, 0x00000000a3700000| Untracked 
|  44|0x00000000a3800000, 0x00000000a3800000, 0x00000000a3900000|  0%| F|  |TAMS 0x00000000a3800000, 0x00000000a3800000| Untracked 
|  45|0x00000000a3900000, 0x00000000a3900000, 0x00000000a3a00000|  0%| F|  |TAMS 0x00000000a3900000, 0x00000000a3900000| Untracked 
|  46|0x00000000a3a00000, 0x00000000a3a00000, 0x00000000a3b00000|  0%| F|  |TAMS 0x00000000a3a00000, 0x00000000a3a00000| Untracked 
|  47|0x00000000a3b00000, 0x00000000a3b00000, 0x00000000a3c00000|  0%| F|  |TAMS 0x00000000a3b00000, 0x00000000a3b00000| Untracked 
|  48|0x00000000a3c00000, 0x00000000a3c00000, 0x00000000a3d00000|  0%| F|  |TAMS 0x00000000a3c00000, 0x00000000a3c00000| Untracked 
|  49|0x00000000a3d00000, 0x00000000a3d00000, 0x00000000a3e00000|  0%| F|  |TAMS 0x00000000a3d00000, 0x00000000a3d00000| Untracked 
|  50|0x00000000a3e00000, 0x00000000a3e00000, 0x00000000a3f00000|  0%| F|  |TAMS 0x00000000a3e00000, 0x00000000a3e00000| Untracked 
|  51|0x00000000a3f00000, 0x00000000a3f00000, 0x00000000a4000000|  0%| F|  |TAMS 0x00000000a3f00000, 0x00000000a3f00000| Untracked 
|  52|0x00000000a4000000, 0x00000000a4000000, 0x00000000a4100000|  0%| F|  |TAMS 0x00000000a4000000, 0x00000000a4000000| Untracked 
|  53|0x00000000a4100000, 0x00000000a4100000, 0x00000000a4200000|  0%| F|  |TAMS 0x00000000a4100000, 0x00000000a4100000| Untracked 
|  54|0x00000000a4200000, 0x00000000a4200000, 0x00000000a4300000|  0%| F|  |TAMS 0x00000000a4200000, 0x00000000a4200000| Untracked 
|  55|0x00000000a4300000, 0x00000000a4300000, 0x00000000a4400000|  0%| F|  |TAMS 0x00000000a4300000, 0x00000000a4300000| Untracked 
|  56|0x00000000a4400000, 0x00000000a4400000, 0x00000000a4500000|  0%| F|  |TAMS 0x00000000a4400000, 0x00000000a4400000| Untracked 
|  57|0x00000000a4500000, 0x00000000a4500000, 0x00000000a4600000|  0%| F|  |TAMS 0x00000000a4500000, 0x00000000a4500000| Untracked 
|  58|0x00000000a4600000, 0x00000000a4600000, 0x00000000a4700000|  0%| F|  |TAMS 0x00000000a4600000, 0x00000000a4600000| Untracked 
|  59|0x00000000a4700000, 0x00000000a4700000, 0x00000000a4800000|  0%| F|  |TAMS 0x00000000a4700000, 0x00000000a4700000| Untracked 
|  60|0x00000000a4800000, 0x00000000a4800000, 0x00000000a4900000|  0%| F|  |TAMS 0x00000000a4800000, 0x00000000a4800000| Untracked 
|  61|0x00000000a4900000, 0x00000000a4900000, 0x00000000a4a00000|  0%| F|  |TAMS 0x00000000a4900000, 0x00000000a4900000| Untracked 
|  62|0x00000000a4a00000, 0x00000000a4a00000, 0x00000000a4b00000|  0%| F|  |TAMS 0x00000000a4a00000, 0x00000000a4a00000| Untracked 
|  63|0x00000000a4b00000, 0x00000000a4b00000, 0x00000000a4c00000|  0%| F|  |TAMS 0x00000000a4b00000, 0x00000000a4b00000| Untracked 
|  64|0x00000000a4c00000, 0x00000000a4c00000, 0x00000000a4d00000|  0%| F|  |TAMS 0x00000000a4c00000, 0x00000000a4c00000| Untracked 
|  65|0x00000000a4d00000, 0x00000000a4d00000, 0x00000000a4e00000|  0%| F|  |TAMS 0x00000000a4d00000, 0x00000000a4d00000| Untracked 
|  66|0x00000000a4e00000, 0x00000000a4e00000, 0x00000000a4f00000|  0%| F|  |TAMS 0x00000000a4e00000, 0x00000000a4e00000| Untracked 
|  67|0x00000000a4f00000, 0x00000000a4f00000, 0x00000000a5000000|  0%| F|  |TAMS 0x00000000a4f00000, 0x00000000a4f00000| Untracked 
|  68|0x00000000a5000000, 0x00000000a5000000, 0x00000000a5100000|  0%| F|  |TAMS 0x00000000a5000000, 0x00000000a5000000| Untracked 
|  69|0x00000000a5100000, 0x00000000a5100000, 0x00000000a5200000|  0%| F|  |TAMS 0x00000000a5100000, 0x00000000a5100000| Untracked 
|  70|0x00000000a5200000, 0x00000000a5200000, 0x00000000a5300000|  0%| F|  |TAMS 0x00000000a5200000, 0x00000000a5200000| Untracked 
|  71|0x00000000a5300000, 0x00000000a5300000, 0x00000000a5400000|  0%| F|  |TAMS 0x00000000a5300000, 0x00000000a5300000| Untracked 
|  72|0x00000000a5400000, 0x00000000a5400000, 0x00000000a5500000|  0%| F|  |TAMS 0x00000000a5400000, 0x00000000a5400000| Untracked 
|  73|0x00000000a5500000, 0x00000000a5500000, 0x00000000a5600000|  0%| F|  |TAMS 0x00000000a5500000, 0x00000000a5500000| Untracked 
|  74|0x00000000a5600000, 0x00000000a5600000, 0x00000000a5700000|  0%| F|  |TAMS 0x00000000a5600000, 0x00000000a5600000| Untracked 
|  75|0x00000000a5700000, 0x00000000a5700000, 0x00000000a5800000|  0%| F|  |TAMS 0x00000000a5700000, 0x00000000a5700000| Untracked 
|  76|0x00000000a5800000, 0x00000000a5800000, 0x00000000a5900000|  0%| F|  |TAMS 0x00000000a5800000, 0x00000000a5800000| Untracked 
|  77|0x00000000a5900000, 0x00000000a5900000, 0x00000000a5a00000|  0%| F|  |TAMS 0x00000000a5900000, 0x00000000a5900000| Untracked 
|  78|0x00000000a5a00000, 0x00000000a5a00000, 0x00000000a5b00000|  0%| F|  |TAMS 0x00000000a5a00000, 0x00000000a5a00000| Untracked 
|  79|0x00000000a5b00000, 0x00000000a5b00000, 0x00000000a5c00000|  0%| F|  |TAMS 0x00000000a5b00000, 0x00000000a5b00000| Untracked 
|  80|0x00000000a5c00000, 0x00000000a5c00000, 0x00000000a5d00000|  0%| F|  |TAMS 0x00000000a5c00000, 0x00000000a5c00000| Untracked 
|  81|0x00000000a5d00000, 0x00000000a5d00000, 0x00000000a5e00000|  0%| F|  |TAMS 0x00000000a5d00000, 0x00000000a5d00000| Untracked 
|  82|0x00000000a5e00000, 0x00000000a5e00000, 0x00000000a5f00000|  0%| F|  |TAMS 0x00000000a5e00000, 0x00000000a5e00000| Untracked 
|  83|0x00000000a5f00000, 0x00000000a5f00000, 0x00000000a6000000|  0%| F|  |TAMS 0x00000000a5f00000, 0x00000000a5f00000| Untracked 
|  84|0x00000000a6000000, 0x00000000a6000000, 0x00000000a6100000|  0%| F|  |TAMS 0x00000000a6000000, 0x00000000a6000000| Untracked 
|  85|0x00000000a6100000, 0x00000000a6100000, 0x00000000a6200000|  0%| F|  |TAMS 0x00000000a6100000, 0x00000000a6100000| Untracked 
|  86|0x00000000a6200000, 0x00000000a6200000, 0x00000000a6300000|  0%| F|  |TAMS 0x00000000a6200000, 0x00000000a6200000| Untracked 
|  87|0x00000000a6300000, 0x00000000a6300000, 0x00000000a6400000|  0%| F|  |TAMS 0x00000000a6300000, 0x00000000a6300000| Untracked 
|  88|0x00000000a6400000, 0x00000000a6500000, 0x00000000a6500000|100%| S|CS|TAMS 0x00000000a6400000, 0x00000000a6400000| Complete 
|  89|0x00000000a6500000, 0x00000000a6500000, 0x00000000a6600000|  0%| F|  |TAMS 0x00000000a6500000, 0x00000000a6500000| Untracked 
|  90|0x00000000a6600000, 0x00000000a6600000, 0x00000000a6700000|  0%| F|  |TAMS 0x00000000a6600000, 0x00000000a6600000| Untracked 
|  91|0x00000000a6700000, 0x00000000a6700000, 0x00000000a6800000|  0%| F|  |TAMS 0x00000000a6700000, 0x00000000a6700000| Untracked 
|  92|0x00000000a6800000, 0x00000000a6900000, 0x00000000a6900000|100%| E|  |TAMS 0x00000000a6800000, 0x00000000a6800000| Complete 
|  93|0x00000000a6900000, 0x00000000a6a00000, 0x00000000a6a00000|100%| E|CS|TAMS 0x00000000a6900000, 0x00000000a6900000| Complete 
|  94|0x00000000a6a00000, 0x00000000a6b00000, 0x00000000a6b00000|100%| E|CS|TAMS 0x00000000a6a00000, 0x00000000a6a00000| Complete 
|  95|0x00000000a6b00000, 0x00000000a6c00000, 0x00000000a6c00000|100%| E|CS|TAMS 0x00000000a6b00000, 0x00000000a6b00000| Complete 

Card table byte_map: [0x0000000015890000,0x0000000015b90000] _byte_map_base: 0x000000001538a000

Marking Bits (Prev, Next): (CMBitMap*) 0x00000000002b46c8, (CMBitMap*) 0x00000000002b4700
 Prev Bits: [0x0000000015e90000, 0x0000000017660000)
 Next Bits: [0x0000000017660000, 0x0000000018e30000)

Polling page: 0x0000000000430000

Metaspace:

Usage:
  Non-class:      9.20 MB capacity,     9.14 MB (>99%) used,    56.75 KB ( <1%) free+waste,     8.13 KB ( <1%) overhead. 
      Class:    968.00 KB capacity,   927.35 KB ( 96%) used,    37.59 KB (  4%) free+waste,     3.06 KB ( <1%) overhead. 
       Both:     10.15 MB capacity,    10.04 MB ( 99%) used,    94.34 KB ( <1%) free+waste,    11.19 KB ( <1%) overhead. 

Virtual space:
  Non-class space:       10.00 MB reserved,       9.25 MB ( 93%) committed 
      Class space:        1.00 GB reserved,       1.00 MB ( <1%) committed 
             Both:        1.01 GB reserved,      10.25 MB ( <1%) committed 

Chunk freelists:
   Non-Class:  51.00 KB
       Class:  24.00 KB
        Both:  75.00 KB

MaxMetaspaceSize: 17179869184.00 GB
CompressedClassSpaceSize: 1.00 GB
Initial GC threshold: 20.80 MB
Current GC threshold: 20.80 MB
CDS: off

CodeHeap 'non-profiled nmethods': size=120064Kb used=196Kb max_used=196Kb free=119867Kb
 bounds [0x000000000db30000, 0x000000000dda0000, 0x0000000015070000]
CodeHeap 'profiled nmethods': size=120000Kb used=1132Kb max_used=1132Kb free=118867Kb
 bounds [0x0000000006600000, 0x0000000006870000, 0x000000000db30000]
CodeHeap 'non-nmethods': size=5696Kb used=1145Kb max_used=1158Kb free=4550Kb
 bounds [0x0000000006070000, 0x00000000062e0000, 0x0000000006600000]
 total_blobs=1064 nmethods=667 adapters=311
 compilation: enabled
              stopped_count=0, restarted_count=0
 full_count=0

Compilation events (20 events):
Event: 8.064 Thread 0x000000005bf8a800 nmethod 656 0x0000000006718790 code [0x0000000006718940, 0x0000000006718a38]
Event: 8.375 Thread 0x000000005bf88800  657       4       main.java.com.Units.ListPlayer.ListPlayers::getPlayerForId (67 bytes)
Event: 8.390 Thread 0x000000005bf88800 nmethod 657 0x000000000db5fb10 code [0x000000000db5fd20, 0x000000000db60410]
Event: 8.394 Thread 0x000000005bf8a800  658       3       java.util.ArrayList$Itr::hasNext (20 bytes)
Event: 8.394 Thread 0x000000005bf8a800 nmethod 658 0x0000000006718b10 code [0x0000000006718cc0, 0x0000000006718e38]
Event: 8.465 Thread 0x000000005bf8a800  659       3       java.util.concurrent.ConcurrentHashMap::size (31 bytes)
Event: 8.466 Thread 0x000000005bf8a800 nmethod 659 0x0000000006718f10 code [0x00000000067190e0, 0x00000000067192e8]
Event: 8.644 Thread 0x000000005bf8a800  660       3       java.util.HashMap::isEmpty (13 bytes)
Event: 8.644 Thread 0x000000005bf8a800 nmethod 660 0x0000000006719390 code [0x0000000006719540, 0x0000000006719698]
Event: 8.690 Thread 0x000000005bf8a800  661       3       java.nio.ByteBuffer::position (6 bytes)
Event: 8.690 Thread 0x000000005bf8a800 nmethod 661 0x0000000006719710 code [0x00000000067198c0, 0x0000000006719a68]
Event: 8.949 Thread 0x000000005bf88800  662       4       java.util.concurrent.ConcurrentHashMap$Traverser::<init> (36 bytes)
Event: 8.952 Thread 0x000000005bf88800 nmethod 662 0x000000000db60a10 code [0x000000000db60ba0, 0x000000000db60d18]
Event: 8.964 Thread 0x000000005bf88800  663       4       com.badlogic.gdx.math.Vector2::angleDeg (31 bytes)
Event: 8.965 Thread 0x000000005bf88800 nmethod 663 0x000000000db60d90 code [0x000000000db60f60, 0x000000000db61008]
Event: 8.968 Thread 0x000000005bf8a800  664       3       java.nio.ByteBuffer::flip (7 bytes)
Event: 8.968 Thread 0x000000005bf8a800 nmethod 664 0x0000000006719b10 code [0x0000000006719cc0, 0x0000000006719e38]
Event: 8.968 Thread 0x000000005bf8a800  665       3       java.nio.Buffer::flip (20 bytes)
Event: 8.968 Thread 0x000000005bf8a800 nmethod 665 0x0000000006719f10 code [0x000000000671a0c0, 0x000000000671a1d8]
Event: 8.995 Thread 0x000000005bf88800  666       4       java.util.concurrent.ConcurrentHashMap$EntrySetView::iterator (34 bytes)

GC Heap History (2 events):
Event: 0.492 GC heap before
{Heap before GC invocations=0 (full 0):
 garbage-first heap   total 98304K, used 7168K [0x00000000a0c00000, 0x0000000100000000)
  region size 1024K, 7 young (7168K), 0 survivors (0K)
 Metaspace       used 9821K, capacity 9909K, committed 10240K, reserved 1058816K
  class space    used 902K, capacity 936K, committed 1024K, reserved 1048576K
}
Event: 0.496 GC heap after
{Heap after GC invocations=1 (full 0):
 garbage-first heap   total 98304K, used 1893K [0x00000000a0c00000, 0x0000000100000000)
  region size 1024K, 1 young (1024K), 1 survivors (1024K)
 Metaspace       used 9821K, capacity 9909K, committed 10240K, reserved 1058816K
  class space    used 902K, capacity 936K, committed 1024K, reserved 1048576K
}

Deoptimization events (20 events):
Event: 0.441 Thread 0x000000000027c800 Uncommon trap: trap_request=0xffffff4d fr.pc=0x000000000db3e544 relative=0x0000000000000384
Event: 0.441 Thread 0x000000000027c800 Uncommon trap: reason=unstable_if action=reinterpret pc=0x000000000db3e544 method=java.lang.StringLatin1.canEncode(I)Z @ 4 c2
Event: 0.441 Thread 0x000000000027c800 DEOPT PACKING pc=0x000000000db3e544 sp=0x000000000236ed90
Event: 0.441 Thread 0x000000000027c800 DEOPT UNPACKING pc=0x00000000060ba1a9 sp=0x000000000236ecb8 mode 2
Event: 0.441 Thread 0x000000000027c800 Uncommon trap: trap_request=0xffffff4d fr.pc=0x000000000db3eda8 relative=0x0000000000000368
Event: 0.441 Thread 0x000000000027c800 Uncommon trap: reason=unstable_if action=reinterpret pc=0x000000000db3eda8 method=java.lang.AbstractStringBuilder.isLatin1()Z @ 10 c2
Event: 0.441 Thread 0x000000000027c800 DEOPT PACKING pc=0x000000000db3eda8 sp=0x000000000236ed30
Event: 0.441 Thread 0x000000000027c800 DEOPT UNPACKING pc=0x00000000060ba1a9 sp=0x000000000236ecb0 mode 2
Event: 0.441 Thread 0x000000000027c800 Uncommon trap: trap_request=0xffffff4d fr.pc=0x000000000db424e8 relative=0x0000000000000048
Event: 0.441 Thread 0x000000000027c800 Uncommon trap: reason=unstable_if action=reinterpret pc=0x000000000db424e8 method=java.lang.AbstractStringBuilder.isLatin1()Z @ 10 c2
Event: 0.441 Thread 0x000000000027c800 DEOPT PACKING pc=0x000000000db424e8 sp=0x000000000236ed10
Event: 0.441 Thread 0x000000000027c800 DEOPT UNPACKING pc=0x00000000060ba1a9 sp=0x000000000236eca0 mode 2
Event: 0.443 Thread 0x000000000027c800 DEOPT PACKING pc=0x000000000666d2ff sp=0x000000000236c190
Event: 0.443 Thread 0x000000000027c800 DEOPT UNPACKING pc=0x00000000060ba93f sp=0x000000000236b5e0 mode 0
Event: 0.463 Thread 0x000000000027c800 Uncommon trap: trap_request=0xffffff4d fr.pc=0x000000000db50820 relative=0x0000000000000200
Event: 0.463 Thread 0x000000000027c800 Uncommon trap: reason=unstable_if action=reinterpret pc=0x000000000db50820 method=java.lang.String.startsWith(Ljava/lang/String;I)Z @ 14 c2
Event: 0.463 Thread 0x000000000027c800 DEOPT PACKING pc=0x000000000db50820 sp=0x000000000236e940
Event: 0.463 Thread 0x000000000027c800 DEOPT UNPACKING pc=0x00000000060ba1a9 sp=0x000000000236e8a8 mode 2
Event: 7.133 Thread 0x000000005dc55000 DEOPT PACKING pc=0x000000000666d2ff sp=0x000000005e1ee640
Event: 7.133 Thread 0x000000005dc55000 DEOPT UNPACKING pc=0x00000000060ba93f sp=0x000000005e1eda90 mode 0

Classes redefined (0 events):
No events

Internal exceptions (4 events):
Event: 0.112 Thread 0x000000000027c800 Exception <a 'java/security/PrivilegedActionException'{0x00000000a6bd9260}> (0x00000000a6bd9260) thrown at [./src/hotspot/share/prims/jvm.cpp, line 1306]
Event: 0.112 Thread 0x000000000027c800 Exception <a 'java/security/PrivilegedActionException'{0x00000000a6bd9530}> (0x00000000a6bd9530) thrown at [./src/hotspot/share/prims/jvm.cpp, line 1306]
Event: 0.293 Thread 0x000000000027c800 Exception <a 'java/lang/NoSuchMethodError'{0x00000000a67471a0}: 'java.lang.Object java.lang.invoke.DirectMethodHandle$Holder.invokeStaticInit(java.lang.Object, int, int, int, int)'> (0x00000000a67471a0) thrown at [./src/hotspot/share/interpreter/linkResolver.cpp, line 773]
Event: 0.393 Thread 0x000000000027c800 Exception <a 'java/lang/NoSuchMethodError'{0x00000000a6653ad8}: 'java.lang.Object java.lang.invoke.DirectMethodHandle$Holder.invokeStaticInit(java.lang.Object, java.lang.Object, int, int, int, int)'> (0x00000000a6653ad8) thrown at [./src/hotspot/share/interpreter/linkResolver.cpp, line 773]

Events (20 events):
Event: 7.138 loading class com/esotericsoftware/reflectasm/shaded/org/objectweb/asm/MethodWriter
Event: 7.138 loading class com/esotericsoftware/reflectasm/shaded/org/objectweb/asm/MethodWriter done
Event: 7.139 loading class com/esotericsoftware/reflectasm/shaded/org/objectweb/asm/ByteVector
Event: 7.139 loading class com/esotericsoftware/reflectasm/shaded/org/objectweb/asm/ByteVector done
Event: 7.140 loading class com/esotericsoftware/reflectasm/shaded/org/objectweb/asm/Item
Event: 7.140 loading class com/esotericsoftware/reflectasm/shaded/org/objectweb/asm/Item done
Event: 7.143 loading class java/lang/ClassFormatError
Event: 7.143 loading class java/lang/ClassFormatError done
Event: 7.143 loading class java/lang/UnsupportedOperationException
Event: 7.143 loading class java/lang/UnsupportedOperationException done
Event: 7.143 Executing VM operation: RevokeBias
Event: 7.143 Executing VM operation: RevokeBias done
Event: 7.143 loading class com/esotericsoftware/kryo/Kryo$DefaultInstantiatorStrategy$1
Event: 7.143 loading class com/esotericsoftware/kryo/Kryo$DefaultInstantiatorStrategy$1 done
Event: 7.144 Executing VM operation: RevokeBias
Event: 7.144 Executing VM operation: RevokeBias done
Event: 7.232 Executing VM operation: RevokeBias
Event: 7.232 Executing VM operation: RevokeBias done
Event: 7.232 loading class java/util/concurrent/ConcurrentHashMap$KeyIterator
Event: 7.232 loading class java/util/concurrent/ConcurrentHashMap$KeyIterator done


Dynamic libraries:
0x000000013fac0000 - 0x000000013faca000 	C:\Program Files\Android\Android Studio\jre\bin\java.exe
0x00000000771d0000 - 0x0000000077379000 	C:\Windows\SYSTEM32\ntdll.dll
0x00000000770b0000 - 0x00000000771cf000 	C:\Windows\system32\kernel32.dll
0x000007fefd420000 - 0x000007fefd48b000 	C:\Windows\system32\KERNELBASE.dll
0x000007fef7e50000 - 0x000007fef7e69000 	C:\Program Files\Android\Android Studio\jre\bin\jli.dll
0x000007fefbbd0000 - 0x000007fefbdc4000 	C:\Windows\WinSxS\amd64_microsoft.windows.common-controls_6595b64144ccf1df_6.0.7601.17514_none_fa396087175ac9ac\COMCTL32.dll
0x000007fefe710000 - 0x000007fefe7af000 	C:\Windows\system32\msvcrt.dll
0x000007fefee20000 - 0x000007fefee87000 	C:\Windows\system32\GDI32.dll
0x0000000076fb0000 - 0x00000000770aa000 	C:\Windows\system32\USER32.dll
0x000007fefedf0000 - 0x000007fefedfe000 	C:\Windows\system32\LPK.dll
0x000007fefe460000 - 0x000007fefe529000 	C:\Windows\system32\USP10.dll
0x000007fefed70000 - 0x000007fefede1000 	C:\Windows\system32\SHLWAPI.dll
0x000007fef6c20000 - 0x000007fef6c37000 	C:\Program Files\Android\Android Studio\jre\bin\VCRUNTIME140.dll
0x000007fef77c0000 - 0x000007fef77c4000 	C:\Windows\system32\api-ms-win-crt-runtime-l1-1-0.dll
0x000007fef7850000 - 0x000007fef7944000 	C:\Windows\system32\ucrtbase.DLL
0x000007fef7840000 - 0x000007fef7843000 	C:\Windows\system32\api-ms-win-core-timezone-l1-1-0.dll
0x000007fef7830000 - 0x000007fef7833000 	C:\Windows\system32\api-ms-win-core-file-l2-1-0.dll
0x000007fef7820000 - 0x000007fef7823000 	C:\Windows\system32\api-ms-win-core-localization-l1-2-0.dll
0x000007fef7810000 - 0x000007fef7813000 	C:\Windows\system32\api-ms-win-core-synch-l1-2-0.dll
0x000007fef7800000 - 0x000007fef7803000 	C:\Windows\system32\api-ms-win-core-processthreads-l1-1-1.dll
0x000007fef77f0000 - 0x000007fef77f3000 	C:\Windows\system32\api-ms-win-core-file-l1-2-0.dll
0x000007fef7950000 - 0x000007fef7954000 	C:\Windows\system32\api-ms-win-crt-string-l1-1-0.dll
0x000007fef77d0000 - 0x000007fef77d3000 	C:\Windows\system32\api-ms-win-crt-heap-l1-1-0.dll
0x000007fef77e0000 - 0x000007fef77e4000 	C:\Windows\system32\api-ms-win-crt-stdio-l1-1-0.dll
0x000007fef77b0000 - 0x000007fef77b4000 	C:\Windows\system32\api-ms-win-crt-convert-l1-1-0.dll
0x000007fef7780000 - 0x000007fef7783000 	C:\Windows\system32\api-ms-win-crt-environment-l1-1-0.dll
0x000007fef7770000 - 0x000007fef7773000 	C:\Windows\system32\api-ms-win-crt-filesystem-l1-1-0.dll
0x000007fef7740000 - 0x000007fef7745000 	C:\Windows\system32\api-ms-win-crt-math-l1-1-0.dll
0x000007fef7750000 - 0x000007fef7753000 	C:\Windows\system32\api-ms-win-crt-locale-l1-1-0.dll
0x000007feff220000 - 0x000007feff24e000 	C:\Windows\system32\IMM32.DLL
0x000007fefeee0000 - 0x000007fefefe9000 	C:\Windows\system32\MSCTF.dll
0x000007fef2c00000 - 0x000007fef2c9d000 	C:\Program Files\Android\Android Studio\jre\bin\msvcp140.dll
0x000007fef77a0000 - 0x000007fef77a5000 	C:\Windows\system32\api-ms-win-crt-multibyte-l1-1-0.dll
0x000007fef7760000 - 0x000007fef7763000 	C:\Windows\system32\api-ms-win-crt-time-l1-1-0.dll
0x000007fef7790000 - 0x000007fef7793000 	C:\Windows\system32\api-ms-win-crt-utility-l1-1-0.dll
0x000007fed2b10000 - 0x000007fed35f5000 	C:\Program Files\Android\Android Studio\jre\bin\server\jvm.dll
0x000007fefeb90000 - 0x000007fefec6b000 	C:\Windows\system32\ADVAPI32.dll
0x000007fefee00000 - 0x000007fefee1f000 	C:\Windows\SYSTEM32\sechost.dll
0x000007feff0f0000 - 0x000007feff21d000 	C:\Windows\system32\RPCRT4.dll
0x000007fef7f20000 - 0x000007fef7f29000 	C:\Windows\system32\WSOCK32.dll
0x000007fefee90000 - 0x000007fefeedd000 	C:\Windows\system32\WS2_32.dll
0x000007fefd4f0000 - 0x000007fefd4f8000 	C:\Windows\system32\NSI.dll
0x000007fefb0a0000 - 0x000007fefb0db000 	C:\Windows\system32\WINMM.dll
0x000007fefc260000 - 0x000007fefc26c000 	C:\Windows\system32\VERSION.dll
0x00000000773a0000 - 0x00000000773a7000 	C:\Windows\system32\PSAPI.DLL
0x000007fef69a0000 - 0x000007fef69b1000 	C:\Program Files\Android\Android Studio\jre\bin\verify.dll
0x000007fef4670000 - 0x000007fef4795000 	C:\Windows\system32\DBGHELP.DLL
0x000007fef2fe0000 - 0x000007fef3009000 	C:\Program Files\Android\Android Studio\jre\bin\java.dll
0x000007fef6980000 - 0x000007fef698b000 	C:\Program Files\Android\Android Studio\jre\bin\jimage.dll
0x000007fef5b50000 - 0x000007fef5b68000 	C:\Program Files\Android\Android Studio\jre\bin\zip.dll
0x000007fefd500000 - 0x000007fefe288000 	C:\Windows\system32\SHELL32.dll
0x000007feff250000 - 0x000007feff453000 	C:\Windows\system32\ole32.dll
0x000007fefd120000 - 0x000007fefd12f000 	C:\Windows\system32\profapi.dll
0x000007fef45a0000 - 0x000007fef45ba000 	C:\Program Files\Android\Android Studio\jre\bin\net.dll
0x000007fef85e0000 - 0x000007fef8651000 	C:\Windows\system32\WINHTTP.dll
0x000007fef8570000 - 0x000007fef85d4000 	C:\Windows\system32\webio.dll
0x000007fefc950000 - 0x000007fefc9a5000 	C:\Windows\system32\mswsock.dll
0x000007fefc940000 - 0x000007fefc947000 	C:\Windows\System32\wship6.dll
0x000007fef2ee0000 - 0x000007fef2ef4000 	C:\Program Files\Android\Android Studio\jre\bin\nio.dll
0x000007fefc9b0000 - 0x000007fefc9c7000 	C:\Windows\system32\CRYPTSP.dll
0x000007fefc6b0000 - 0x000007fefc6f7000 	C:\Windows\system32\rsaenh.dll
0x000007fefc460000 - 0x000007fefc47e000 	C:\Windows\system32\USERENV.dll
0x000007fefd010000 - 0x000007fefd01f000 	C:\Windows\system32\CRYPTBASE.dll
0x000007fefab20000 - 0x000007fefab47000 	C:\Windows\system32\IPHLPAPI.DLL
0x000007fefaad0000 - 0x000007fefaadb000 	C:\Windows\system32\WINNSI.DLL
0x000007fefa660000 - 0x000007fefa671000 	C:\Windows\system32\dhcpcsvc6.DLL
0x000007fefa610000 - 0x000007fefa628000 	C:\Windows\system32\dhcpcsvc.DLL

dbghelp: loaded successfully - version: 4.0.5 - missing functions: none
symbol engine: initialized successfully - sym options: 0x614 - pdb path: .;C:\Program Files\Android\Android Studio\jre\bin;C:\Windows\SYSTEM32;C:\Windows\WinSxS\amd64_microsoft.windows.common-controls_6595b64144ccf1df_6.0.7601.17514_none_fa396087175ac9ac;C:\Program Files\Android\Android Studio\jre\bin\server

VM Arguments:
jvm_args: -Dfile.encoding=windows-1251 -Duser.country=RU -Duser.language=ru -Duser.variant 
java_command: main.java.com.ServerLauncher 8
java_class_path (initial): C:\Games\BattleCity2\serverTank\build\classes\java\main;C:\Games\BattleCity2\serverTank\build\resources\main;C:\Games\BattleCity2\core\build\libs\core-1.0.jar;C:\Users\viktor\.gradle\caches\modules-2\files-2.1\com.esotericsoftware\kryonet\2.22.0-RC1\2f25f7250a3096a8d1b8182946f6572d90d280d0\kryonet-2.22.0-RC1.jar;C:\Users\viktor\.gradle\caches\modules-2\files-2.1\com.badlogicgames.gdx\gdx-bullet\1.10.0\839b58c7278f5c3b55291c3a559d91227400ecdb\gdx-bullet-1.10.0.jar;C:\Users\viktor\.gradle\caches\modules-2\files-2.1\com.badlogicgames.gdx\gdx-freetype\1.10.0\de1d0d5c1e92e8d91364256fd6b7bb279d3e9859\gdx-freetype-1.10.0.jar;C:\Users\viktor\.gradle\caches\modules-2\files-2.1\com.badlogicgames.box2dlights\box2dlights\1.5\6902dbcd250c95a27973aa24a147a95b3828d348\box2dlights-1.5.jar;C:\Users\viktor\.gradle\caches\modules-2\files-2.1\com.badlogicgames.gdx\gdx-box2d\1.10.0\b3a3c0f00b90716238835434d0ae8985604c37f8\gdx-box2d-1.10.0.jar;C:\Users\viktor\.gradle\caches\modules-2\files-2.1\com.badlogicgames.gdx\gdx\1.10.0\74c240f79dc4fb6b766a834249600d0a019d0489\gdx-1.10.0.jar;C:\Users\viktor\.gradle\caches\modules-2\files-2.1\org.json\json\20171018\36ced462c97f0845b4a7b266a25cebe95d18baa3\json-20171018.jar;C:\Users\viktor\.gradle\caches\modules-2\files-2.1\com.esotericsoftware.kryo\kryo\2.24.0\c6b206e80cfd97e66a1364003724491c757b92f\kryo-2.24.0.jar;C:\Users\viktor\.gradle\caches\modules-2\files-2.1\com.esotericsoftware\jsonbeans\0.7\de977f0875708eddd154f2a4c3a3f58a13ef297\jsonbeans-0.7.jar;C:\Users\viktor\.gradle\caches\modules-2\files-2.1\com.google.android.gms\play-services-ads\15.0.0\603df767d87ca85acd5bca610a4feb6e3fd88759\play-services-ads-15.0.0.aar;C:\Users\viktor\.gradle\caches\modules-2\files-2.1\com.esotericsoftware.minlog\minlog\1.2\59bfcd171d82f9981a5e242b9e840191f650e209\minlog-1.2.jar;C:\Users\viktor\.gradle\caches\modules-2\files-2.1\org.objenesis\objenesis\2.1\87c0ea803b69252868d09308b4618f766f135a96\objenesis-2.1.jar;C:\Users\viktor\.gra
Launcher Type: SUN_STANDARD

[Global flags]
     intx CICompilerCount                          = 2                                         {product} {ergonomic}
     uint ConcGCThreads                            = 1                                         {product} {ergonomic}
     uint G1ConcRefinementThreads                  = 2                                         {product} {ergonomic}
   size_t G1HeapRegionSize                         = 1048576                                   {product} {ergonomic}
    uintx GCDrainStackTargetSize                   = 64                                        {product} {ergonomic}
   size_t InitialHeapSize                          = 100663296                                 {product} {ergonomic}
   size_t MarkStackSize                            = 4194304                                   {product} {ergonomic}
   size_t MaxHeapSize                              = 1598029824                                {product} {ergonomic}
   size_t MaxNewSize                               = 958398464                                 {product} {ergonomic}
   size_t MinHeapDeltaBytes                        = 1048576                                   {product} {ergonomic}
    uintx NonNMethodCodeHeapSize                   = 5825164                                {pd product} {ergonomic}
    uintx NonProfiledCodeHeapSize                  = 122916538                              {pd product} {ergonomic}
    uintx ProfiledCodeHeapSize                     = 122916538                              {pd product} {ergonomic}
    uintx ReservedCodeCacheSize                    = 251658240                              {pd product} {ergonomic}
     bool SegmentedCodeCache                       = true                                      {product} {ergonomic}
     bool UseCompressedClassPointers               = true                                 {lp64_product} {ergonomic}
     bool UseCompressedOops                        = true                                 {lp64_product} {ergonomic}
     bool UseG1GC                                  = true                                      {product} {ergonomic}
     bool UseLargePagesIndividualAllocation        = false                                  {pd product} {ergonomic}

Logging:
Log output configuration:
 #0: stdout all=warning uptime,level,tags
 #1: stderr all=off uptime,level,tags

Environment Variables:
PATH=C:\Program Files\Common Files\Oracle\Java\javapath;C:\Program Files (x86)\Common Files\Oracle\Java\javapath;C:\Windows\system32;C:\Windows;C:\Windows\System32\Wbem;C:\Windows\System32\WindowsPowerShell\v1.0\;C:\Program Files\Git\cmd
USERNAME=viktor
OS=Windows_NT
PROCESSOR_IDENTIFIER=Intel64 Family 6 Model 60 Stepping 3, GenuineIntel



---------------  S Y S T E M  ---------------

OS: Windows 7 , 64 bit Build 7601 (6.1.7601.18015)
OS uptime: 3 days 20:09 hours

CPU:total 2 (initial active 2) (2 cores per cpu, 1 threads per core) family 6 model 60 stepping 3 microcode 0x0, cmov, cx8, fxsr, mmx, sse, sse2, sse3, ssse3, sse4.1, sse4.2, popcnt, clmul, erms, lzcnt, tsc, tscinvbit

Memory: 4k page, system-wide physical 6088M (1005M free)
TotalPageFile size 24350M (AvailPageFile size 4M)
current process WorkingSet (physical memory assigned to process): 55M, peak: 59M
current process commit charge ("private bytes"): 174M, peak: 177M

vm_info: OpenJDK 64-Bit Server VM (11.0.12+7-b1504.28-7817840) for windows-amd64 JRE (11.0.12+7-b1504.28-7817840), built on Oct 13 2021 22:12:33 by "builder" with MS VC++ 14.0 (VS2015)

END.
